-- The C compiler identification is GNU 11.4.0
-- The CXX compiler identification is GNU 11.4.0
-- Detecting C compiler ABI info
-- Detecting C compiler ABI info - done
-- Check for working C compiler: /usr/bin/cc - skipped
-- Detecting C compile features
-- Detecting C compile features - done
-- Detecting CXX compiler ABI info
-- Detecting CXX compiler ABI info - done
-- Check for working CXX compiler: /usr/bin/c++ - skipped
-- Detecting CXX compile features
-- Detecting CXX compile features - done
-- Found ament_cmake: 1.3.12 (/opt/ros/humble/share/ament_cmake/cmake)
-- Found Python3: /usr/bin/python3 (found version "3.10.12") found components: Interpreter 
-- Found rclcpp: 16.0.17 (/opt/ros/humble/share/rclcpp/cmake)
-- Found rosidl_generator_c: 3.1.8 (/opt/ros/humble/share/rosidl_generator_c/cmake)
-- Found rosidl_adapter: 3.1.8 (/opt/ros/humble/share/rosidl_adapter/cmake)
-- Found rosidl_generator_cpp: 3.1.8 (/opt/ros/humble/share/rosidl_generator_cpp/cmake)
-- Using all available rosidl_typesupport_c: rosidl_typesupport_fastrtps_c;rosidl_typesupport_introspection_c
-- Using all available rosidl_typesupport_cpp: rosidl_typesupport_fastrtps_cpp;rosidl_typesupport_introspection_cpp
-- Found rmw_implementation_cmake: 6.1.2 (/opt/ros/humble/share/rmw_implementation_cmake/cmake)
-- Found rmw_fastrtps_cpp: 6.2.9 (/opt/ros/humble/share/rmw_fastrtps_cpp/cmake)
-- Found OpenSSL: /usr/lib/x86_64-linux-gnu/libcrypto.so (found version "3.0.2")  
-- Found FastRTPS: /opt/ros/humble/include  
-- Using RMW implementation 'rmw_fastrtps_cpp' as default
-- Looking for pthread.h
-- Looking for pthread.h - found
-- Performing Test CMAKE_HAVE_LIBC_PTHREAD
-- Performing Test CMAKE_HAVE_LIBC_PTHREAD - Success
-- Found Threads: TRUE  
-- Found moveit_core: 2.5.9 (/home/xionggu/moveit2_ws/install/moveit_core/share/moveit_core/cmake)
-- Found Boost: /usr/lib/x86_64-linux-gnu/cmake/Boost-1.74.0/BoostConfig.cmake (found version "1.74.0") found components: chrono date_time filesystem iostreams program_options regex serialization system thread 
-- Found parameter_traits: 0.6.0 (/opt/ros/humble/share/parameter_traits/cmake)
-- Found rclcpp_lifecycle: 16.0.17 (/opt/ros/humble/share/rclcpp_lifecycle/cmake)
-- Found Boost: /usr/lib/x86_64-linux-gnu/cmake/Boost-1.74.0/BoostConfig.cmake (found version "1.74.0") found components: filesystem 
-- library: /usr/lib/x86_64-linux-gnu/libcurl.so
-- Found Eigen3: TRUE (found version "3.4.0") 
-- Ensuring Eigen3 include directory is part of orocos-kdl CMake target
-- Found moveit_ros_planning_interface: 2.5.9 (/home/xionggu/moveit2_ws/install/moveit_ros_planning_interface/share/moveit_ros_planning_interface/cmake)
-- Found Boost: /usr/lib/x86_64-linux-gnu/cmake/Boost-1.74.0/BoostConfig.cmake (found version "1.74.0") found components: date_time filesystem program_options system thread 
-- Found Boost: /usr/lib/x86_64-linux-gnu/cmake/Boost-1.74.0/BoostConfig.cmake (found version "1.74.0") found components: system filesystem date_time program_options thread chrono 
-- Found Boost: /usr/lib/x86_64-linux-gnu/cmake/Boost-1.74.0/BoostConfig.cmake (found version "1.74.0") found components: thread system filesystem regex date_time program_options 
-- Found Boost: /usr/lib/x86_64-linux-gnu/cmake/Boost-1.74.0/BoostConfig.cmake (found version "1.74.0") found components: system filesystem date_time program_options thread 
-- Configuring done
-- Generating done
-- Build files have been written to: /home/xionggu/cx_moveit_test/cx_moveit2/ws_moveit/build/cr7_robot_controller
[ 14%] [32mBuilding CXX object CMakeFiles/cr7_controller.dir/src/path/cr7_path_executor.cpp.o[0m
[ 28%] [32mBuilding CXX object CMakeFiles/cr7_controller.dir/src/pilz/cr7_pilz_planner.cpp.o[0m
[ 42%] [32mBuilding CXX object CMakeFiles/cr7_controller.dir/src/cartesian/cr7_cartesian_planner.cpp.o[0m
[ 57%] [32mBuilding CXX object CMakeFiles/cr7_controller.dir/src/cr7_robot_controller.cpp.o[0m
[ 71%] [32mBuilding CXX object CMakeFiles/cr7_controller.dir/src/base/cr7_base_controller.cpp.o[0m
[ 85%] [32mBuilding CXX object CMakeFiles/cr7_controller.dir/src/main.cpp.o[0m
[100%] [32m[1mLinking CXX executable cr7_controller[0m
[100%] Built target cr7_controller
-- Install configuration: ""
-- Installing: /home/xionggu/cx_moveit_test/cx_moveit2/ws_moveit/install/cr7_robot_controller/share/cr7_robot_controller/launch
-- Installing: /home/xionggu/cx_moveit_test/cx_moveit2/ws_moveit/install/cr7_robot_controller/share/cr7_robot_controller/launch/cr7_controller.launch.py
-- Installing: /home/xionggu/cx_moveit_test/cx_moveit2/ws_moveit/install/cr7_robot_controller/share/cr7_robot_controller/config
-- Installing: /home/xionggu/cx_moveit_test/cx_moveit2/ws_moveit/install/cr7_robot_controller/share/cr7_robot_controller/config/kinematics.yaml
-- Installing: /home/xionggu/cx_moveit_test/cx_moveit2/ws_moveit/install/cr7_robot_controller/share/ament_index/resource_index/package_run_dependencies/cr7_robot_controller
-- Installing: /home/xionggu/cx_moveit_test/cx_moveit2/ws_moveit/install/cr7_robot_controller/share/ament_index/resource_index/parent_prefix_path/cr7_robot_controller
-- Installing: /home/xionggu/cx_moveit_test/cx_moveit2/ws_moveit/install/cr7_robot_controller/share/cr7_robot_controller/environment/ament_prefix_path.sh
-- Installing: /home/xionggu/cx_moveit_test/cx_moveit2/ws_moveit/install/cr7_robot_controller/share/cr7_robot_controller/environment/ament_prefix_path.dsv
-- Installing: /home/xionggu/cx_moveit_test/cx_moveit2/ws_moveit/install/cr7_robot_controller/share/cr7_robot_controller/environment/path.sh
-- Installing: /home/xionggu/cx_moveit_test/cx_moveit2/ws_moveit/install/cr7_robot_controller/share/cr7_robot_controller/environment/path.dsv
-- Installing: /home/xionggu/cx_moveit_test/cx_moveit2/ws_moveit/install/cr7_robot_controller/share/cr7_robot_controller/local_setup.bash
-- Installing: /home/xionggu/cx_moveit_test/cx_moveit2/ws_moveit/install/cr7_robot_controller/share/cr7_robot_controller/local_setup.sh
-- Installing: /home/xionggu/cx_moveit_test/cx_moveit2/ws_moveit/install/cr7_robot_controller/share/cr7_robot_controller/local_setup.zsh
-- Installing: /home/xionggu/cx_moveit_test/cx_moveit2/ws_moveit/install/cr7_robot_controller/share/cr7_robot_controller/local_setup.dsv
-- Installing: /home/xionggu/cx_moveit_test/cx_moveit2/ws_moveit/install/cr7_robot_controller/share/cr7_robot_controller/package.dsv
-- Installing: /home/xionggu/cx_moveit_test/cx_moveit2/ws_moveit/install/cr7_robot_controller/share/ament_index/resource_index/packages/cr7_robot_controller
-- Installing: /home/xionggu/cx_moveit_test/cx_moveit2/ws_moveit/install/cr7_robot_controller/share/cr7_robot_controller/cmake/ament_cmake_export_dependencies-extras.cmake
-- Installing: /home/xionggu/cx_moveit_test/cx_moveit2/ws_moveit/install/cr7_robot_controller/share/cr7_robot_controller/cmake/cr7_robot_controllerConfig.cmake
-- Installing: /home/xionggu/cx_moveit_test/cx_moveit2/ws_moveit/install/cr7_robot_controller/share/cr7_robot_controller/cmake/cr7_robot_controllerConfig-version.cmake
-- Installing: /home/xionggu/cx_moveit_test/cx_moveit2/ws_moveit/install/cr7_robot_controller/share/cr7_robot_controller/package.xml
