[0.036s] Invoking command in '/home/xionggu/cx_moveit_test/cx_moveit2/ws_moveit/build/cr7_robot_controller': CMAKE_PREFIX_PATH=${CMAKE_PREFIX_PATH}:/home/xionggu/moveit2_ws/install/moveit_configs_utils:/home/xionggu/moveit2_ws/install/launch_param_builder:/home/xionggu/dobot_ws_test/install/servo_action:/home/xionggu/dobot_ws_test/install/dobot_moveit:/home/xionggu/dobot_ws_test/install/dobot_demo:/opt/ros/humble HISTTIMEFORMAT= %F %T /usr/bin/cmake --build /home/xionggu/cx_moveit_test/cx_moveit2/ws_moveit/build/cr7_robot_controller -- -j8 -l8
[0.086s] -- Found ament_cmake: 1.3.12 (/opt/ros/humble/share/ament_cmake/cmake)
[0.302s] -- Found rclcpp: 16.0.17 (/opt/ros/humble/share/rclcpp/cmake)
[0.339s] -- Found rosidl_generator_c: 3.1.8 (/opt/ros/humble/share/rosidl_generator_c/cmake)
[0.342s] -- Found rosidl_adapter: 3.1.8 (/opt/ros/humble/share/rosidl_adapter/cmake)
[0.347s] -- Found rosidl_generator_cpp: 3.1.8 (/opt/ros/humble/share/rosidl_generator_cpp/cmake)
[0.358s] -- Using all available rosidl_typesupport_c: rosidl_typesupport_fastrtps_c;rosidl_typesupport_introspection_c
[0.371s] -- Using all available rosidl_typesupport_cpp: rosidl_typesupport_fastrtps_cpp;rosidl_typesupport_introspection_cpp
[0.420s] -- Found rmw_implementation_cmake: 6.1.2 (/opt/ros/humble/share/rmw_implementation_cmake/cmake)
[0.423s] -- Found rmw_fastrtps_cpp: 6.2.9 (/opt/ros/humble/share/rmw_fastrtps_cpp/cmake)
[0.567s] -- Using RMW implementation 'rmw_fastrtps_cpp' as default
[0.608s] -- Found moveit_core: 2.5.9 (/home/xionggu/moveit2_ws/install/moveit_core/share/moveit_core/cmake)
[0.630s] -- Found Boost: /usr/lib/x86_64-linux-gnu/cmake/Boost-1.74.0/BoostConfig.cmake (found version "1.74.0") found components: chrono date_time filesystem iostreams program_options regex serialization system thread 
[0.660s] -- Found parameter_traits: 0.6.0 (/opt/ros/humble/share/parameter_traits/cmake)
[0.666s] -- Found rclcpp_lifecycle: 16.0.17 (/opt/ros/humble/share/rclcpp_lifecycle/cmake)
[0.684s] -- Found Boost: /usr/lib/x86_64-linux-gnu/cmake/Boost-1.74.0/BoostConfig.cmake (found version "1.74.0") found components: filesystem 
[0.738s] -- library: /usr/lib/x86_64-linux-gnu/libcurl.so
[0.793s] -- Ensuring Eigen3 include directory is part of orocos-kdl CMake target
[0.983s] -- Found moveit_ros_planning_interface: 2.5.9 (/home/xionggu/moveit2_ws/install/moveit_ros_planning_interface/share/moveit_ros_planning_interface/cmake)
[0.987s] -- Found Boost: /usr/lib/x86_64-linux-gnu/cmake/Boost-1.74.0/BoostConfig.cmake (found version "1.74.0") found components: date_time filesystem program_options system thread 
[0.997s] -- Found Boost: /usr/lib/x86_64-linux-gnu/cmake/Boost-1.74.0/BoostConfig.cmake (found version "1.74.0") found components: system filesystem date_time program_options thread chrono 
[1.024s] -- Found Boost: /usr/lib/x86_64-linux-gnu/cmake/Boost-1.74.0/BoostConfig.cmake (found version "1.74.0") found components: thread system filesystem regex date_time program_options 
[1.050s] -- Found Boost: /usr/lib/x86_64-linux-gnu/cmake/Boost-1.74.0/BoostConfig.cmake (found version "1.74.0") found components: system filesystem date_time program_options thread 
[1.153s] -- Configuring done
[1.191s] -- Generating done
[1.197s] -- Build files have been written to: /home/xionggu/cx_moveit_test/cx_moveit2/ws_moveit/build/cr7_robot_controller
[1.248s] [35m[1mConsolidate compiler generated dependencies of target cr7_controller[0m
[1.315s] [ 14%] [32m[1mLinking CXX executable cr7_controller[0m
[1.773s] [100%] Built target cr7_controller
[1.794s] Invoked command in '/home/xionggu/cx_moveit_test/cx_moveit2/ws_moveit/build/cr7_robot_controller' returned '0': CMAKE_PREFIX_PATH=${CMAKE_PREFIX_PATH}:/home/xionggu/moveit2_ws/install/moveit_configs_utils:/home/xionggu/moveit2_ws/install/launch_param_builder:/home/xionggu/dobot_ws_test/install/servo_action:/home/xionggu/dobot_ws_test/install/dobot_moveit:/home/xionggu/dobot_ws_test/install/dobot_demo:/opt/ros/humble HISTTIMEFORMAT= %F %T /usr/bin/cmake --build /home/xionggu/cx_moveit_test/cx_moveit2/ws_moveit/build/cr7_robot_controller -- -j8 -l8
[1.796s] Invoking command in '/home/xionggu/cx_moveit_test/cx_moveit2/ws_moveit/build/cr7_robot_controller': CMAKE_PREFIX_PATH=${CMAKE_PREFIX_PATH}:/home/xionggu/moveit2_ws/install/moveit_configs_utils:/home/xionggu/moveit2_ws/install/launch_param_builder:/home/xionggu/dobot_ws_test/install/servo_action:/home/xionggu/dobot_ws_test/install/dobot_moveit:/home/xionggu/dobot_ws_test/install/dobot_demo:/opt/ros/humble HISTTIMEFORMAT= %F %T /usr/bin/cmake --install /home/xionggu/cx_moveit_test/cx_moveit2/ws_moveit/build/cr7_robot_controller
[1.808s] -- Install configuration: ""
[1.808s] -- Installing: /home/xionggu/cx_moveit_test/cx_moveit2/ws_moveit/install/cr7_robot_controller/lib/cr7_robot_controller/cr7_controller
[1.810s] -- Set runtime path of "/home/xionggu/cx_moveit_test/cx_moveit2/ws_moveit/install/cr7_robot_controller/lib/cr7_robot_controller/cr7_controller" to ""
[1.810s] -- Up-to-date: /home/xionggu/cx_moveit_test/cx_moveit2/ws_moveit/install/cr7_robot_controller/share/cr7_robot_controller/launch
[1.811s] -- Up-to-date: /home/xionggu/cx_moveit_test/cx_moveit2/ws_moveit/install/cr7_robot_controller/share/cr7_robot_controller/launch/cr7_controller.launch.py
[1.811s] -- Up-to-date: /home/xionggu/cx_moveit_test/cx_moveit2/ws_moveit/install/cr7_robot_controller/share/cr7_robot_controller/config
[1.811s] -- Up-to-date: /home/xionggu/cx_moveit_test/cx_moveit2/ws_moveit/install/cr7_robot_controller/share/cr7_robot_controller/config/kinematics.yaml
[1.811s] -- Up-to-date: /home/xionggu/cx_moveit_test/cx_moveit2/ws_moveit/install/cr7_robot_controller/share/ament_index/resource_index/package_run_dependencies/cr7_robot_controller
[1.811s] -- Up-to-date: /home/xionggu/cx_moveit_test/cx_moveit2/ws_moveit/install/cr7_robot_controller/share/ament_index/resource_index/parent_prefix_path/cr7_robot_controller
[1.811s] -- Up-to-date: /home/xionggu/cx_moveit_test/cx_moveit2/ws_moveit/install/cr7_robot_controller/share/cr7_robot_controller/environment/ament_prefix_path.sh
[1.811s] -- Installing: /home/xionggu/cx_moveit_test/cx_moveit2/ws_moveit/install/cr7_robot_controller/share/cr7_robot_controller/environment/ament_prefix_path.dsv
[1.811s] -- Up-to-date: /home/xionggu/cx_moveit_test/cx_moveit2/ws_moveit/install/cr7_robot_controller/share/cr7_robot_controller/environment/path.sh
[1.811s] -- Installing: /home/xionggu/cx_moveit_test/cx_moveit2/ws_moveit/install/cr7_robot_controller/share/cr7_robot_controller/environment/path.dsv
[1.812s] -- Up-to-date: /home/xionggu/cx_moveit_test/cx_moveit2/ws_moveit/install/cr7_robot_controller/share/cr7_robot_controller/local_setup.bash
[1.812s] -- Up-to-date: /home/xionggu/cx_moveit_test/cx_moveit2/ws_moveit/install/cr7_robot_controller/share/cr7_robot_controller/local_setup.sh
[1.812s] -- Up-to-date: /home/xionggu/cx_moveit_test/cx_moveit2/ws_moveit/install/cr7_robot_controller/share/cr7_robot_controller/local_setup.zsh
[1.812s] -- Installing: /home/xionggu/cx_moveit_test/cx_moveit2/ws_moveit/install/cr7_robot_controller/share/cr7_robot_controller/local_setup.dsv
[1.812s] -- Installing: /home/xionggu/cx_moveit_test/cx_moveit2/ws_moveit/install/cr7_robot_controller/share/cr7_robot_controller/package.dsv
[1.812s] -- Up-to-date: /home/xionggu/cx_moveit_test/cx_moveit2/ws_moveit/install/cr7_robot_controller/share/ament_index/resource_index/packages/cr7_robot_controller
[1.812s] -- Up-to-date: /home/xionggu/cx_moveit_test/cx_moveit2/ws_moveit/install/cr7_robot_controller/share/cr7_robot_controller/cmake/ament_cmake_export_dependencies-extras.cmake
[1.813s] -- Up-to-date: /home/xionggu/cx_moveit_test/cx_moveit2/ws_moveit/install/cr7_robot_controller/share/cr7_robot_controller/cmake/cr7_robot_controllerConfig.cmake
[1.813s] -- Up-to-date: /home/xionggu/cx_moveit_test/cx_moveit2/ws_moveit/install/cr7_robot_controller/share/cr7_robot_controller/cmake/cr7_robot_controllerConfig-version.cmake
[1.813s] -- Up-to-date: /home/xionggu/cx_moveit_test/cx_moveit2/ws_moveit/install/cr7_robot_controller/share/cr7_robot_controller/package.xml
[1.819s] Invoked command in '/home/xionggu/cx_moveit_test/cx_moveit2/ws_moveit/build/cr7_robot_controller' returned '0': CMAKE_PREFIX_PATH=${CMAKE_PREFIX_PATH}:/home/xionggu/moveit2_ws/install/moveit_configs_utils:/home/xionggu/moveit2_ws/install/launch_param_builder:/home/xionggu/dobot_ws_test/install/servo_action:/home/xionggu/dobot_ws_test/install/dobot_moveit:/home/xionggu/dobot_ws_test/install/dobot_demo:/opt/ros/humble HISTTIMEFORMAT= %F %T /usr/bin/cmake --install /home/xionggu/cx_moveit_test/cx_moveit2/ws_moveit/build/cr7_robot_controller
