[0.031s] Invoking command in '/home/xionggu/cx_moveit/ws_moveit/build/cr7_robot_controller': CMAKE_PREFIX_PATH=${CMAKE_PREFIX_PATH}:/home/xionggu/moveit2_ws/install/moveit_configs_utils:/home/xionggu/moveit2_ws/install/launch_param_builder:/home/xionggu/dobot_ws_test/install/servo_action:/home/xionggu/dobot_ws_test/install/dobot_moveit:/home/xionggu/dobot_ws_test/install/dobot_demo:/opt/ros/humble HISTTIMEFORMAT= %F %T /usr/bin/cmake --build /home/xionggu/cx_moveit/ws_moveit/build/cr7_robot_controller -- -j8 -l8
[0.087s] -- Found ament_cmake: 1.3.12 (/opt/ros/humble/share/ament_cmake/cmake)
[0.350s] -- Found rclcpp: 16.0.17 (/opt/ros/humble/share/rclcpp/cmake)
[0.380s] -- Found rosidl_generator_c: 3.1.8 (/opt/ros/humble/share/rosidl_generator_c/cmake)
[0.382s] -- Found rosidl_adapter: 3.1.8 (/opt/ros/humble/share/rosidl_adapter/cmake)
[0.401s] -- Found rosidl_generator_cpp: 3.1.8 (/opt/ros/humble/share/rosidl_generator_cpp/cmake)
[0.413s] -- Using all available rosidl_typesupport_c: rosidl_typesupport_fastrtps_c;rosidl_typesupport_introspection_c
[0.427s] -- Using all available rosidl_typesupport_cpp: rosidl_typesupport_fastrtps_cpp;rosidl_typesupport_introspection_cpp
[0.458s] -- Found rmw_implementation_cmake: 6.1.2 (/opt/ros/humble/share/rmw_implementation_cmake/cmake)
[0.463s] -- Found rmw_fastrtps_cpp: 6.2.9 (/opt/ros/humble/share/rmw_fastrtps_cpp/cmake)
[0.604s] -- Using RMW implementation 'rmw_fastrtps_cpp' as default
[0.651s] -- Found moveit_ros_planning_interface: 2.5.9 (/home/xionggu/moveit2_ws/install/moveit_ros_planning_interface/share/moveit_ros_planning_interface/cmake)
[0.661s] -- Found Boost: /usr/lib/x86_64-linux-gnu/cmake/Boost-1.74.0/BoostConfig.cmake (found version "1.74.0") found components: date_time filesystem program_options system thread 
[0.797s] -- Found Boost: /usr/lib/x86_64-linux-gnu/cmake/Boost-1.74.0/BoostConfig.cmake (found version "1.74.0") found components: chrono date_time filesystem iostreams program_options regex serialization system thread 
[0.828s] -- Found parameter_traits: 0.6.0 (/opt/ros/humble/share/parameter_traits/cmake)
[0.842s] -- Found rclcpp_lifecycle: 16.0.17 (/opt/ros/humble/share/rclcpp_lifecycle/cmake)
[0.856s] -- Found Boost: /usr/lib/x86_64-linux-gnu/cmake/Boost-1.74.0/BoostConfig.cmake (found version "1.74.0") found components: filesystem 
[0.902s] -- library: /usr/lib/x86_64-linux-gnu/libcurl.so
[0.930s] -- Ensuring Eigen3 include directory is part of orocos-kdl CMake target
[1.032s] -- Found Boost: /usr/lib/x86_64-linux-gnu/cmake/Boost-1.74.0/BoostConfig.cmake (found version "1.74.0") found components: system filesystem date_time program_options thread chrono 
[1.059s] -- Found Boost: /usr/lib/x86_64-linux-gnu/cmake/Boost-1.74.0/BoostConfig.cmake (found version "1.74.0") found components: thread system filesystem regex date_time program_options 
[1.076s] -- Found Boost: /usr/lib/x86_64-linux-gnu/cmake/Boost-1.74.0/BoostConfig.cmake (found version "1.74.0") found components: system filesystem date_time program_options thread 
[1.193s] -- Configuring done
[1.235s] -- Generating done
[1.239s] -- Build files have been written to: /home/xionggu/cx_moveit/ws_moveit/build/cr7_robot_controller
[1.289s] [35m[1mConsolidate compiler generated dependencies of target cr7_controller[0m
[1.340s] [ 33%] [32mBuilding CXX object CMakeFiles/cr7_controller.dir/src/cr7_robot_controller.cpp.o[0m
[7.550s] [ 66%] [32m[1mLinking CXX executable cr7_controller[0m
[7.986s] [100%] Built target cr7_controller
[8.014s] Invoked command in '/home/xionggu/cx_moveit/ws_moveit/build/cr7_robot_controller' returned '0': CMAKE_PREFIX_PATH=${CMAKE_PREFIX_PATH}:/home/xionggu/moveit2_ws/install/moveit_configs_utils:/home/xionggu/moveit2_ws/install/launch_param_builder:/home/xionggu/dobot_ws_test/install/servo_action:/home/xionggu/dobot_ws_test/install/dobot_moveit:/home/xionggu/dobot_ws_test/install/dobot_demo:/opt/ros/humble HISTTIMEFORMAT= %F %T /usr/bin/cmake --build /home/xionggu/cx_moveit/ws_moveit/build/cr7_robot_controller -- -j8 -l8
[8.018s] Invoking command in '/home/xionggu/cx_moveit/ws_moveit/build/cr7_robot_controller': CMAKE_PREFIX_PATH=${CMAKE_PREFIX_PATH}:/home/xionggu/moveit2_ws/install/moveit_configs_utils:/home/xionggu/moveit2_ws/install/launch_param_builder:/home/xionggu/dobot_ws_test/install/servo_action:/home/xionggu/dobot_ws_test/install/dobot_moveit:/home/xionggu/dobot_ws_test/install/dobot_demo:/opt/ros/humble HISTTIMEFORMAT= %F %T /usr/bin/cmake --install /home/xionggu/cx_moveit/ws_moveit/build/cr7_robot_controller
[8.037s] -- Install configuration: ""
[8.037s] -- Installing: /home/xionggu/cx_moveit/ws_moveit/install/cr7_robot_controller/lib/cr7_robot_controller/cr7_controller
[8.038s] -- Set runtime path of "/home/xionggu/cx_moveit/ws_moveit/install/cr7_robot_controller/lib/cr7_robot_controller/cr7_controller" to ""
[8.038s] -- Up-to-date: /home/xionggu/cx_moveit/ws_moveit/install/cr7_robot_controller/share/cr7_robot_controller/launch
[8.039s] -- Up-to-date: /home/xionggu/cx_moveit/ws_moveit/install/cr7_robot_controller/share/cr7_robot_controller/launch/cr7_controller.launch.py
[8.039s] -- Up-to-date: /home/xionggu/cx_moveit/ws_moveit/install/cr7_robot_controller/share/cr7_robot_controller/config
[8.039s] -- Up-to-date: /home/xionggu/cx_moveit/ws_moveit/install/cr7_robot_controller/share/cr7_robot_controller/config/kinematics.yaml
[8.039s] -- Up-to-date: /home/xionggu/cx_moveit/ws_moveit/install/cr7_robot_controller/share/ament_index/resource_index/package_run_dependencies/cr7_robot_controller
[8.039s] -- Up-to-date: /home/xionggu/cx_moveit/ws_moveit/install/cr7_robot_controller/share/ament_index/resource_index/parent_prefix_path/cr7_robot_controller
[8.039s] -- Up-to-date: /home/xionggu/cx_moveit/ws_moveit/install/cr7_robot_controller/share/cr7_robot_controller/environment/ament_prefix_path.sh
[8.039s] -- Installing: /home/xionggu/cx_moveit/ws_moveit/install/cr7_robot_controller/share/cr7_robot_controller/environment/ament_prefix_path.dsv
[8.039s] -- Up-to-date: /home/xionggu/cx_moveit/ws_moveit/install/cr7_robot_controller/share/cr7_robot_controller/environment/path.sh
[8.039s] -- Installing: /home/xionggu/cx_moveit/ws_moveit/install/cr7_robot_controller/share/cr7_robot_controller/environment/path.dsv
[8.039s] -- Up-to-date: /home/xionggu/cx_moveit/ws_moveit/install/cr7_robot_controller/share/cr7_robot_controller/local_setup.bash
[8.039s] -- Up-to-date: /home/xionggu/cx_moveit/ws_moveit/install/cr7_robot_controller/share/cr7_robot_controller/local_setup.sh
[8.042s] -- Up-to-date: /home/xionggu/cx_moveit/ws_moveit/install/cr7_robot_controller/share/cr7_robot_controller/local_setup.zsh
[8.042s] -- Installing: /home/xionggu/cx_moveit/ws_moveit/install/cr7_robot_controller/share/cr7_robot_controller/local_setup.dsv
[8.042s] -- Installing: /home/xionggu/cx_moveit/ws_moveit/install/cr7_robot_controller/share/cr7_robot_controller/package.dsv
[8.042s] -- Up-to-date: /home/xionggu/cx_moveit/ws_moveit/install/cr7_robot_controller/share/ament_index/resource_index/packages/cr7_robot_controller
[8.042s] -- Up-to-date: /home/xionggu/cx_moveit/ws_moveit/install/cr7_robot_controller/share/cr7_robot_controller/cmake/ament_cmake_export_dependencies-extras.cmake
[8.042s] -- Up-to-date: /home/xionggu/cx_moveit/ws_moveit/install/cr7_robot_controller/share/cr7_robot_controller/cmake/cr7_robot_controllerConfig.cmake
[8.042s] -- Up-to-date: /home/xionggu/cx_moveit/ws_moveit/install/cr7_robot_controller/share/cr7_robot_controller/cmake/cr7_robot_controllerConfig-version.cmake
[8.042s] -- Up-to-date: /home/xionggu/cx_moveit/ws_moveit/install/cr7_robot_controller/share/cr7_robot_controller/package.xml
[8.042s] Invoked command in '/home/xionggu/cx_moveit/ws_moveit/build/cr7_robot_controller' returned '0': CMAKE_PREFIX_PATH=${CMAKE_PREFIX_PATH}:/home/xionggu/moveit2_ws/install/moveit_configs_utils:/home/xionggu/moveit2_ws/install/launch_param_builder:/home/xionggu/dobot_ws_test/install/servo_action:/home/xionggu/dobot_ws_test/install/dobot_moveit:/home/xionggu/dobot_ws_test/install/dobot_demo:/opt/ros/humble HISTTIMEFORMAT= %F %T /usr/bin/cmake --install /home/xionggu/cx_moveit/ws_moveit/build/cr7_robot_controller
