[0.063s] Invoking command in '/home/xionggu/cx_moveit/ws_moveit/build/cr7_robot_controller': CMAKE_PREFIX_PATH=${CMAKE_PREFIX_PATH}:/home/xionggu/moveit2_ws/install/moveit_configs_utils:/home/xionggu/moveit2_ws/install/launch_param_builder:/home/xionggu/dobot_ws_test/install/servo_action:/home/xionggu/dobot_ws_test/install/dobot_moveit:/home/xionggu/dobot_ws_test/install/dobot_demo:/opt/ros/humble HISTTIMEFORMAT= %F %T /usr/bin/cmake --build /home/xionggu/cx_moveit/ws_moveit/build/cr7_robot_controller -- -j8 -l8
[0.107s] -- Found ament_cmake: 1.3.12 (/opt/ros/humble/share/ament_cmake/cmake)
[0.337s] -- Found rclcpp: 16.0.17 (/opt/ros/humble/share/rclcpp/cmake)
[0.363s] -- Found rosidl_generator_c: 3.1.8 (/opt/ros/humble/share/rosidl_generator_c/cmake)
[0.366s] -- Found rosidl_adapter: 3.1.8 (/opt/ros/humble/share/rosidl_adapter/cmake)
[0.376s] -- Found rosidl_generator_cpp: 3.1.8 (/opt/ros/humble/share/rosidl_generator_cpp/cmake)
[0.387s] -- Using all available rosidl_typesupport_c: rosidl_typesupport_fastrtps_c;rosidl_typesupport_introspection_c
[0.402s] -- Using all available rosidl_typesupport_cpp: rosidl_typesupport_fastrtps_cpp;rosidl_typesupport_introspection_cpp
[0.437s] -- Found rmw_implementation_cmake: 6.1.2 (/opt/ros/humble/share/rmw_implementation_cmake/cmake)
[0.443s] -- Found rmw_fastrtps_cpp: 6.2.9 (/opt/ros/humble/share/rmw_fastrtps_cpp/cmake)
[0.582s] -- Using RMW implementation 'rmw_fastrtps_cpp' as default
[0.624s] -- Found moveit_ros_planning_interface: 2.5.9 (/home/xionggu/moveit2_ws/install/moveit_ros_planning_interface/share/moveit_ros_planning_interface/cmake)
[0.637s] -- Found Boost: /usr/lib/x86_64-linux-gnu/cmake/Boost-1.74.0/BoostConfig.cmake (found version "1.74.0") found components: date_time filesystem program_options system thread 
[0.774s] -- Found Boost: /usr/lib/x86_64-linux-gnu/cmake/Boost-1.74.0/BoostConfig.cmake (found version "1.74.0") found components: chrono date_time filesystem iostreams program_options regex serialization system thread 
[0.803s] -- Found parameter_traits: 0.6.0 (/opt/ros/humble/share/parameter_traits/cmake)
[0.810s] -- Found rclcpp_lifecycle: 16.0.17 (/opt/ros/humble/share/rclcpp_lifecycle/cmake)
[0.832s] -- Found Boost: /usr/lib/x86_64-linux-gnu/cmake/Boost-1.74.0/BoostConfig.cmake (found version "1.74.0") found components: filesystem 
[0.877s] -- library: /usr/lib/x86_64-linux-gnu/libcurl.so
[0.900s] -- Ensuring Eigen3 include directory is part of orocos-kdl CMake target
[1.003s] -- Found Boost: /usr/lib/x86_64-linux-gnu/cmake/Boost-1.74.0/BoostConfig.cmake (found version "1.74.0") found components: system filesystem date_time program_options thread chrono 
[1.029s] -- Found Boost: /usr/lib/x86_64-linux-gnu/cmake/Boost-1.74.0/BoostConfig.cmake (found version "1.74.0") found components: thread system filesystem regex date_time program_options 
[1.048s] -- Found Boost: /usr/lib/x86_64-linux-gnu/cmake/Boost-1.74.0/BoostConfig.cmake (found version "1.74.0") found components: system filesystem date_time program_options thread 
[1.154s] -- Configuring done
[1.190s] -- Generating done
[1.197s] -- Build files have been written to: /home/xionggu/cx_moveit/ws_moveit/build/cr7_robot_controller
[1.260s] [35m[1mConsolidate compiler generated dependencies of target cr7_controller[0m
[1.278s] [ 20%] [32mBuilding CXX object CMakeFiles/joint_state_publisher.dir/src/joint_state_publisher.cpp.o[0m
[1.309s] [ 40%] [32mBuilding CXX object CMakeFiles/cr7_controller.dir/src/main.cpp.o[0m
[4.983s] [ 60%] [32m[1mLinking CXX executable joint_state_publisher[0m
[5.212s] [ 60%] Built target joint_state_publisher
[7.383s] [ 80%] [32m[1mLinking CXX executable cr7_controller[0m
[7.739s] [100%] Built target cr7_controller
[7.763s] Invoked command in '/home/xionggu/cx_moveit/ws_moveit/build/cr7_robot_controller' returned '0': CMAKE_PREFIX_PATH=${CMAKE_PREFIX_PATH}:/home/xionggu/moveit2_ws/install/moveit_configs_utils:/home/xionggu/moveit2_ws/install/launch_param_builder:/home/xionggu/dobot_ws_test/install/servo_action:/home/xionggu/dobot_ws_test/install/dobot_moveit:/home/xionggu/dobot_ws_test/install/dobot_demo:/opt/ros/humble HISTTIMEFORMAT= %F %T /usr/bin/cmake --build /home/xionggu/cx_moveit/ws_moveit/build/cr7_robot_controller -- -j8 -l8
[7.765s] Invoking command in '/home/xionggu/cx_moveit/ws_moveit/build/cr7_robot_controller': CMAKE_PREFIX_PATH=${CMAKE_PREFIX_PATH}:/home/xionggu/moveit2_ws/install/moveit_configs_utils:/home/xionggu/moveit2_ws/install/launch_param_builder:/home/xionggu/dobot_ws_test/install/servo_action:/home/xionggu/dobot_ws_test/install/dobot_moveit:/home/xionggu/dobot_ws_test/install/dobot_demo:/opt/ros/humble HISTTIMEFORMAT= %F %T /usr/bin/cmake --install /home/xionggu/cx_moveit/ws_moveit/build/cr7_robot_controller
[7.777s] -- Install configuration: ""
[7.777s] -- Installing: /home/xionggu/cx_moveit/ws_moveit/install/cr7_robot_controller/lib/cr7_robot_controller/cr7_controller
[7.778s] -- Set runtime path of "/home/xionggu/cx_moveit/ws_moveit/install/cr7_robot_controller/lib/cr7_robot_controller/cr7_controller" to ""
[7.778s] -- Up-to-date: /home/xionggu/cx_moveit/ws_moveit/install/cr7_robot_controller/share/cr7_robot_controller/launch
[7.778s] -- Up-to-date: /home/xionggu/cx_moveit/ws_moveit/install/cr7_robot_controller/share/cr7_robot_controller/launch/cr7_controller.launch.py
[7.778s] -- Up-to-date: /home/xionggu/cx_moveit/ws_moveit/install/cr7_robot_controller/share/cr7_robot_controller/config
[7.778s] -- Installing: /home/xionggu/cx_moveit/ws_moveit/install/cr7_robot_controller/share/cr7_robot_controller/config/kinematics.yaml
[7.778s] -- Installing: /home/xionggu/cx_moveit/ws_moveit/install/cr7_robot_controller/lib/cr7_robot_controller/joint_state_publisher
[7.780s] -- Set runtime path of "/home/xionggu/cx_moveit/ws_moveit/install/cr7_robot_controller/lib/cr7_robot_controller/joint_state_publisher" to ""
[7.780s] -- Up-to-date: /home/xionggu/cx_moveit/ws_moveit/install/cr7_robot_controller/share/ament_index/resource_index/package_run_dependencies/cr7_robot_controller
[7.780s] -- Installing: /home/xionggu/cx_moveit/ws_moveit/install/cr7_robot_controller/share/ament_index/resource_index/parent_prefix_path/cr7_robot_controller
[7.780s] -- Up-to-date: /home/xionggu/cx_moveit/ws_moveit/install/cr7_robot_controller/share/cr7_robot_controller/environment/ament_prefix_path.sh
[7.780s] -- Installing: /home/xionggu/cx_moveit/ws_moveit/install/cr7_robot_controller/share/cr7_robot_controller/environment/ament_prefix_path.dsv
[7.780s] -- Up-to-date: /home/xionggu/cx_moveit/ws_moveit/install/cr7_robot_controller/share/cr7_robot_controller/environment/path.sh
[7.780s] -- Installing: /home/xionggu/cx_moveit/ws_moveit/install/cr7_robot_controller/share/cr7_robot_controller/environment/path.dsv
[7.780s] -- Up-to-date: /home/xionggu/cx_moveit/ws_moveit/install/cr7_robot_controller/share/cr7_robot_controller/local_setup.bash
[7.780s] -- Up-to-date: /home/xionggu/cx_moveit/ws_moveit/install/cr7_robot_controller/share/cr7_robot_controller/local_setup.sh
[7.780s] -- Up-to-date: /home/xionggu/cx_moveit/ws_moveit/install/cr7_robot_controller/share/cr7_robot_controller/local_setup.zsh
[7.780s] -- Installing: /home/xionggu/cx_moveit/ws_moveit/install/cr7_robot_controller/share/cr7_robot_controller/local_setup.dsv
[7.780s] -- Installing: /home/xionggu/cx_moveit/ws_moveit/install/cr7_robot_controller/share/cr7_robot_controller/package.dsv
[7.780s] -- Up-to-date: /home/xionggu/cx_moveit/ws_moveit/install/cr7_robot_controller/share/ament_index/resource_index/packages/cr7_robot_controller
[7.781s] -- Up-to-date: /home/xionggu/cx_moveit/ws_moveit/install/cr7_robot_controller/share/cr7_robot_controller/cmake/ament_cmake_export_dependencies-extras.cmake
[7.781s] -- Up-to-date: /home/xionggu/cx_moveit/ws_moveit/install/cr7_robot_controller/share/cr7_robot_controller/cmake/cr7_robot_controllerConfig.cmake
[7.781s] -- Up-to-date: /home/xionggu/cx_moveit/ws_moveit/install/cr7_robot_controller/share/cr7_robot_controller/cmake/cr7_robot_controllerConfig-version.cmake
[7.781s] -- Up-to-date: /home/xionggu/cx_moveit/ws_moveit/install/cr7_robot_controller/share/cr7_robot_controller/package.xml
[7.787s] Invoked command in '/home/xionggu/cx_moveit/ws_moveit/build/cr7_robot_controller' returned '0': CMAKE_PREFIX_PATH=${CMAKE_PREFIX_PATH}:/home/xionggu/moveit2_ws/install/moveit_configs_utils:/home/xionggu/moveit2_ws/install/launch_param_builder:/home/xionggu/dobot_ws_test/install/servo_action:/home/xionggu/dobot_ws_test/install/dobot_moveit:/home/xionggu/dobot_ws_test/install/dobot_demo:/opt/ros/humble HISTTIMEFORMAT= %F %T /usr/bin/cmake --install /home/xionggu/cx_moveit/ws_moveit/build/cr7_robot_controller
