[ 33%] [32mBuilding CXX object CMakeFiles/cr7_controller.dir/src/cr7_robot_controller.cpp.o[0m
[01m[K/home/xionggu/cx_moveit/ws_moveit/src/cr7_robot_controller/src/cr7_robot_controller.cpp:[m[K In member function ‘[01m[Kcr7_controller::CR7RobotController::Result cr7_controller::CR7RobotController::executeCartesianPath(const std::vector<cr7_controller::Waypoint>&, const cr7_controller::CR7RobotController::CartesianPathConfig&)[m[K’:
[01m[K/home/xionggu/cx_moveit/ws_moveit/src/cr7_robot_controller/src/cr7_robot_controller.cpp:397:9:[m[K [01;31m[Kerror: [m[K‘[01m[KsaveTrajectoryAnalysis[m[K’ was not declared in this scope
  397 |         [01;31m[KsaveTrajectoryAnalysis[m[K(trajectory, "original_trajectory");
      |         [01;31m[K^~~~~~~~~~~~~~~~~~~~~~[m[K
[01m[K/home/xionggu/cx_moveit/ws_moveit/src/cr7_robot_controller/src/cr7_robot_controller.cpp:400:14:[m[K [01;31m[Kerror: [m[K‘[01m[KoptimizeTrajectoryLight[m[K’ was not declared in this scope; did you mean ‘[01m[KoptimizeTrajectory[m[K’?
  400 |         if (![01;31m[KoptimizeTrajectoryLight[m[K(trajectory)) {
      |              [01;31m[K^~~~~~~~~~~~~~~~~~~~~~~[m[K
      |              [32m[KoptimizeTrajectory[m[K
[01m[K/home/xionggu/cx_moveit/ws_moveit/src/cr7_robot_controller/src/cr7_robot_controller.cpp:421:9:[m[K [01;31m[Kerror: [m[K‘[01m[KprintTrajectoryInfo[m[K’ was not declared in this scope
  421 |         [01;31m[KprintTrajectoryInfo[m[K(trajectory);
      |         [01;31m[K^~~~~~~~~~~~~~~~~~~[m[K
[01m[K/home/xionggu/cx_moveit/ws_moveit/src/cr7_robot_controller/src/cr7_robot_controller.cpp:[m[K In member function ‘[01m[Kbool cr7_controller::CR7RobotController::preprocessWaypoints(const std::vector<cr7_controller::Waypoint>&, std::vector<geometry_msgs::msg::Pose_<std::allocator<void> > >&, const cr7_controller::CR7RobotController::CartesianPathConfig&)[m[K’:
[01m[K/home/xionggu/cx_moveit/ws_moveit/src/cr7_robot_controller/src/cr7_robot_controller.cpp:579:5:[m[K [01;31m[Kerror: [m[K‘[01m[KsaveWaypointAnalysis[m[K’ was not declared in this scope
  579 |     [01;31m[KsaveWaypointAnalysis[m[K(output_poses, "preprocessed_waypoints");
      |     [01;31m[K^~~~~~~~~~~~~~~~~~~~[m[K
[01m[K/home/xionggu/cx_moveit/ws_moveit/src/cr7_robot_controller/src/cr7_robot_controller.cpp:[m[K At global scope:
[01m[K/home/xionggu/cx_moveit/ws_moveit/src/cr7_robot_controller/src/cr7_robot_controller.cpp:931:6:[m[K [01;31m[Kerror: [m[Kno declaration matches ‘[01m[Kbool cr7_controller::CR7RobotController::optimizeTrajectoryLight(moveit_msgs::msg::RobotTrajectory&)[m[K’
  931 | bool [01;31m[KCR7RobotController[m[K::optimizeTrajectoryLight(moveit_msgs::msg::RobotTrajectory& trajectory) {
      |      [01;31m[K^~~~~~~~~~~~~~~~~~[m[K
[01m[K/home/xionggu/cx_moveit/ws_moveit/src/cr7_robot_controller/src/cr7_robot_controller.cpp:931:6:[m[K [01;36m[Knote: [m[Kno functions named ‘[01m[Kbool cr7_controller::CR7RobotController::optimizeTrajectoryLight(moveit_msgs::msg::RobotTrajectory&)[m[K’
In file included from [01m[K/home/xionggu/cx_moveit/ws_moveit/src/cr7_robot_controller/src/cr7_robot_controller.cpp:8[m[K:
[01m[K/home/xionggu/cx_moveit/ws_moveit/src/cr7_robot_controller/include/cr7_robot_controller/cr7_robot_controller.hpp:86:7:[m[K [01;36m[Knote: [m[K‘[01m[Kclass cr7_controller::CR7RobotController[m[K’ defined here
   86 | class [01;36m[KCR7RobotController[m[K {
      |       [01;36m[K^~~~~~~~~~~~~~~~~~[m[K
[01m[K/home/xionggu/cx_moveit/ws_moveit/src/cr7_robot_controller/src/cr7_robot_controller.cpp:975:6:[m[K [01;31m[Kerror: [m[Kno declaration matches ‘[01m[Kbool cr7_controller::CR7RobotController::isPointSignificant(const JointTrajectoryPoint&, const JointTrajectoryPoint&, const JointTrajectoryPoint&) const[m[K’
  975 | bool [01;31m[KCR7RobotController[m[K::isPointSignificant(
      |      [01;31m[K^~~~~~~~~~~~~~~~~~[m[K
[01m[K/home/xionggu/cx_moveit/ws_moveit/src/cr7_robot_controller/src/cr7_robot_controller.cpp:975:6:[m[K [01;36m[Knote: [m[Kno functions named ‘[01m[Kbool cr7_controller::CR7RobotController::isPointSignificant(const JointTrajectoryPoint&, const JointTrajectoryPoint&, const JointTrajectoryPoint&) const[m[K’
In file included from [01m[K/home/xionggu/cx_moveit/ws_moveit/src/cr7_robot_controller/src/cr7_robot_controller.cpp:8[m[K:
[01m[K/home/xionggu/cx_moveit/ws_moveit/src/cr7_robot_controller/include/cr7_robot_controller/cr7_robot_controller.hpp:86:7:[m[K [01;36m[Knote: [m[K‘[01m[Kclass cr7_controller::CR7RobotController[m[K’ defined here
   86 | class [01;36m[KCR7RobotController[m[K {
      |       [01;36m[K^~~~~~~~~~~~~~~~~~[m[K
[01m[K/home/xionggu/cx_moveit/ws_moveit/src/cr7_robot_controller/src/cr7_robot_controller.cpp:996:6:[m[K [01;31m[Kerror: [m[Kno declaration matches ‘[01m[Kvoid cr7_controller::CR7RobotController::saveTrajectoryAnalysis(const RobotTrajectory&, const string&)[m[K’
  996 | void [01;31m[KCR7RobotController[m[K::saveTrajectoryAnalysis(
      |      [01;31m[K^~~~~~~~~~~~~~~~~~[m[K
[01m[K/home/xionggu/cx_moveit/ws_moveit/src/cr7_robot_controller/src/cr7_robot_controller.cpp:996:6:[m[K [01;36m[Knote: [m[Kno functions named ‘[01m[Kvoid cr7_controller::CR7RobotController::saveTrajectoryAnalysis(const RobotTrajectory&, const string&)[m[K’
In file included from [01m[K/home/xionggu/cx_moveit/ws_moveit/src/cr7_robot_controller/src/cr7_robot_controller.cpp:8[m[K:
[01m[K/home/xionggu/cx_moveit/ws_moveit/src/cr7_robot_controller/include/cr7_robot_controller/cr7_robot_controller.hpp:86:7:[m[K [01;36m[Knote: [m[K‘[01m[Kclass cr7_controller::CR7RobotController[m[K’ defined here
   86 | class [01;36m[KCR7RobotController[m[K {
      |       [01;36m[K^~~~~~~~~~~~~~~~~~[m[K
[01m[K/home/xionggu/cx_moveit/ws_moveit/src/cr7_robot_controller/src/cr7_robot_controller.cpp:1068:6:[m[K [01;31m[Kerror: [m[Kno declaration matches ‘[01m[Kvoid cr7_controller::CR7RobotController::saveWaypointAnalysis(const std::vector<geometry_msgs::msg::Pose_<std::allocator<void> > >&, const string&)[m[K’
 1068 | void [01;31m[KCR7RobotController[m[K::saveWaypointAnalysis(
      |      [01;31m[K^~~~~~~~~~~~~~~~~~[m[K
[01m[K/home/xionggu/cx_moveit/ws_moveit/src/cr7_robot_controller/src/cr7_robot_controller.cpp:1068:6:[m[K [01;36m[Knote: [m[Kno functions named ‘[01m[Kvoid cr7_controller::CR7RobotController::saveWaypointAnalysis(const std::vector<geometry_msgs::msg::Pose_<std::allocator<void> > >&, const string&)[m[K’
In file included from [01m[K/home/xionggu/cx_moveit/ws_moveit/src/cr7_robot_controller/src/cr7_robot_controller.cpp:8[m[K:
[01m[K/home/xionggu/cx_moveit/ws_moveit/src/cr7_robot_controller/include/cr7_robot_controller/cr7_robot_controller.hpp:86:7:[m[K [01;36m[Knote: [m[K‘[01m[Kclass cr7_controller::CR7RobotController[m[K’ defined here
   86 | class [01;36m[KCR7RobotController[m[K {
      |       [01;36m[K^~~~~~~~~~~~~~~~~~[m[K
[01m[K/home/xionggu/cx_moveit/ws_moveit/src/cr7_robot_controller/src/cr7_robot_controller.cpp:1126:6:[m[K [01;31m[Kerror: [m[Kno declaration matches ‘[01m[Kvoid cr7_controller::CR7RobotController::printTrajectoryInfo(const RobotTrajectory&)[m[K’
 1126 | void [01;31m[KCR7RobotController[m[K::printTrajectoryInfo(const moveit_msgs::msg::RobotTrajectory& trajectory) {
      |      [01;31m[K^~~~~~~~~~~~~~~~~~[m[K
[01m[K/home/xionggu/cx_moveit/ws_moveit/src/cr7_robot_controller/src/cr7_robot_controller.cpp:1126:6:[m[K [01;36m[Knote: [m[Kno functions named ‘[01m[Kvoid cr7_controller::CR7RobotController::printTrajectoryInfo(const RobotTrajectory&)[m[K’
In file included from [01m[K/home/xionggu/cx_moveit/ws_moveit/src/cr7_robot_controller/src/cr7_robot_controller.cpp:8[m[K:
[01m[K/home/xionggu/cx_moveit/ws_moveit/src/cr7_robot_controller/include/cr7_robot_controller/cr7_robot_controller.hpp:86:7:[m[K [01;36m[Knote: [m[K‘[01m[Kclass cr7_controller::CR7RobotController[m[K’ defined here
   86 | class [01;36m[KCR7RobotController[m[K {
      |       [01;36m[K^~~~~~~~~~~~~~~~~~[m[K
[01m[K/home/xionggu/cx_moveit/ws_moveit/src/cr7_robot_controller/src/cr7_robot_controller.cpp:1175:6:[m[K [01;31m[Kerror: [m[Kno declaration matches ‘[01m[Kvoid cr7_controller::CR7RobotController::printTrajectoryPoint(const JointTrajectoryPoint&, size_t)[m[K’
 1175 | void [01;31m[KCR7RobotController[m[K::printTrajectoryPoint(
      |      [01;31m[K^~~~~~~~~~~~~~~~~~[m[K
[01m[K/home/xionggu/cx_moveit/ws_moveit/src/cr7_robot_controller/src/cr7_robot_controller.cpp:1175:6:[m[K [01;36m[Knote: [m[Kno functions named ‘[01m[Kvoid cr7_controller::CR7RobotController::printTrajectoryPoint(const JointTrajectoryPoint&, size_t)[m[K’
In file included from [01m[K/home/xionggu/cx_moveit/ws_moveit/src/cr7_robot_controller/src/cr7_robot_controller.cpp:8[m[K:
[01m[K/home/xionggu/cx_moveit/ws_moveit/src/cr7_robot_controller/include/cr7_robot_controller/cr7_robot_controller.hpp:86:7:[m[K [01;36m[Knote: [m[K‘[01m[Kclass cr7_controller::CR7RobotController[m[K’ defined here
   86 | class [01;36m[KCR7RobotController[m[K {
      |       [01;36m[K^~~~~~~~~~~~~~~~~~[m[K
gmake[2]: *** [CMakeFiles/cr7_controller.dir/build.make:76：CMakeFiles/cr7_controller.dir/src/cr7_robot_controller.cpp.o] 错误 1
gmake[1]: *** [CMakeFiles/Makefile2:137：CMakeFiles/cr7_controller.dir/all] 错误 2
gmake: *** [Makefile:146：all] 错误 2
