[0.015s] Invoking command in '/home/xionggu/cx_moveit/ws_moveit/build/hello_moveit': CMAKE_PREFIX_PATH=${CMAKE_PREFIX_PATH}:/home/xionggu/moveit2_ws/install/moveit_configs_utils:/home/xionggu/moveit2_ws/install/launch_param_builder:/home/xionggu/dobot_ws_test/install/servo_action:/home/xionggu/dobot_ws_test/install/dobot_moveit:/home/xionggu/dobot_ws_test/install/dobot_demo:/opt/ros/humble HISTTIMEFORMAT= %F %T /usr/bin/cmake /home/xionggu/cx_moveit/ws_moveit/src/hello_moveit -DCMAKE_INSTALL_PREFIX=/home/xionggu/cx_moveit/ws_moveit/install/hello_moveit
[0.128s] -- The C compiler identification is GNU 11.4.0
[0.191s] -- The CXX compiler identification is GNU 11.4.0
[0.200s] -- Detecting C compiler ABI info
[0.362s] -- Detecting C compiler ABI info - done
[0.365s] -- Check for working C compiler: /usr/bin/cc - skipped
[0.366s] -- Detecting C compile features
[0.366s] -- Detecting C compile features - done
[0.369s] -- Detecting CXX compiler ABI info
[0.513s] -- Detecting CXX compiler ABI info - done
[0.520s] -- Check for working CXX compiler: /usr/bin/c++ - skipped
[0.520s] -- Detecting CXX compile features
[0.521s] -- Detecting CXX compile features - done
[0.538s] -- Found ament_cmake: 1.3.12 (/opt/ros/humble/share/ament_cmake/cmake)
[0.805s] -- Found Python3: /usr/bin/python3 (found version "3.10.12") found components: Interpreter 
[1.108s] -- Found moveit_ros_planning_interface: 2.5.9 (/home/xionggu/moveit2_ws/install/moveit_ros_planning_interface/share/moveit_ros_planning_interface/cmake)
[1.500s] -- Found Boost: /usr/lib/x86_64-linux-gnu/cmake/Boost-1.74.0/BoostConfig.cmake (found version "1.74.0") found components: date_time filesystem program_options system thread 
[1.689s] -- Found rosidl_generator_c: 3.1.8 (/opt/ros/humble/share/rosidl_generator_c/cmake)
[1.710s] -- Found rosidl_adapter: 3.1.8 (/opt/ros/humble/share/rosidl_adapter/cmake)
[1.736s] -- Found rosidl_generator_cpp: 3.1.8 (/opt/ros/humble/share/rosidl_generator_cpp/cmake)
[1.787s] -- Using all available rosidl_typesupport_c: rosidl_typesupport_fastrtps_c;rosidl_typesupport_introspection_c
[1.826s] -- Using all available rosidl_typesupport_cpp: rosidl_typesupport_fastrtps_cpp;rosidl_typesupport_introspection_cpp
[2.183s] -- Found Boost: /usr/lib/x86_64-linux-gnu/cmake/Boost-1.74.0/BoostConfig.cmake (found version "1.74.0") found components: chrono date_time filesystem iostreams program_options regex serialization system thread 
[2.313s] -- Found parameter_traits: 0.6.0 (/opt/ros/humble/share/parameter_traits/cmake)
[2.438s] -- Found rmw_implementation_cmake: 6.1.2 (/opt/ros/humble/share/rmw_implementation_cmake/cmake)
[2.450s] -- Found rmw_fastrtps_cpp: 6.2.9 (/opt/ros/humble/share/rmw_fastrtps_cpp/cmake)
[2.629s] -- Found OpenSSL: /usr/lib/x86_64-linux-gnu/libcrypto.so (found version "3.0.2")  
[2.679s] -- Found FastRTPS: /opt/ros/humble/include  
[2.772s] -- Using RMW implementation 'rmw_fastrtps_cpp' as default
[2.828s] -- Found Threads: TRUE  
[2.938s] -- Found rclcpp_lifecycle: 16.0.17 (/opt/ros/humble/share/rclcpp_lifecycle/cmake)
[3.004s] -- Found Boost: /usr/lib/x86_64-linux-gnu/cmake/Boost-1.74.0/BoostConfig.cmake (found version "1.74.0") found components: filesystem 
[3.205s] -- library: /usr/lib/x86_64-linux-gnu/libcurl.so
[3.267s] -- Found Eigen3: TRUE (found version "3.4.0") 
[3.267s] -- Ensuring Eigen3 include directory is part of orocos-kdl CMake target
[3.557s] -- Found Boost: /usr/lib/x86_64-linux-gnu/cmake/Boost-1.74.0/BoostConfig.cmake (found version "1.74.0") found components: system filesystem date_time program_options thread chrono 
[3.590s] -- Found Boost: /usr/lib/x86_64-linux-gnu/cmake/Boost-1.74.0/BoostConfig.cmake (found version "1.74.0") found components: thread system filesystem regex date_time program_options 
[3.620s] -- Found Boost: /usr/lib/x86_64-linux-gnu/cmake/Boost-1.74.0/BoostConfig.cmake (found version "1.74.0") found components: system filesystem date_time program_options thread 
[3.676s] -- Found ament_lint_auto: 0.12.14 (/opt/ros/humble/share/ament_lint_auto/cmake)
[3.820s] -- Added test 'cppcheck' to perform static code analysis on C / C++ code
[3.821s] -- Configured cppcheck include dirs: $<BUILD_INTERFACE:/home/xionggu/cx_moveit/ws_moveit/src/hello_moveit/include>
[3.821s] -- Configured cppcheck exclude dirs and/or files: 
[3.823s] -- Added test 'lint_cmake' to check CMake code style
[3.826s] -- Added test 'uncrustify' to check C / C++ code style
[3.826s] -- Configured uncrustify additional arguments: 
[3.827s] -- Added test 'xmllint' to check XML markup files
[3.831s] -- Configuring done
[3.865s] -- Generating done
[3.872s] -- Build files have been written to: /home/xionggu/cx_moveit/ws_moveit/build/hello_moveit
[3.890s] Invoked command in '/home/xionggu/cx_moveit/ws_moveit/build/hello_moveit' returned '0': CMAKE_PREFIX_PATH=${CMAKE_PREFIX_PATH}:/home/xionggu/moveit2_ws/install/moveit_configs_utils:/home/xionggu/moveit2_ws/install/launch_param_builder:/home/xionggu/dobot_ws_test/install/servo_action:/home/xionggu/dobot_ws_test/install/dobot_moveit:/home/xionggu/dobot_ws_test/install/dobot_demo:/opt/ros/humble HISTTIMEFORMAT= %F %T /usr/bin/cmake /home/xionggu/cx_moveit/ws_moveit/src/hello_moveit -DCMAKE_INSTALL_PREFIX=/home/xionggu/cx_moveit/ws_moveit/install/hello_moveit
[3.890s] Invoking command in '/home/xionggu/cx_moveit/ws_moveit/build/hello_moveit': CMAKE_PREFIX_PATH=${CMAKE_PREFIX_PATH}:/home/xionggu/moveit2_ws/install/moveit_configs_utils:/home/xionggu/moveit2_ws/install/launch_param_builder:/home/xionggu/dobot_ws_test/install/servo_action:/home/xionggu/dobot_ws_test/install/dobot_moveit:/home/xionggu/dobot_ws_test/install/dobot_demo:/opt/ros/humble HISTTIMEFORMAT= %F %T /usr/bin/cmake --build /home/xionggu/cx_moveit/ws_moveit/build/hello_moveit -- -j8 -l8
[4.002s] [ 50%] [32mBuilding CXX object CMakeFiles/hello_moveit.dir/src/hello_moveit.cpp.o[0m
[10.620s] [100%] [32m[1mLinking CXX executable hello_moveit[0m
[10.972s] [100%] Built target hello_moveit
[10.993s] Invoked command in '/home/xionggu/cx_moveit/ws_moveit/build/hello_moveit' returned '0': CMAKE_PREFIX_PATH=${CMAKE_PREFIX_PATH}:/home/xionggu/moveit2_ws/install/moveit_configs_utils:/home/xionggu/moveit2_ws/install/launch_param_builder:/home/xionggu/dobot_ws_test/install/servo_action:/home/xionggu/dobot_ws_test/install/dobot_moveit:/home/xionggu/dobot_ws_test/install/dobot_demo:/opt/ros/humble HISTTIMEFORMAT= %F %T /usr/bin/cmake --build /home/xionggu/cx_moveit/ws_moveit/build/hello_moveit -- -j8 -l8
[11.014s] Invoking command in '/home/xionggu/cx_moveit/ws_moveit/build/hello_moveit': CMAKE_PREFIX_PATH=${CMAKE_PREFIX_PATH}:/home/xionggu/moveit2_ws/install/moveit_configs_utils:/home/xionggu/moveit2_ws/install/launch_param_builder:/home/xionggu/dobot_ws_test/install/servo_action:/home/xionggu/dobot_ws_test/install/dobot_moveit:/home/xionggu/dobot_ws_test/install/dobot_demo:/opt/ros/humble HISTTIMEFORMAT= %F %T /usr/bin/cmake --install /home/xionggu/cx_moveit/ws_moveit/build/hello_moveit
[11.026s] -- Install configuration: ""
[11.026s] -- Installing: /home/xionggu/cx_moveit/ws_moveit/install/hello_moveit/lib/hello_moveit/hello_moveit
[11.028s] -- Set runtime path of "/home/xionggu/cx_moveit/ws_moveit/install/hello_moveit/lib/hello_moveit/hello_moveit" to ""
[11.029s] -- Installing: /home/xionggu/cx_moveit/ws_moveit/install/hello_moveit/share/ament_index/resource_index/package_run_dependencies/hello_moveit
[11.029s] -- Installing: /home/xionggu/cx_moveit/ws_moveit/install/hello_moveit/share/ament_index/resource_index/parent_prefix_path/hello_moveit
[11.029s] -- Installing: /home/xionggu/cx_moveit/ws_moveit/install/hello_moveit/share/hello_moveit/environment/ament_prefix_path.sh
[11.029s] -- Installing: /home/xionggu/cx_moveit/ws_moveit/install/hello_moveit/share/hello_moveit/environment/ament_prefix_path.dsv
[11.029s] -- Installing: /home/xionggu/cx_moveit/ws_moveit/install/hello_moveit/share/hello_moveit/environment/path.sh
[11.029s] -- Installing: /home/xionggu/cx_moveit/ws_moveit/install/hello_moveit/share/hello_moveit/environment/path.dsv
[11.033s] -- Installing: /home/xionggu/cx_moveit/ws_moveit/install/hello_moveit/share/hello_moveit/local_setup.bash
[11.033s] -- Installing: /home/xionggu/cx_moveit/ws_moveit/install/hello_moveit/share/hello_moveit/local_setup.sh
[11.033s] -- Installing: /home/xionggu/cx_moveit/ws_moveit/install/hello_moveit/share/hello_moveit/local_setup.zsh
[11.033s] -- Installing: /home/xionggu/cx_moveit/ws_moveit/install/hello_moveit/share/hello_moveit/local_setup.dsv
[11.033s] -- Installing: /home/xionggu/cx_moveit/ws_moveit/install/hello_moveit/share/hello_moveit/package.dsv
[11.033s] -- Installing: /home/xionggu/cx_moveit/ws_moveit/install/hello_moveit/share/ament_index/resource_index/packages/hello_moveit
[11.033s] -- Installing: /home/xionggu/cx_moveit/ws_moveit/install/hello_moveit/share/hello_moveit/cmake/hello_moveitConfig.cmake
[11.033s] -- Installing: /home/xionggu/cx_moveit/ws_moveit/install/hello_moveit/share/hello_moveit/cmake/hello_moveitConfig-version.cmake
[11.033s] -- Installing: /home/xionggu/cx_moveit/ws_moveit/install/hello_moveit/share/hello_moveit/package.xml
[11.037s] Invoked command in '/home/xionggu/cx_moveit/ws_moveit/build/hello_moveit' returned '0': CMAKE_PREFIX_PATH=${CMAKE_PREFIX_PATH}:/home/xionggu/moveit2_ws/install/moveit_configs_utils:/home/xionggu/moveit2_ws/install/launch_param_builder:/home/xionggu/dobot_ws_test/install/servo_action:/home/xionggu/dobot_ws_test/install/dobot_moveit:/home/xionggu/dobot_ws_test/install/dobot_demo:/opt/ros/humble HISTTIMEFORMAT= %F %T /usr/bin/cmake --install /home/xionggu/cx_moveit/ws_moveit/build/hello_moveit
