[35m[1mConsolidate compiler generated dependencies of target hello_moveit[0m
[100%] Built target hello_moveit
-- Install configuration: ""
-- Installing: /home/xionggu/cx_moveit/ws_moveit/install/hello_moveit/lib/hello_moveit/hello_moveit
-- Set runtime path of "/home/xionggu/cx_moveit/ws_moveit/install/hello_moveit/lib/hello_moveit/hello_moveit" to ""
-- Installing: /home/xionggu/cx_moveit/ws_moveit/install/hello_moveit/share/ament_index/resource_index/package_run_dependencies/hello_moveit
-- Installing: /home/xionggu/cx_moveit/ws_moveit/install/hello_moveit/share/ament_index/resource_index/parent_prefix_path/hello_moveit
-- Installing: /home/xionggu/cx_moveit/ws_moveit/install/hello_moveit/share/hello_moveit/environment/ament_prefix_path.sh
-- Installing: /home/xionggu/cx_moveit/ws_moveit/install/hello_moveit/share/hello_moveit/environment/ament_prefix_path.dsv
-- Installing: /home/xionggu/cx_moveit/ws_moveit/install/hello_moveit/share/hello_moveit/environment/path.sh
-- Installing: /home/xionggu/cx_moveit/ws_moveit/install/hello_moveit/share/hello_moveit/environment/path.dsv
-- Installing: /home/xionggu/cx_moveit/ws_moveit/install/hello_moveit/share/hello_moveit/local_setup.bash
-- Installing: /home/xionggu/cx_moveit/ws_moveit/install/hello_moveit/share/hello_moveit/local_setup.sh
-- Installing: /home/xionggu/cx_moveit/ws_moveit/install/hello_moveit/share/hello_moveit/local_setup.zsh
-- Installing: /home/xionggu/cx_moveit/ws_moveit/install/hello_moveit/share/hello_moveit/local_setup.dsv
-- Installing: /home/xionggu/cx_moveit/ws_moveit/install/hello_moveit/share/hello_moveit/package.dsv
-- Installing: /home/xionggu/cx_moveit/ws_moveit/install/hello_moveit/share/ament_index/resource_index/packages/hello_moveit
-- Installing: /home/xionggu/cx_moveit/ws_moveit/install/hello_moveit/share/hello_moveit/cmake/hello_moveitConfig.cmake
-- Installing: /home/xionggu/cx_moveit/ws_moveit/install/hello_moveit/share/hello_moveit/cmake/hello_moveitConfig-version.cmake
-- Installing: /home/xionggu/cx_moveit/ws_moveit/install/hello_moveit/share/hello_moveit/package.xml
