[0.025s] Invoking command in '/home/xionggu/cx_moveit/ws_moveit/build/hello_moveit': CMAKE_PREFIX_PATH=${CMAKE_PREFIX_PATH}:/home/xionggu/moveit2_ws/install/moveit_configs_utils:/home/xionggu/moveit2_ws/install/launch_param_builder:/home/xionggu/dobot_ws_test/install/servo_action:/home/xionggu/dobot_ws_test/install/dobot_moveit:/home/xionggu/dobot_ws_test/install/dobot_demo:/opt/ros/humble HISTTIMEFORMAT= %F %T /usr/bin/cmake --build /home/xionggu/cx_moveit/ws_moveit/build/hello_moveit -- -j8 -l8
[0.138s] [35m[1mConsolidate compiler generated dependencies of target hello_moveit[0m
[0.194s] [100%] Built target hello_moveit
[0.208s] Invoked command in '/home/xionggu/cx_moveit/ws_moveit/build/hello_moveit' returned '0': CMAKE_PREFIX_PATH=${CMAKE_PREFIX_PATH}:/home/xionggu/moveit2_ws/install/moveit_configs_utils:/home/xionggu/moveit2_ws/install/launch_param_builder:/home/xionggu/dobot_ws_test/install/servo_action:/home/xionggu/dobot_ws_test/install/dobot_moveit:/home/xionggu/dobot_ws_test/install/dobot_demo:/opt/ros/humble HISTTIMEFORMAT= %F %T /usr/bin/cmake --build /home/xionggu/cx_moveit/ws_moveit/build/hello_moveit -- -j8 -l8
[0.222s] Invoking command in '/home/xionggu/cx_moveit/ws_moveit/build/hello_moveit': CMAKE_PREFIX_PATH=${CMAKE_PREFIX_PATH}:/home/xionggu/moveit2_ws/install/moveit_configs_utils:/home/xionggu/moveit2_ws/install/launch_param_builder:/home/xionggu/dobot_ws_test/install/servo_action:/home/xionggu/dobot_ws_test/install/dobot_moveit:/home/xionggu/dobot_ws_test/install/dobot_demo:/opt/ros/humble HISTTIMEFORMAT= %F %T /usr/bin/cmake --install /home/xionggu/cx_moveit/ws_moveit/build/hello_moveit
[0.238s] -- Install configuration: ""
[0.238s] -- Installing: /home/xionggu/cx_moveit/ws_moveit/install/hello_moveit/lib/hello_moveit/hello_moveit
[0.238s] -- Set runtime path of "/home/xionggu/cx_moveit/ws_moveit/install/hello_moveit/lib/hello_moveit/hello_moveit" to ""
[0.239s] -- Installing: /home/xionggu/cx_moveit/ws_moveit/install/hello_moveit/share/ament_index/resource_index/package_run_dependencies/hello_moveit
[0.239s] -- Installing: /home/xionggu/cx_moveit/ws_moveit/install/hello_moveit/share/ament_index/resource_index/parent_prefix_path/hello_moveit
[0.239s] -- Installing: /home/xionggu/cx_moveit/ws_moveit/install/hello_moveit/share/hello_moveit/environment/ament_prefix_path.sh
[0.239s] -- Installing: /home/xionggu/cx_moveit/ws_moveit/install/hello_moveit/share/hello_moveit/environment/ament_prefix_path.dsv
[0.239s] -- Installing: /home/xionggu/cx_moveit/ws_moveit/install/hello_moveit/share/hello_moveit/environment/path.sh
[0.239s] -- Installing: /home/xionggu/cx_moveit/ws_moveit/install/hello_moveit/share/hello_moveit/environment/path.dsv
[0.239s] -- Installing: /home/xionggu/cx_moveit/ws_moveit/install/hello_moveit/share/hello_moveit/local_setup.bash
[0.239s] -- Installing: /home/xionggu/cx_moveit/ws_moveit/install/hello_moveit/share/hello_moveit/local_setup.sh
[0.239s] -- Installing: /home/xionggu/cx_moveit/ws_moveit/install/hello_moveit/share/hello_moveit/local_setup.zsh
[0.240s] -- Installing: /home/xionggu/cx_moveit/ws_moveit/install/hello_moveit/share/hello_moveit/local_setup.dsv
[0.240s] -- Installing: /home/xionggu/cx_moveit/ws_moveit/install/hello_moveit/share/hello_moveit/package.dsv
[0.240s] -- Installing: /home/xionggu/cx_moveit/ws_moveit/install/hello_moveit/share/ament_index/resource_index/packages/hello_moveit
[0.240s] -- Installing: /home/xionggu/cx_moveit/ws_moveit/install/hello_moveit/share/hello_moveit/cmake/hello_moveitConfig.cmake
[0.240s] -- Installing: /home/xionggu/cx_moveit/ws_moveit/install/hello_moveit/share/hello_moveit/cmake/hello_moveitConfig-version.cmake
[0.240s] -- Installing: /home/xionggu/cx_moveit/ws_moveit/install/hello_moveit/share/hello_moveit/package.xml
[0.242s] Invoked command in '/home/xionggu/cx_moveit/ws_moveit/build/hello_moveit' returned '0': CMAKE_PREFIX_PATH=${CMAKE_PREFIX_PATH}:/home/xionggu/moveit2_ws/install/moveit_configs_utils:/home/xionggu/moveit2_ws/install/launch_param_builder:/home/xionggu/dobot_ws_test/install/servo_action:/home/xionggu/dobot_ws_test/install/dobot_moveit:/home/xionggu/dobot_ws_test/install/dobot_demo:/opt/ros/humble HISTTIMEFORMAT= %F %T /usr/bin/cmake --install /home/xionggu/cx_moveit/ws_moveit/build/hello_moveit
