In file included from [01m[K/usr/include/x86_64-linux-gnu/c++/11/bits/c++allocator.h:33[m[K,
                 from [01m[K/usr/include/c++/11/bits/allocator.h:46[m[K,
                 from [01m[K/usr/include/c++/11/string:41[m[K,
                 from [01m[K/usr/include/c++/11/bits/locale_classes.h:40[m[K,
                 from [01m[K/usr/include/c++/11/bits/ios_base.h:41[m[K,
                 from [01m[K/usr/include/c++/11/ios:42[m[K,
                 from [01m[K/usr/include/c++/11/istream:38[m[K,
                 from [01m[K/usr/include/c++/11/sstream:38[m[K,
                 from [01m[K/home/xionggu/cx_moveit_test/cx_moveit2/ws_moveit/src/cr7_robot_controller/src/cr7_robot_controller.cpp:10[m[K:
/usr/include/c++/11/ext/new_allocator.h: In instantiation of ‘[01m[Kvoid __gnu_cxx::new_allocator<_Tp>::construct(_Up*, _Args&& ...) [with _Up = cr7_controller::CR7PilzPlanner; _Args = {std::shared_ptr<rclcpp::Node>&, const std::__cxx11::basic_string<char, std::char_traits<char>, std::allocator<char> >&, rclcpp::Logger&}; _Tp = cr7_controller::CR7PilzPlanner][m[K’:
[01m[K/usr/include/c++/11/bits/alloc_traits.h:516:17:[m[K   required from ‘[01m[Kstatic void std::allocator_traits<std::allocator<_CharT> >::construct(std::allocator_traits<std::allocator<_CharT> >::allocator_type&, _Up*, _Args&& ...) [with _Up = cr7_controller::CR7PilzPlanner; _Args = {std::shared_ptr<rclcpp::Node>&, const std::__cxx11::basic_string<char, std::char_traits<char>, std::allocator<char> >&, rclcpp::Logger&}; _Tp = cr7_controller::CR7PilzPlanner; std::allocator_traits<std::allocator<_CharT> >::allocator_type = std::allocator<cr7_controller::CR7PilzPlanner>][m[K’
[01m[K/usr/include/c++/11/bits/shared_ptr_base.h:519:39:[m[K   required from ‘[01m[Kstd::_Sp_counted_ptr_inplace<_Tp, _Alloc, _Lp>::_Sp_counted_ptr_inplace(_Alloc, _Args&& ...) [with _Args = {std::shared_ptr<rclcpp::Node>&, const std::__cxx11::basic_string<char, std::char_traits<char>, std::allocator<char> >&, rclcpp::Logger&}; _Tp = cr7_controller::CR7PilzPlanner; _Alloc = std::allocator<cr7_controller::CR7PilzPlanner>; __gnu_cxx::_Lock_policy _Lp = __gnu_cxx::_S_atomic][m[K’
[01m[K/usr/include/c++/11/bits/shared_ptr_base.h:650:16:[m[K   required from ‘[01m[Kstd::__shared_count<_Lp>::__shared_count(_Tp*&, std::_Sp_alloc_shared_tag<_Alloc>, _Args&& ...) [with _Tp = cr7_controller::CR7PilzPlanner; _Alloc = std::allocator<cr7_controller::CR7PilzPlanner>; _Args = {std::shared_ptr<rclcpp::Node>&, const std::__cxx11::basic_string<char, std::char_traits<char>, std::allocator<char> >&, rclcpp::Logger&}; __gnu_cxx::_Lock_policy _Lp = __gnu_cxx::_S_atomic][m[K’
[01m[K/usr/include/c++/11/bits/shared_ptr_base.h:1342:14:[m[K   required from ‘[01m[Kstd::__shared_ptr<_Tp, _Lp>::__shared_ptr(std::_Sp_alloc_shared_tag<_Tp>, _Args&& ...) [with _Alloc = std::allocator<cr7_controller::CR7PilzPlanner>; _Args = {std::shared_ptr<rclcpp::Node>&, const std::__cxx11::basic_string<char, std::char_traits<char>, std::allocator<char> >&, rclcpp::Logger&}; _Tp = cr7_controller::CR7PilzPlanner; __gnu_cxx::_Lock_policy _Lp = __gnu_cxx::_S_atomic][m[K’
[01m[K/usr/include/c++/11/bits/shared_ptr.h:409:59:[m[K   required from ‘[01m[Kstd::shared_ptr<_Tp>::shared_ptr(std::_Sp_alloc_shared_tag<_Tp>, _Args&& ...) [with _Alloc = std::allocator<cr7_controller::CR7PilzPlanner>; _Args = {std::shared_ptr<rclcpp::Node>&, const std::__cxx11::basic_string<char, std::char_traits<char>, std::allocator<char> >&, rclcpp::Logger&}; _Tp = cr7_controller::CR7PilzPlanner][m[K’
[01m[K/usr/include/c++/11/bits/shared_ptr.h:862:14:[m[K   required from ‘[01m[Kstd::shared_ptr<_Tp> std::allocate_shared(const _Alloc&, _Args&& ...) [with _Tp = cr7_controller::CR7PilzPlanner; _Alloc = std::allocator<cr7_controller::CR7PilzPlanner>; _Args = {std::shared_ptr<rclcpp::Node>&, const std::__cxx11::basic_string<char, std::char_traits<char>, std::allocator<char> >&, rclcpp::Logger&}][m[K’
[01m[K/usr/include/c++/11/bits/shared_ptr.h:878:39:[m[K   required from ‘[01m[Kstd::shared_ptr<_Tp> std::make_shared(_Args&& ...) [with _Tp = cr7_controller::CR7PilzPlanner; _Args = {std::shared_ptr<rclcpp::Node>&, const std::__cxx11::basic_string<char, std::char_traits<char>, std::allocator<char> >&, rclcpp::Logger&}][m[K’
[01m[K/home/xionggu/cx_moveit_test/cx_moveit2/ws_moveit/src/cr7_robot_controller/src/cr7_robot_controller.cpp:43:57:[m[K   required from here
[01m[K/usr/include/c++/11/ext/new_allocator.h:162:11:[m[K [01;31m[Kerror: [m[Kno matching function for call to ‘[01m[Kcr7_controller::CR7PilzPlanner::CR7PilzPlanner(std::shared_ptr<rclcpp::Node>&, const std::__cxx11::basic_string<char>&, rclcpp::Logger&)[m[K’
  162 |         { [01;31m[K::new((void *)__p) _Up(std::forward<_Args>(__args)...)[m[K; }
      |           [01;31m[K^~~~~~~~~~~~~~~~~~~~~~~~~~~~~~~~~~~~~~~~~~~~~~~~~~~~~~[m[K
In file included from [01m[K/home/xionggu/cx_moveit_test/cx_moveit2/ws_moveit/src/cr7_robot_controller/include/cr7_robot_controller/cr7_robot_controller.hpp:24[m[K,
                 from [01m[K/home/xionggu/cx_moveit_test/cx_moveit2/ws_moveit/src/cr7_robot_controller/src/cr7_robot_controller.cpp:16[m[K:
[01m[K/home/xionggu/cx_moveit_test/cx_moveit2/ws_moveit/src/cr7_robot_controller/include/cr7_robot_controller/pilz/cr7_pilz_planner.hpp:82:5:[m[K [01;36m[Knote: [m[Kcandidate: ‘[01m[Kcr7_controller::CR7PilzPlanner::CR7PilzPlanner(rclcpp::Node::SharedPtr, std::shared_ptr<moveit::planning_interface::MoveGroupInterface>, rclcpp::Logger)[m[K’
   82 |     [01;36m[KCR7PilzPlanner[m[K(
      |     [01;36m[K^~~~~~~~~~~~~~[m[K
[01m[K/home/xionggu/cx_moveit_test/cx_moveit2/ws_moveit/src/cr7_robot_controller/include/cr7_robot_controller/pilz/cr7_pilz_planner.hpp:84:73:[m[K [01;36m[Knote: [m[K  no known conversion for argument 2 from ‘[01m[Kconst std::__cxx11::basic_string<char>[m[K’ to ‘[01m[Kstd::shared_ptr<moveit::planning_interface::MoveGroupInterface>[m[K’
   84 |         [01;36m[Kstd::shared_ptr<moveit::planning_interface::MoveGroupInterface> move_group[m[K,
      |         [01;36m[K~~~~~~~~~~~~~~~~~~~~~~~~~~~~~~~~~~~~~~~~~~~~~~~~~~~~~~~~~~~~~~~~^~~~~~~~~~[m[K
[01m[K/home/xionggu/cx_moveit_test/cx_moveit2/ws_moveit/src/cr7_robot_controller/include/cr7_robot_controller/pilz/cr7_pilz_planner.hpp:74:7:[m[K [01;36m[Knote: [m[Kcandidate: ‘[01m[Kcr7_controller::CR7PilzPlanner::CR7PilzPlanner(const cr7_controller::CR7PilzPlanner&)[m[K’
   74 | class [01;36m[KCR7PilzPlanner[m[K {
      |       [01;36m[K^~~~~~~~~~~~~~[m[K
[01m[K/home/xionggu/cx_moveit_test/cx_moveit2/ws_moveit/src/cr7_robot_controller/include/cr7_robot_controller/pilz/cr7_pilz_planner.hpp:74:7:[m[K [01;36m[Knote: [m[K  candidate expects 1 argument, 3 provided
gmake[2]: *** [CMakeFiles/cr7_controller.dir/build.make:76：CMakeFiles/cr7_controller.dir/src/cr7_robot_controller.cpp.o] 错误 1
gmake[2]: *** 正在等待未完成的任务....
gmake[1]: *** [CMakeFiles/Makefile2:137：CMakeFiles/cr7_controller.dir/all] 错误 2
gmake: *** [Makefile:146：all] 错误 2
