-- The C compiler identification is GNU 11.4.0
-- The CXX compiler identification is GNU 11.4.0
-- Detecting C compiler ABI info
-- Detecting C compiler ABI info - done
-- Check for working C compiler: /usr/bin/cc - skipped
-- Detecting C compile features
-- Detecting C compile features - done
-- Detecting CXX compiler ABI info
-- Detecting CXX compiler ABI info - done
-- Check for working CXX compiler: /usr/bin/c++ - skipped
-- Detecting CXX compile features
-- Detecting CXX compile features - done
-- Found ament_cmake: 1.3.12 (/opt/ros/humble/share/ament_cmake/cmake)
-- Found Python3: /usr/bin/python3 (found version "3.10.12") found components: Interpreter 
-- Found rclcpp: 16.0.17 (/opt/ros/humble/share/rclcpp/cmake)
-- Found rosidl_generator_c: 3.1.8 (/opt/ros/humble/share/rosidl_generator_c/cmake)
-- Found rosidl_adapter: 3.1.8 (/opt/ros/humble/share/rosidl_adapter/cmake)
-- Found rosidl_generator_cpp: 3.1.8 (/opt/ros/humble/share/rosidl_generator_cpp/cmake)
-- Using all available rosidl_typesupport_c: rosidl_typesupport_fastrtps_c;rosidl_typesupport_introspection_c
-- Using all available rosidl_typesupport_cpp: rosidl_typesupport_fastrtps_cpp;rosidl_typesupport_introspection_cpp
-- Found rmw_implementation_cmake: 6.1.2 (/opt/ros/humble/share/rmw_implementation_cmake/cmake)
-- Found rmw_fastrtps_cpp: 6.2.9 (/opt/ros/humble/share/rmw_fastrtps_cpp/cmake)
-- Found OpenSSL: /usr/lib/x86_64-linux-gnu/libcrypto.so (found version "3.0.2")  
-- Found FastRTPS: /opt/ros/humble/include  
-- Using RMW implementation 'rmw_fastrtps_cpp' as default
-- Looking for pthread.h
-- Looking for pthread.h - found
-- Performing Test CMAKE_HAVE_LIBC_PTHREAD
-- Performing Test CMAKE_HAVE_LIBC_PTHREAD - Success
-- Found Threads: TRUE  
-- Found moveit_core: 2.5.9 (/home/xionggu/moveit2_ws/install/moveit_core/share/moveit_core/cmake)
-- Found Boost: /usr/lib/x86_64-linux-gnu/cmake/Boost-1.74.0/BoostConfig.cmake (found version "1.74.0") found components: chrono date_time filesystem iostreams program_options regex serialization system thread 
-- Found parameter_traits: 0.6.0 (/opt/ros/humble/share/parameter_traits/cmake)
-- Found rclcpp_lifecycle: 16.0.17 (/opt/ros/humble/share/rclcpp_lifecycle/cmake)
-- Found Boost: /usr/lib/x86_64-linux-gnu/cmake/Boost-1.74.0/BoostConfig.cmake (found version "1.74.0") found components: filesystem 
-- library: /usr/lib/x86_64-linux-gnu/libcurl.so
-- Found Eigen3: TRUE (found version "3.4.0") 
-- Ensuring Eigen3 include directory is part of orocos-kdl CMake target
-- Found moveit_ros_planning_interface: 2.5.9 (/home/xionggu/moveit2_ws/install/moveit_ros_planning_interface/share/moveit_ros_planning_interface/cmake)
-- Found Boost: /usr/lib/x86_64-linux-gnu/cmake/Boost-1.74.0/BoostConfig.cmake (found version "1.74.0") found components: date_time filesystem program_options system thread 
-- Found Boost: /usr/lib/x86_64-linux-gnu/cmake/Boost-1.74.0/BoostConfig.cmake (found version "1.74.0") found components: system filesystem date_time program_options thread chrono 
-- Found Boost: /usr/lib/x86_64-linux-gnu/cmake/Boost-1.74.0/BoostConfig.cmake (found version "1.74.0") found components: thread system filesystem regex date_time program_options 
-- Found Boost: /usr/lib/x86_64-linux-gnu/cmake/Boost-1.74.0/BoostConfig.cmake (found version "1.74.0") found components: system filesystem date_time program_options thread 
-- Configuring done
-- Generating done
-- Build files have been written to: /home/xionggu/cx_moveit_test/cx_moveit2/ws_moveit/build/cr7_robot_controller
[ 14%] [32mBuilding CXX object CMakeFiles/cr7_controller.dir/src/cartesian/cr7_cartesian_planner.cpp.o[0m
[ 28%] [32mBuilding CXX object CMakeFiles/cr7_controller.dir/src/base/cr7_base_controller.cpp.o[0m
[ 42%] [32mBuilding CXX object CMakeFiles/cr7_controller.dir/src/cr7_robot_controller.cpp.o[0m
[ 57%] [32mBuilding CXX object CMakeFiles/cr7_controller.dir/src/main.cpp.o[0m
[ 71%] [32mBuilding CXX object CMakeFiles/cr7_controller.dir/src/path/cr7_path_executor.cpp.o[0m
[ 85%] [32mBuilding CXX object CMakeFiles/cr7_controller.dir/src/pilz/cr7_pilz_planner.cpp.o[0m
In file included from [01m[K/usr/include/x86_64-linux-gnu/c++/11/bits/c++allocator.h:33[m[K,
                 from [01m[K/usr/include/c++/11/bits/allocator.h:46[m[K,
                 from [01m[K/usr/include/c++/11/string:41[m[K,
                 from [01m[K/usr/include/c++/11/bits/locale_classes.h:40[m[K,
                 from [01m[K/usr/include/c++/11/bits/ios_base.h:41[m[K,
                 from [01m[K/usr/include/c++/11/ios:42[m[K,
                 from [01m[K/usr/include/c++/11/istream:38[m[K,
                 from [01m[K/usr/include/c++/11/sstream:38[m[K,
                 from [01m[K/home/xionggu/cx_moveit_test/cx_moveit2/ws_moveit/src/cr7_robot_controller/src/cr7_robot_controller.cpp:10[m[K:
/usr/include/c++/11/ext/new_allocator.h: In instantiation of ‘[01m[Kvoid __gnu_cxx::new_allocator<_Tp>::construct(_Up*, _Args&& ...) [with _Up = cr7_controller::CR7PilzPlanner; _Args = {std::shared_ptr<rclcpp::Node>&, const std::__cxx11::basic_string<char, std::char_traits<char>, std::allocator<char> >&, rclcpp::Logger&}; _Tp = cr7_controller::CR7PilzPlanner][m[K’:
[01m[K/usr/include/c++/11/bits/alloc_traits.h:516:17:[m[K   required from ‘[01m[Kstatic void std::allocator_traits<std::allocator<_CharT> >::construct(std::allocator_traits<std::allocator<_CharT> >::allocator_type&, _Up*, _Args&& ...) [with _Up = cr7_controller::CR7PilzPlanner; _Args = {std::shared_ptr<rclcpp::Node>&, const std::__cxx11::basic_string<char, std::char_traits<char>, std::allocator<char> >&, rclcpp::Logger&}; _Tp = cr7_controller::CR7PilzPlanner; std::allocator_traits<std::allocator<_CharT> >::allocator_type = std::allocator<cr7_controller::CR7PilzPlanner>][m[K’
[01m[K/usr/include/c++/11/bits/shared_ptr_base.h:519:39:[m[K   required from ‘[01m[Kstd::_Sp_counted_ptr_inplace<_Tp, _Alloc, _Lp>::_Sp_counted_ptr_inplace(_Alloc, _Args&& ...) [with _Args = {std::shared_ptr<rclcpp::Node>&, const std::__cxx11::basic_string<char, std::char_traits<char>, std::allocator<char> >&, rclcpp::Logger&}; _Tp = cr7_controller::CR7PilzPlanner; _Alloc = std::allocator<cr7_controller::CR7PilzPlanner>; __gnu_cxx::_Lock_policy _Lp = __gnu_cxx::_S_atomic][m[K’
[01m[K/usr/include/c++/11/bits/shared_ptr_base.h:650:16:[m[K   required from ‘[01m[Kstd::__shared_count<_Lp>::__shared_count(_Tp*&, std::_Sp_alloc_shared_tag<_Alloc>, _Args&& ...) [with _Tp = cr7_controller::CR7PilzPlanner; _Alloc = std::allocator<cr7_controller::CR7PilzPlanner>; _Args = {std::shared_ptr<rclcpp::Node>&, const std::__cxx11::basic_string<char, std::char_traits<char>, std::allocator<char> >&, rclcpp::Logger&}; __gnu_cxx::_Lock_policy _Lp = __gnu_cxx::_S_atomic][m[K’
[01m[K/usr/include/c++/11/bits/shared_ptr_base.h:1342:14:[m[K   required from ‘[01m[Kstd::__shared_ptr<_Tp, _Lp>::__shared_ptr(std::_Sp_alloc_shared_tag<_Tp>, _Args&& ...) [with _Alloc = std::allocator<cr7_controller::CR7PilzPlanner>; _Args = {std::shared_ptr<rclcpp::Node>&, const std::__cxx11::basic_string<char, std::char_traits<char>, std::allocator<char> >&, rclcpp::Logger&}; _Tp = cr7_controller::CR7PilzPlanner; __gnu_cxx::_Lock_policy _Lp = __gnu_cxx::_S_atomic][m[K’
[01m[K/usr/include/c++/11/bits/shared_ptr.h:409:59:[m[K   required from ‘[01m[Kstd::shared_ptr<_Tp>::shared_ptr(std::_Sp_alloc_shared_tag<_Tp>, _Args&& ...) [with _Alloc = std::allocator<cr7_controller::CR7PilzPlanner>; _Args = {std::shared_ptr<rclcpp::Node>&, const std::__cxx11::basic_string<char, std::char_traits<char>, std::allocator<char> >&, rclcpp::Logger&}; _Tp = cr7_controller::CR7PilzPlanner][m[K’
[01m[K/usr/include/c++/11/bits/shared_ptr.h:862:14:[m[K   required from ‘[01m[Kstd::shared_ptr<_Tp> std::allocate_shared(const _Alloc&, _Args&& ...) [with _Tp = cr7_controller::CR7PilzPlanner; _Alloc = std::allocator<cr7_controller::CR7PilzPlanner>; _Args = {std::shared_ptr<rclcpp::Node>&, const std::__cxx11::basic_string<char, std::char_traits<char>, std::allocator<char> >&, rclcpp::Logger&}][m[K’
[01m[K/usr/include/c++/11/bits/shared_ptr.h:878:39:[m[K   required from ‘[01m[Kstd::shared_ptr<_Tp> std::make_shared(_Args&& ...) [with _Tp = cr7_controller::CR7PilzPlanner; _Args = {std::shared_ptr<rclcpp::Node>&, const std::__cxx11::basic_string<char, std::char_traits<char>, std::allocator<char> >&, rclcpp::Logger&}][m[K’
[01m[K/home/xionggu/cx_moveit_test/cx_moveit2/ws_moveit/src/cr7_robot_controller/src/cr7_robot_controller.cpp:43:57:[m[K   required from here
[01m[K/usr/include/c++/11/ext/new_allocator.h:162:11:[m[K [01;31m[Kerror: [m[Kno matching function for call to ‘[01m[Kcr7_controller::CR7PilzPlanner::CR7PilzPlanner(std::shared_ptr<rclcpp::Node>&, const std::__cxx11::basic_string<char>&, rclcpp::Logger&)[m[K’
  162 |         { [01;31m[K::new((void *)__p) _Up(std::forward<_Args>(__args)...)[m[K; }
      |           [01;31m[K^~~~~~~~~~~~~~~~~~~~~~~~~~~~~~~~~~~~~~~~~~~~~~~~~~~~~~[m[K
In file included from [01m[K/home/xionggu/cx_moveit_test/cx_moveit2/ws_moveit/src/cr7_robot_controller/include/cr7_robot_controller/cr7_robot_controller.hpp:24[m[K,
                 from [01m[K/home/xionggu/cx_moveit_test/cx_moveit2/ws_moveit/src/cr7_robot_controller/src/cr7_robot_controller.cpp:16[m[K:
[01m[K/home/xionggu/cx_moveit_test/cx_moveit2/ws_moveit/src/cr7_robot_controller/include/cr7_robot_controller/pilz/cr7_pilz_planner.hpp:82:5:[m[K [01;36m[Knote: [m[Kcandidate: ‘[01m[Kcr7_controller::CR7PilzPlanner::CR7PilzPlanner(rclcpp::Node::SharedPtr, std::shared_ptr<moveit::planning_interface::MoveGroupInterface>, rclcpp::Logger)[m[K’
   82 |     [01;36m[KCR7PilzPlanner[m[K(
      |     [01;36m[K^~~~~~~~~~~~~~[m[K
[01m[K/home/xionggu/cx_moveit_test/cx_moveit2/ws_moveit/src/cr7_robot_controller/include/cr7_robot_controller/pilz/cr7_pilz_planner.hpp:84:73:[m[K [01;36m[Knote: [m[K  no known conversion for argument 2 from ‘[01m[Kconst std::__cxx11::basic_string<char>[m[K’ to ‘[01m[Kstd::shared_ptr<moveit::planning_interface::MoveGroupInterface>[m[K’
   84 |         [01;36m[Kstd::shared_ptr<moveit::planning_interface::MoveGroupInterface> move_group[m[K,
      |         [01;36m[K~~~~~~~~~~~~~~~~~~~~~~~~~~~~~~~~~~~~~~~~~~~~~~~~~~~~~~~~~~~~~~~~^~~~~~~~~~[m[K
[01m[K/home/xionggu/cx_moveit_test/cx_moveit2/ws_moveit/src/cr7_robot_controller/include/cr7_robot_controller/pilz/cr7_pilz_planner.hpp:74:7:[m[K [01;36m[Knote: [m[Kcandidate: ‘[01m[Kcr7_controller::CR7PilzPlanner::CR7PilzPlanner(const cr7_controller::CR7PilzPlanner&)[m[K’
   74 | class [01;36m[KCR7PilzPlanner[m[K {
      |       [01;36m[K^~~~~~~~~~~~~~[m[K
[01m[K/home/xionggu/cx_moveit_test/cx_moveit2/ws_moveit/src/cr7_robot_controller/include/cr7_robot_controller/pilz/cr7_pilz_planner.hpp:74:7:[m[K [01;36m[Knote: [m[K  candidate expects 1 argument, 3 provided
gmake[2]: *** [CMakeFiles/cr7_controller.dir/build.make:76：CMakeFiles/cr7_controller.dir/src/cr7_robot_controller.cpp.o] 错误 1
gmake[2]: *** 正在等待未完成的任务....
gmake[1]: *** [CMakeFiles/Makefile2:137：CMakeFiles/cr7_controller.dir/all] 错误 2
gmake: *** [Makefile:146：all] 错误 2
