[0.127s] DEBUG:colcon:Command line arguments: ['/usr/bin/colcon', 'build']
[0.127s] DEBUG:colcon:Parsed command line arguments: Namespace(log_base=None, log_level=None, verb_name='build', build_base='build', install_base='install', merge_install=False, symlink_install=False, test_result_base=None, continue_on_error=False, executor='parallel', parallel_workers=8, event_handlers=None, ignore_user_meta=False, metas=['./colcon.meta'], base_paths=['.'], packages_ignore=None, packages_ignore_regex=None, paths=None, packages_up_to=None, packages_up_to_regex=None, packages_above=None, packages_above_and_dependencies=None, packages_above_depth=None, packages_select_by_dep=None, packages_skip_by_dep=None, packages_skip_up_to=None, packages_select_build_failed=False, packages_skip_build_finished=False, packages_select_test_failures=False, packages_skip_test_passed=False, packages_select=None, packages_skip=None, packages_select_regex=None, packages_skip_regex=None, packages_start=None, packages_end=None, allow_overriding=[], cmake_args=None, cmake_target=None, cmake_target_skip_unavailable=False, cmake_clean_cache=False, cmake_clean_first=False, cmake_force_configure=False, ament_cmake_args=None, catkin_cmake_args=None, catkin_skip_building_tests=False, verb_parser=<colcon_defaults.argument_parser.defaults.DefaultArgumentsDecorator object at 0x7fc4f05c2bc0>, verb_extension=<colcon_core.verb.build.BuildVerb object at 0x7fc4f05c26b0>, main=<bound method BuildVerb.main of <colcon_core.verb.build.BuildVerb object at 0x7fc4f05c26b0>>)
[0.282s] Level 1:colcon.colcon_core.package_discovery:discover_packages(colcon_meta) check parameters
[0.282s] Level 1:colcon.colcon_core.package_discovery:discover_packages(recursive) check parameters
[0.282s] Level 1:colcon.colcon_core.package_discovery:discover_packages(ignore) check parameters
[0.282s] Level 1:colcon.colcon_core.package_discovery:discover_packages(path) check parameters
[0.282s] Level 1:colcon.colcon_core.package_discovery:discover_packages(colcon_meta) discover
[0.282s] Level 1:colcon.colcon_core.package_discovery:discover_packages(recursive) discover
[0.282s] INFO:colcon.colcon_core.package_discovery:Crawling recursively for packages in '/home/xionggu/cx_moveit_test/cx_moveit2/ws_moveit'
[0.282s] Level 1:colcon.colcon_core.package_identification:_identify(.) by extensions ['ignore', 'ignore_ament_install']
[0.282s] Level 1:colcon.colcon_core.package_identification:_identify(.) by extension 'ignore'
[0.282s] Level 1:colcon.colcon_core.package_identification:_identify(.) by extension 'ignore_ament_install'
[0.282s] Level 1:colcon.colcon_core.package_identification:_identify(.) by extensions ['colcon_pkg']
[0.282s] Level 1:colcon.colcon_core.package_identification:_identify(.) by extension 'colcon_pkg'
[0.282s] Level 1:colcon.colcon_core.package_identification:_identify(.) by extensions ['colcon_meta']
[0.282s] Level 1:colcon.colcon_core.package_identification:_identify(.) by extension 'colcon_meta'
[0.282s] Level 1:colcon.colcon_core.package_identification:_identify(.) by extensions ['ros']
[0.282s] Level 1:colcon.colcon_core.package_identification:_identify(.) by extension 'ros'
[0.292s] Level 1:colcon.colcon_core.package_identification:_identify(.) by extensions ['cmake', 'python']
[0.292s] Level 1:colcon.colcon_core.package_identification:_identify(.) by extension 'cmake'
[0.292s] Level 1:colcon.colcon_core.package_identification:_identify(.) by extension 'python'
[0.292s] Level 1:colcon.colcon_core.package_identification:_identify(.) by extensions ['python_setup_py']
[0.292s] Level 1:colcon.colcon_core.package_identification:_identify(.) by extension 'python_setup_py'
[0.292s] Level 1:colcon.colcon_core.package_identification:_identify(build) by extensions ['ignore', 'ignore_ament_install']
[0.293s] Level 1:colcon.colcon_core.package_identification:_identify(build) by extension 'ignore'
[0.293s] Level 1:colcon.colcon_core.package_identification:_identify(build) ignored
[0.293s] Level 1:colcon.colcon_core.package_identification:_identify(install) by extensions ['ignore', 'ignore_ament_install']
[0.293s] Level 1:colcon.colcon_core.package_identification:_identify(install) by extension 'ignore'
[0.293s] Level 1:colcon.colcon_core.package_identification:_identify(install) ignored
[0.293s] Level 1:colcon.colcon_core.package_identification:_identify(log) by extensions ['ignore', 'ignore_ament_install']
[0.293s] Level 1:colcon.colcon_core.package_identification:_identify(log) by extension 'ignore'
[0.293s] Level 1:colcon.colcon_core.package_identification:_identify(log) ignored
[0.293s] Level 1:colcon.colcon_core.package_identification:_identify(src) by extensions ['ignore', 'ignore_ament_install']
[0.293s] Level 1:colcon.colcon_core.package_identification:_identify(src) by extension 'ignore'
[0.293s] Level 1:colcon.colcon_core.package_identification:_identify(src) by extension 'ignore_ament_install'
[0.293s] Level 1:colcon.colcon_core.package_identification:_identify(src) by extensions ['colcon_pkg']
[0.293s] Level 1:colcon.colcon_core.package_identification:_identify(src) by extension 'colcon_pkg'
[0.293s] Level 1:colcon.colcon_core.package_identification:_identify(src) by extensions ['colcon_meta']
[0.293s] Level 1:colcon.colcon_core.package_identification:_identify(src) by extension 'colcon_meta'
[0.293s] Level 1:colcon.colcon_core.package_identification:_identify(src) by extensions ['ros']
[0.293s] Level 1:colcon.colcon_core.package_identification:_identify(src) by extension 'ros'
[0.293s] Level 1:colcon.colcon_core.package_identification:_identify(src) by extensions ['cmake', 'python']
[0.293s] Level 1:colcon.colcon_core.package_identification:_identify(src) by extension 'cmake'
[0.294s] Level 1:colcon.colcon_core.package_identification:_identify(src) by extension 'python'
[0.294s] Level 1:colcon.colcon_core.package_identification:_identify(src) by extensions ['python_setup_py']
[0.294s] Level 1:colcon.colcon_core.package_identification:_identify(src) by extension 'python_setup_py'
[0.294s] Level 1:colcon.colcon_core.package_identification:_identify(src/cr7_robot_controller) by extensions ['ignore', 'ignore_ament_install']
[0.294s] Level 1:colcon.colcon_core.package_identification:_identify(src/cr7_robot_controller) by extension 'ignore'
[0.294s] Level 1:colcon.colcon_core.package_identification:_identify(src/cr7_robot_controller) by extension 'ignore_ament_install'
[0.294s] Level 1:colcon.colcon_core.package_identification:_identify(src/cr7_robot_controller) by extensions ['colcon_pkg']
[0.294s] Level 1:colcon.colcon_core.package_identification:_identify(src/cr7_robot_controller) by extension 'colcon_pkg'
[0.294s] Level 1:colcon.colcon_core.package_identification:_identify(src/cr7_robot_controller) by extensions ['colcon_meta']
[0.294s] Level 1:colcon.colcon_core.package_identification:_identify(src/cr7_robot_controller) by extension 'colcon_meta'
[0.294s] Level 1:colcon.colcon_core.package_identification:_identify(src/cr7_robot_controller) by extensions ['ros']
[0.294s] Level 1:colcon.colcon_core.package_identification:_identify(src/cr7_robot_controller) by extension 'ros'
[0.297s] DEBUG:colcon.colcon_core.package_identification:Package 'src/cr7_robot_controller' with type 'ros.ament_cmake' and name 'cr7_robot_controller'
[0.297s] Level 1:colcon.colcon_core.package_identification:_identify(src/hello_moveit) by extensions ['ignore', 'ignore_ament_install']
[0.297s] Level 1:colcon.colcon_core.package_identification:_identify(src/hello_moveit) by extension 'ignore'
[0.298s] Level 1:colcon.colcon_core.package_identification:_identify(src/hello_moveit) by extension 'ignore_ament_install'
[0.298s] Level 1:colcon.colcon_core.package_identification:_identify(src/hello_moveit) by extensions ['colcon_pkg']
[0.298s] Level 1:colcon.colcon_core.package_identification:_identify(src/hello_moveit) by extension 'colcon_pkg'
[0.298s] Level 1:colcon.colcon_core.package_identification:_identify(src/hello_moveit) by extensions ['colcon_meta']
[0.298s] Level 1:colcon.colcon_core.package_identification:_identify(src/hello_moveit) by extension 'colcon_meta'
[0.298s] Level 1:colcon.colcon_core.package_identification:_identify(src/hello_moveit) by extensions ['ros']
[0.298s] Level 1:colcon.colcon_core.package_identification:_identify(src/hello_moveit) by extension 'ros'
[0.298s] DEBUG:colcon.colcon_core.package_identification:Package 'src/hello_moveit' with type 'ros.ament_cmake' and name 'hello_moveit'
[0.298s] Level 1:colcon.colcon_core.package_discovery:discover_packages(recursive) using defaults
[0.298s] Level 1:colcon.colcon_core.package_discovery:discover_packages(ignore) discover
[0.298s] Level 1:colcon.colcon_core.package_discovery:discover_packages(ignore) using defaults
[0.298s] Level 1:colcon.colcon_core.package_discovery:discover_packages(path) discover
[0.298s] Level 1:colcon.colcon_core.package_discovery:discover_packages(path) using defaults
[0.326s] Level 1:colcon.colcon_core.package_discovery:discover_packages(prefix_path) check parameters
[0.326s] Level 1:colcon.colcon_core.package_discovery:discover_packages(prefix_path) discover
[0.330s] DEBUG:colcon.colcon_installed_package_information.package_discovery:Found 2 installed packages in /home/xionggu/cx_moveit_test/cx_moveit2/ws_moveit/install
[0.332s] DEBUG:colcon.colcon_installed_package_information.package_discovery:Found 56 installed packages in /home/xionggu/moveit2_ws/install
[0.333s] DEBUG:colcon.colcon_installed_package_information.package_discovery:Found 19 installed packages in /home/xionggu/dobot_ws_test/install
[0.335s] DEBUG:colcon.colcon_installed_package_information.package_discovery:Found 373 installed packages in /opt/ros/humble
[0.338s] Level 1:colcon.colcon_core.package_discovery:discover_packages(prefix_path) using defaults
[0.385s] Level 5:colcon.colcon_core.verb:set package 'cr7_robot_controller' build argument 'cmake_args' from command line to 'None'
[0.385s] Level 5:colcon.colcon_core.verb:set package 'cr7_robot_controller' build argument 'cmake_target' from command line to 'None'
[0.385s] Level 5:colcon.colcon_core.verb:set package 'cr7_robot_controller' build argument 'cmake_target_skip_unavailable' from command line to 'False'
[0.385s] Level 5:colcon.colcon_core.verb:set package 'cr7_robot_controller' build argument 'cmake_clean_cache' from command line to 'False'
[0.385s] Level 5:colcon.colcon_core.verb:set package 'cr7_robot_controller' build argument 'cmake_clean_first' from command line to 'False'
[0.385s] Level 5:colcon.colcon_core.verb:set package 'cr7_robot_controller' build argument 'cmake_force_configure' from command line to 'False'
[0.385s] Level 5:colcon.colcon_core.verb:set package 'cr7_robot_controller' build argument 'ament_cmake_args' from command line to 'None'
[0.385s] Level 5:colcon.colcon_core.verb:set package 'cr7_robot_controller' build argument 'catkin_cmake_args' from command line to 'None'
[0.385s] Level 5:colcon.colcon_core.verb:set package 'cr7_robot_controller' build argument 'catkin_skip_building_tests' from command line to 'False'
[0.385s] DEBUG:colcon.colcon_core.verb:Building package 'cr7_robot_controller' with the following arguments: {'ament_cmake_args': None, 'build_base': '/home/xionggu/cx_moveit_test/cx_moveit2/ws_moveit/build/cr7_robot_controller', 'catkin_cmake_args': None, 'catkin_skip_building_tests': False, 'cmake_args': None, 'cmake_clean_cache': False, 'cmake_clean_first': False, 'cmake_force_configure': False, 'cmake_target': None, 'cmake_target_skip_unavailable': False, 'install_base': '/home/xionggu/cx_moveit_test/cx_moveit2/ws_moveit/install/cr7_robot_controller', 'merge_install': False, 'path': '/home/xionggu/cx_moveit_test/cx_moveit2/ws_moveit/src/cr7_robot_controller', 'symlink_install': False, 'test_result_base': None}
[0.385s] Level 5:colcon.colcon_core.verb:set package 'hello_moveit' build argument 'cmake_args' from command line to 'None'
[0.385s] Level 5:colcon.colcon_core.verb:set package 'hello_moveit' build argument 'cmake_target' from command line to 'None'
[0.385s] Level 5:colcon.colcon_core.verb:set package 'hello_moveit' build argument 'cmake_target_skip_unavailable' from command line to 'False'
[0.385s] Level 5:colcon.colcon_core.verb:set package 'hello_moveit' build argument 'cmake_clean_cache' from command line to 'False'
[0.385s] Level 5:colcon.colcon_core.verb:set package 'hello_moveit' build argument 'cmake_clean_first' from command line to 'False'
[0.385s] Level 5:colcon.colcon_core.verb:set package 'hello_moveit' build argument 'cmake_force_configure' from command line to 'False'
[0.385s] Level 5:colcon.colcon_core.verb:set package 'hello_moveit' build argument 'ament_cmake_args' from command line to 'None'
[0.385s] Level 5:colcon.colcon_core.verb:set package 'hello_moveit' build argument 'catkin_cmake_args' from command line to 'None'
[0.385s] Level 5:colcon.colcon_core.verb:set package 'hello_moveit' build argument 'catkin_skip_building_tests' from command line to 'False'
[0.385s] DEBUG:colcon.colcon_core.verb:Building package 'hello_moveit' with the following arguments: {'ament_cmake_args': None, 'build_base': '/home/xionggu/cx_moveit_test/cx_moveit2/ws_moveit/build/hello_moveit', 'catkin_cmake_args': None, 'catkin_skip_building_tests': False, 'cmake_args': None, 'cmake_clean_cache': False, 'cmake_clean_first': False, 'cmake_force_configure': False, 'cmake_target': None, 'cmake_target_skip_unavailable': False, 'install_base': '/home/xionggu/cx_moveit_test/cx_moveit2/ws_moveit/install/hello_moveit', 'merge_install': False, 'path': '/home/xionggu/cx_moveit_test/cx_moveit2/ws_moveit/src/hello_moveit', 'symlink_install': False, 'test_result_base': None}
[0.386s] INFO:colcon.colcon_core.executor:Executing jobs using 'parallel' executor
[0.386s] DEBUG:colcon.colcon_parallel_executor.executor.parallel:run_until_complete
[0.386s] INFO:colcon.colcon_ros.task.ament_cmake.build:Building ROS package in '/home/xionggu/cx_moveit_test/cx_moveit2/ws_moveit/src/cr7_robot_controller' with build type 'ament_cmake'
[0.387s] INFO:colcon.colcon_cmake.task.cmake.build:Building CMake package in '/home/xionggu/cx_moveit_test/cx_moveit2/ws_moveit/src/cr7_robot_controller'
[0.389s] INFO:colcon.colcon_core.plugin_system:Skipping extension 'colcon_core.shell.bat': Not used on non-Windows systems
[0.389s] INFO:colcon.colcon_core.shell:Skip shell extension 'powershell' for command environment: Not usable outside of PowerShell
[0.389s] DEBUG:colcon.colcon_core.shell:Skip shell extension 'dsv' for command environment
[0.410s] INFO:colcon.colcon_ros.task.ament_cmake.build:Building ROS package in '/home/xionggu/cx_moveit_test/cx_moveit2/ws_moveit/src/hello_moveit' with build type 'ament_cmake'
[0.410s] INFO:colcon.colcon_cmake.task.cmake.build:Building CMake package in '/home/xionggu/cx_moveit_test/cx_moveit2/ws_moveit/src/hello_moveit'
[0.410s] INFO:colcon.colcon_core.shell:Skip shell extension 'powershell' for command environment: Not usable outside of PowerShell
[0.410s] DEBUG:colcon.colcon_core.shell:Skip shell extension 'dsv' for command environment
[0.429s] DEBUG:colcon.colcon_core.event_handler.log_command:Invoking command in '/home/xionggu/cx_moveit_test/cx_moveit2/ws_moveit/build/cr7_robot_controller': CMAKE_PREFIX_PATH=${CMAKE_PREFIX_PATH}:/home/xionggu/moveit2_ws/install/moveit_configs_utils:/home/xionggu/moveit2_ws/install/launch_param_builder:/home/xionggu/dobot_ws_test/install/servo_action:/home/xionggu/dobot_ws_test/install/dobot_moveit:/home/xionggu/dobot_ws_test/install/dobot_demo:/opt/ros/humble HISTTIMEFORMAT= %F %T /usr/bin/cmake --build /home/xionggu/cx_moveit_test/cx_moveit2/ws_moveit/build/cr7_robot_controller -- -j8 -l8
[0.456s] DEBUG:colcon.colcon_core.event_handler.log_command:Invoking command in '/home/xionggu/cx_moveit_test/cx_moveit2/ws_moveit/build/hello_moveit': CMAKE_PREFIX_PATH=${CMAKE_PREFIX_PATH}:/home/xionggu/moveit2_ws/install/moveit_configs_utils:/home/xionggu/moveit2_ws/install/launch_param_builder:/home/xionggu/dobot_ws_test/install/servo_action:/home/xionggu/dobot_ws_test/install/dobot_moveit:/home/xionggu/dobot_ws_test/install/dobot_demo:/opt/ros/humble HISTTIMEFORMAT= %F %T /usr/bin/cmake --build /home/xionggu/cx_moveit_test/cx_moveit2/ws_moveit/build/hello_moveit -- -j8 -l8
[0.646s] DEBUG:colcon.colcon_core.event_handler.log_command:Invoked command in '/home/xionggu/cx_moveit_test/cx_moveit2/ws_moveit/build/hello_moveit' returned '0': CMAKE_PREFIX_PATH=${CMAKE_PREFIX_PATH}:/home/xionggu/moveit2_ws/install/moveit_configs_utils:/home/xionggu/moveit2_ws/install/launch_param_builder:/home/xionggu/dobot_ws_test/install/servo_action:/home/xionggu/dobot_ws_test/install/dobot_moveit:/home/xionggu/dobot_ws_test/install/dobot_demo:/opt/ros/humble HISTTIMEFORMAT= %F %T /usr/bin/cmake --build /home/xionggu/cx_moveit_test/cx_moveit2/ws_moveit/build/hello_moveit -- -j8 -l8
[0.675s] DEBUG:colcon.colcon_core.event_handler.log_command:Invoking command in '/home/xionggu/cx_moveit_test/cx_moveit2/ws_moveit/build/hello_moveit': CMAKE_PREFIX_PATH=${CMAKE_PREFIX_PATH}:/home/xionggu/moveit2_ws/install/moveit_configs_utils:/home/xionggu/moveit2_ws/install/launch_param_builder:/home/xionggu/dobot_ws_test/install/servo_action:/home/xionggu/dobot_ws_test/install/dobot_moveit:/home/xionggu/dobot_ws_test/install/dobot_demo:/opt/ros/humble HISTTIMEFORMAT= %F %T /usr/bin/cmake --install /home/xionggu/cx_moveit_test/cx_moveit2/ws_moveit/build/hello_moveit
[0.690s] Level 1:colcon.colcon_core.environment:create_environment_scripts_only(hello_moveit)
[0.691s] Level 1:colcon.colcon_core.environment:checking '/home/xionggu/cx_moveit_test/cx_moveit2/ws_moveit/install/hello_moveit' for CMake module files
[0.692s] Level 1:colcon.colcon_core.environment:checking '/home/xionggu/cx_moveit_test/cx_moveit2/ws_moveit/install/hello_moveit' for CMake config files
[0.692s] Level 1:colcon.colcon_core.shell:create_environment_hook('hello_moveit', 'cmake_prefix_path')
[0.693s] INFO:colcon.colcon_core.shell:Creating environment hook '/home/xionggu/cx_moveit_test/cx_moveit2/ws_moveit/install/hello_moveit/share/hello_moveit/hook/cmake_prefix_path.ps1'
[0.693s] INFO:colcon.colcon_core.shell:Creating environment descriptor '/home/xionggu/cx_moveit_test/cx_moveit2/ws_moveit/install/hello_moveit/share/hello_moveit/hook/cmake_prefix_path.dsv'
[0.693s] INFO:colcon.colcon_core.shell:Creating environment hook '/home/xionggu/cx_moveit_test/cx_moveit2/ws_moveit/install/hello_moveit/share/hello_moveit/hook/cmake_prefix_path.sh'
[0.694s] DEBUG:colcon.colcon_core.event_handler.log_command:Invoked command in '/home/xionggu/cx_moveit_test/cx_moveit2/ws_moveit/build/hello_moveit' returned '0': CMAKE_PREFIX_PATH=${CMAKE_PREFIX_PATH}:/home/xionggu/moveit2_ws/install/moveit_configs_utils:/home/xionggu/moveit2_ws/install/launch_param_builder:/home/xionggu/dobot_ws_test/install/servo_action:/home/xionggu/dobot_ws_test/install/dobot_moveit:/home/xionggu/dobot_ws_test/install/dobot_demo:/opt/ros/humble HISTTIMEFORMAT= %F %T /usr/bin/cmake --install /home/xionggu/cx_moveit_test/cx_moveit2/ws_moveit/build/hello_moveit
[0.695s] Level 1:colcon.colcon_core.environment:checking '/home/xionggu/cx_moveit_test/cx_moveit2/ws_moveit/install/hello_moveit/lib'
[0.695s] Level 1:colcon.colcon_core.environment:checking '/home/xionggu/cx_moveit_test/cx_moveit2/ws_moveit/install/hello_moveit/bin'
[0.695s] Level 1:colcon.colcon_core.environment:checking '/home/xionggu/cx_moveit_test/cx_moveit2/ws_moveit/install/hello_moveit/lib/pkgconfig/hello_moveit.pc'
[0.695s] Level 1:colcon.colcon_core.environment:checking '/home/xionggu/cx_moveit_test/cx_moveit2/ws_moveit/install/hello_moveit/lib/python3.10/site-packages'
[0.695s] Level 1:colcon.colcon_core.environment:checking '/home/xionggu/cx_moveit_test/cx_moveit2/ws_moveit/install/hello_moveit/bin'
[0.695s] INFO:colcon.colcon_core.shell:Creating package script '/home/xionggu/cx_moveit_test/cx_moveit2/ws_moveit/install/hello_moveit/share/hello_moveit/package.ps1'
[0.696s] INFO:colcon.colcon_core.shell:Creating package descriptor '/home/xionggu/cx_moveit_test/cx_moveit2/ws_moveit/install/hello_moveit/share/hello_moveit/package.dsv'
[0.696s] INFO:colcon.colcon_core.shell:Creating package script '/home/xionggu/cx_moveit_test/cx_moveit2/ws_moveit/install/hello_moveit/share/hello_moveit/package.sh'
[0.697s] INFO:colcon.colcon_core.shell:Creating package script '/home/xionggu/cx_moveit_test/cx_moveit2/ws_moveit/install/hello_moveit/share/hello_moveit/package.bash'
[0.698s] INFO:colcon.colcon_core.shell:Creating package script '/home/xionggu/cx_moveit_test/cx_moveit2/ws_moveit/install/hello_moveit/share/hello_moveit/package.zsh'
[0.698s] Level 1:colcon.colcon_core.environment:create_file_with_runtime_dependencies(/home/xionggu/cx_moveit_test/cx_moveit2/ws_moveit/install/hello_moveit/share/colcon-core/packages/hello_moveit)
[0.698s] Level 1:colcon.colcon_core.environment:create_environment_scripts_only(hello_moveit)
[0.699s] Level 1:colcon.colcon_core.environment:checking '/home/xionggu/cx_moveit_test/cx_moveit2/ws_moveit/install/hello_moveit' for CMake module files
[0.699s] Level 1:colcon.colcon_core.environment:checking '/home/xionggu/cx_moveit_test/cx_moveit2/ws_moveit/install/hello_moveit' for CMake config files
[0.699s] Level 1:colcon.colcon_core.shell:create_environment_hook('hello_moveit', 'cmake_prefix_path')
[0.699s] INFO:colcon.colcon_core.shell:Creating environment hook '/home/xionggu/cx_moveit_test/cx_moveit2/ws_moveit/install/hello_moveit/share/hello_moveit/hook/cmake_prefix_path.ps1'
[0.701s] INFO:colcon.colcon_core.shell:Creating environment descriptor '/home/xionggu/cx_moveit_test/cx_moveit2/ws_moveit/install/hello_moveit/share/hello_moveit/hook/cmake_prefix_path.dsv'
[0.701s] INFO:colcon.colcon_core.shell:Creating environment hook '/home/xionggu/cx_moveit_test/cx_moveit2/ws_moveit/install/hello_moveit/share/hello_moveit/hook/cmake_prefix_path.sh'
[0.701s] Level 1:colcon.colcon_core.environment:checking '/home/xionggu/cx_moveit_test/cx_moveit2/ws_moveit/install/hello_moveit/lib'
[0.701s] Level 1:colcon.colcon_core.environment:checking '/home/xionggu/cx_moveit_test/cx_moveit2/ws_moveit/install/hello_moveit/bin'
[0.701s] Level 1:colcon.colcon_core.environment:checking '/home/xionggu/cx_moveit_test/cx_moveit2/ws_moveit/install/hello_moveit/lib/pkgconfig/hello_moveit.pc'
[0.702s] Level 1:colcon.colcon_core.environment:checking '/home/xionggu/cx_moveit_test/cx_moveit2/ws_moveit/install/hello_moveit/lib/python3.10/site-packages'
[0.702s] Level 1:colcon.colcon_core.environment:checking '/home/xionggu/cx_moveit_test/cx_moveit2/ws_moveit/install/hello_moveit/bin'
[0.702s] INFO:colcon.colcon_core.shell:Creating package script '/home/xionggu/cx_moveit_test/cx_moveit2/ws_moveit/install/hello_moveit/share/hello_moveit/package.ps1'
[0.702s] INFO:colcon.colcon_core.shell:Creating package descriptor '/home/xionggu/cx_moveit_test/cx_moveit2/ws_moveit/install/hello_moveit/share/hello_moveit/package.dsv'
[0.703s] INFO:colcon.colcon_core.shell:Creating package script '/home/xionggu/cx_moveit_test/cx_moveit2/ws_moveit/install/hello_moveit/share/hello_moveit/package.sh'
[0.703s] INFO:colcon.colcon_core.shell:Creating package script '/home/xionggu/cx_moveit_test/cx_moveit2/ws_moveit/install/hello_moveit/share/hello_moveit/package.bash'
[0.703s] INFO:colcon.colcon_core.shell:Creating package script '/home/xionggu/cx_moveit_test/cx_moveit2/ws_moveit/install/hello_moveit/share/hello_moveit/package.zsh'
[0.704s] Level 1:colcon.colcon_core.environment:create_file_with_runtime_dependencies(/home/xionggu/cx_moveit_test/cx_moveit2/ws_moveit/install/hello_moveit/share/colcon-core/packages/hello_moveit)
[8.211s] DEBUG:colcon.colcon_core.event_handler.log_command:Invoked command in '/home/xionggu/cx_moveit_test/cx_moveit2/ws_moveit/build/cr7_robot_controller' returned '0': CMAKE_PREFIX_PATH=${CMAKE_PREFIX_PATH}:/home/xionggu/moveit2_ws/install/moveit_configs_utils:/home/xionggu/moveit2_ws/install/launch_param_builder:/home/xionggu/dobot_ws_test/install/servo_action:/home/xionggu/dobot_ws_test/install/dobot_moveit:/home/xionggu/dobot_ws_test/install/dobot_demo:/opt/ros/humble HISTTIMEFORMAT= %F %T /usr/bin/cmake --build /home/xionggu/cx_moveit_test/cx_moveit2/ws_moveit/build/cr7_robot_controller -- -j8 -l8
[8.213s] DEBUG:colcon.colcon_core.event_handler.log_command:Invoking command in '/home/xionggu/cx_moveit_test/cx_moveit2/ws_moveit/build/cr7_robot_controller': CMAKE_PREFIX_PATH=${CMAKE_PREFIX_PATH}:/home/xionggu/moveit2_ws/install/moveit_configs_utils:/home/xionggu/moveit2_ws/install/launch_param_builder:/home/xionggu/dobot_ws_test/install/servo_action:/home/xionggu/dobot_ws_test/install/dobot_moveit:/home/xionggu/dobot_ws_test/install/dobot_demo:/opt/ros/humble HISTTIMEFORMAT= %F %T /usr/bin/cmake --install /home/xionggu/cx_moveit_test/cx_moveit2/ws_moveit/build/cr7_robot_controller
[8.229s] Level 1:colcon.colcon_core.environment:create_environment_scripts_only(cr7_robot_controller)
[8.229s] Level 1:colcon.colcon_core.environment:checking '/home/xionggu/cx_moveit_test/cx_moveit2/ws_moveit/install/cr7_robot_controller' for CMake module files
[8.229s] DEBUG:colcon.colcon_core.event_handler.log_command:Invoked command in '/home/xionggu/cx_moveit_test/cx_moveit2/ws_moveit/build/cr7_robot_controller' returned '0': CMAKE_PREFIX_PATH=${CMAKE_PREFIX_PATH}:/home/xionggu/moveit2_ws/install/moveit_configs_utils:/home/xionggu/moveit2_ws/install/launch_param_builder:/home/xionggu/dobot_ws_test/install/servo_action:/home/xionggu/dobot_ws_test/install/dobot_moveit:/home/xionggu/dobot_ws_test/install/dobot_demo:/opt/ros/humble HISTTIMEFORMAT= %F %T /usr/bin/cmake --install /home/xionggu/cx_moveit_test/cx_moveit2/ws_moveit/build/cr7_robot_controller
[8.230s] Level 1:colcon.colcon_core.environment:checking '/home/xionggu/cx_moveit_test/cx_moveit2/ws_moveit/install/cr7_robot_controller' for CMake config files
[8.230s] Level 1:colcon.colcon_core.shell:create_environment_hook('cr7_robot_controller', 'cmake_prefix_path')
[8.230s] INFO:colcon.colcon_core.shell:Creating environment hook '/home/xionggu/cx_moveit_test/cx_moveit2/ws_moveit/install/cr7_robot_controller/share/cr7_robot_controller/hook/cmake_prefix_path.ps1'
[8.231s] INFO:colcon.colcon_core.shell:Creating environment descriptor '/home/xionggu/cx_moveit_test/cx_moveit2/ws_moveit/install/cr7_robot_controller/share/cr7_robot_controller/hook/cmake_prefix_path.dsv'
[8.231s] INFO:colcon.colcon_core.shell:Creating environment hook '/home/xionggu/cx_moveit_test/cx_moveit2/ws_moveit/install/cr7_robot_controller/share/cr7_robot_controller/hook/cmake_prefix_path.sh'
[8.231s] Level 1:colcon.colcon_core.environment:checking '/home/xionggu/cx_moveit_test/cx_moveit2/ws_moveit/install/cr7_robot_controller/lib'
[8.231s] Level 1:colcon.colcon_core.environment:checking '/home/xionggu/cx_moveit_test/cx_moveit2/ws_moveit/install/cr7_robot_controller/bin'
[8.231s] Level 1:colcon.colcon_core.environment:checking '/home/xionggu/cx_moveit_test/cx_moveit2/ws_moveit/install/cr7_robot_controller/lib/pkgconfig/cr7_robot_controller.pc'
[8.232s] Level 1:colcon.colcon_core.environment:checking '/home/xionggu/cx_moveit_test/cx_moveit2/ws_moveit/install/cr7_robot_controller/lib/python3.10/site-packages'
[8.232s] Level 1:colcon.colcon_core.environment:checking '/home/xionggu/cx_moveit_test/cx_moveit2/ws_moveit/install/cr7_robot_controller/bin'
[8.232s] INFO:colcon.colcon_core.shell:Creating package script '/home/xionggu/cx_moveit_test/cx_moveit2/ws_moveit/install/cr7_robot_controller/share/cr7_robot_controller/package.ps1'
[8.232s] INFO:colcon.colcon_core.shell:Creating package descriptor '/home/xionggu/cx_moveit_test/cx_moveit2/ws_moveit/install/cr7_robot_controller/share/cr7_robot_controller/package.dsv'
[8.233s] INFO:colcon.colcon_core.shell:Creating package script '/home/xionggu/cx_moveit_test/cx_moveit2/ws_moveit/install/cr7_robot_controller/share/cr7_robot_controller/package.sh'
[8.233s] INFO:colcon.colcon_core.shell:Creating package script '/home/xionggu/cx_moveit_test/cx_moveit2/ws_moveit/install/cr7_robot_controller/share/cr7_robot_controller/package.bash'
[8.233s] INFO:colcon.colcon_core.shell:Creating package script '/home/xionggu/cx_moveit_test/cx_moveit2/ws_moveit/install/cr7_robot_controller/share/cr7_robot_controller/package.zsh'
[8.234s] Level 1:colcon.colcon_core.environment:create_file_with_runtime_dependencies(/home/xionggu/cx_moveit_test/cx_moveit2/ws_moveit/install/cr7_robot_controller/share/colcon-core/packages/cr7_robot_controller)
[8.234s] Level 1:colcon.colcon_core.environment:create_environment_scripts_only(cr7_robot_controller)
[8.234s] Level 1:colcon.colcon_core.environment:checking '/home/xionggu/cx_moveit_test/cx_moveit2/ws_moveit/install/cr7_robot_controller' for CMake module files
[8.236s] Level 1:colcon.colcon_core.environment:checking '/home/xionggu/cx_moveit_test/cx_moveit2/ws_moveit/install/cr7_robot_controller' for CMake config files
[8.237s] Level 1:colcon.colcon_core.shell:create_environment_hook('cr7_robot_controller', 'cmake_prefix_path')
[8.237s] INFO:colcon.colcon_core.shell:Creating environment hook '/home/xionggu/cx_moveit_test/cx_moveit2/ws_moveit/install/cr7_robot_controller/share/cr7_robot_controller/hook/cmake_prefix_path.ps1'
[8.237s] INFO:colcon.colcon_core.shell:Creating environment descriptor '/home/xionggu/cx_moveit_test/cx_moveit2/ws_moveit/install/cr7_robot_controller/share/cr7_robot_controller/hook/cmake_prefix_path.dsv'
[8.237s] INFO:colcon.colcon_core.shell:Creating environment hook '/home/xionggu/cx_moveit_test/cx_moveit2/ws_moveit/install/cr7_robot_controller/share/cr7_robot_controller/hook/cmake_prefix_path.sh'
[8.238s] Level 1:colcon.colcon_core.environment:checking '/home/xionggu/cx_moveit_test/cx_moveit2/ws_moveit/install/cr7_robot_controller/lib'
[8.238s] Level 1:colcon.colcon_core.environment:checking '/home/xionggu/cx_moveit_test/cx_moveit2/ws_moveit/install/cr7_robot_controller/bin'
[8.238s] Level 1:colcon.colcon_core.environment:checking '/home/xionggu/cx_moveit_test/cx_moveit2/ws_moveit/install/cr7_robot_controller/lib/pkgconfig/cr7_robot_controller.pc'
[8.238s] Level 1:colcon.colcon_core.environment:checking '/home/xionggu/cx_moveit_test/cx_moveit2/ws_moveit/install/cr7_robot_controller/lib/python3.10/site-packages'
[8.238s] Level 1:colcon.colcon_core.environment:checking '/home/xionggu/cx_moveit_test/cx_moveit2/ws_moveit/install/cr7_robot_controller/bin'
[8.238s] INFO:colcon.colcon_core.shell:Creating package script '/home/xionggu/cx_moveit_test/cx_moveit2/ws_moveit/install/cr7_robot_controller/share/cr7_robot_controller/package.ps1'
[8.239s] INFO:colcon.colcon_core.shell:Creating package descriptor '/home/xionggu/cx_moveit_test/cx_moveit2/ws_moveit/install/cr7_robot_controller/share/cr7_robot_controller/package.dsv'
[8.239s] INFO:colcon.colcon_core.shell:Creating package script '/home/xionggu/cx_moveit_test/cx_moveit2/ws_moveit/install/cr7_robot_controller/share/cr7_robot_controller/package.sh'
[8.239s] INFO:colcon.colcon_core.shell:Creating package script '/home/xionggu/cx_moveit_test/cx_moveit2/ws_moveit/install/cr7_robot_controller/share/cr7_robot_controller/package.bash'
[8.240s] INFO:colcon.colcon_core.shell:Creating package script '/home/xionggu/cx_moveit_test/cx_moveit2/ws_moveit/install/cr7_robot_controller/share/cr7_robot_controller/package.zsh'
[8.240s] Level 1:colcon.colcon_core.environment:create_file_with_runtime_dependencies(/home/xionggu/cx_moveit_test/cx_moveit2/ws_moveit/install/cr7_robot_controller/share/colcon-core/packages/cr7_robot_controller)
[8.240s] DEBUG:colcon.colcon_parallel_executor.executor.parallel:closing loop
[8.243s] DEBUG:colcon.colcon_parallel_executor.executor.parallel:loop closed
[8.243s] DEBUG:colcon.colcon_parallel_executor.executor.parallel:run_until_complete finished with '0'
[8.243s] DEBUG:colcon.colcon_core.event_reactor:joining thread
[8.250s] INFO:colcon.colcon_core.plugin_system:Skipping extension 'colcon_notification.desktop_notification.terminal_notifier': Not used on non-Darwin systems
[8.250s] INFO:colcon.colcon_core.plugin_system:Skipping extension 'colcon_notification.desktop_notification.win32': Not used on non-Windows systems
[8.250s] INFO:colcon.colcon_notification.desktop_notification:Sending desktop notification using 'notify2'
[8.261s] DEBUG:colcon.colcon_core.event_reactor:joined thread
[8.262s] INFO:colcon.colcon_core.shell:Creating prefix script '/home/xionggu/cx_moveit_test/cx_moveit2/ws_moveit/install/local_setup.ps1'
[8.262s] INFO:colcon.colcon_core.shell:Creating prefix util module '/home/xionggu/cx_moveit_test/cx_moveit2/ws_moveit/install/_local_setup_util_ps1.py'
[8.264s] INFO:colcon.colcon_core.shell:Creating prefix chain script '/home/xionggu/cx_moveit_test/cx_moveit2/ws_moveit/install/setup.ps1'
[8.268s] INFO:colcon.colcon_core.shell:Creating prefix script '/home/xionggu/cx_moveit_test/cx_moveit2/ws_moveit/install/local_setup.sh'
[8.268s] INFO:colcon.colcon_core.shell:Creating prefix util module '/home/xionggu/cx_moveit_test/cx_moveit2/ws_moveit/install/_local_setup_util_sh.py'
[8.268s] INFO:colcon.colcon_core.shell:Creating prefix chain script '/home/xionggu/cx_moveit_test/cx_moveit2/ws_moveit/install/setup.sh'
[8.272s] INFO:colcon.colcon_core.shell:Creating prefix script '/home/xionggu/cx_moveit_test/cx_moveit2/ws_moveit/install/local_setup.bash'
[8.273s] INFO:colcon.colcon_core.shell:Creating prefix chain script '/home/xionggu/cx_moveit_test/cx_moveit2/ws_moveit/install/setup.bash'
[8.286s] INFO:colcon.colcon_core.shell:Creating prefix script '/home/xionggu/cx_moveit_test/cx_moveit2/ws_moveit/install/local_setup.zsh'
[8.286s] INFO:colcon.colcon_core.shell:Creating prefix chain script '/home/xionggu/cx_moveit_test/cx_moveit2/ws_moveit/install/setup.zsh'
