[0.104s] DEBUG:colcon:Command line arguments: ['/usr/bin/colcon', 'build']
[0.104s] DEBUG:colcon:Parsed command line arguments: Namespace(log_base=None, log_level=None, verb_name='build', build_base='build', install_base='install', merge_install=False, symlink_install=False, test_result_base=None, continue_on_error=False, executor='parallel', parallel_workers=8, event_handlers=None, ignore_user_meta=False, metas=['./colcon.meta'], base_paths=['.'], packages_ignore=None, packages_ignore_regex=None, paths=None, packages_up_to=None, packages_up_to_regex=None, packages_above=None, packages_above_and_dependencies=None, packages_above_depth=None, packages_select_by_dep=None, packages_skip_by_dep=None, packages_skip_up_to=None, packages_select_build_failed=False, packages_skip_build_finished=False, packages_select_test_failures=False, packages_skip_test_passed=False, packages_select=None, packages_skip=None, packages_select_regex=None, packages_skip_regex=None, packages_start=None, packages_end=None, allow_overriding=[], cmake_args=None, cmake_target=None, cmake_target_skip_unavailable=False, cmake_clean_cache=False, cmake_clean_first=False, cmake_force_configure=False, ament_cmake_args=None, catkin_cmake_args=None, catkin_skip_building_tests=False, verb_parser=<colcon_defaults.argument_parser.defaults.DefaultArgumentsDecorator object at 0x7fbc015eab90>, verb_extension=<colcon_core.verb.build.BuildVerb object at 0x7fbc015ea680>, main=<bound method BuildVerb.main of <colcon_core.verb.build.BuildVerb object at 0x7fbc015ea680>>)
[0.247s] Level 1:colcon.colcon_core.package_discovery:discover_packages(colcon_meta) check parameters
[0.247s] Level 1:colcon.colcon_core.package_discovery:discover_packages(recursive) check parameters
[0.247s] Level 1:colcon.colcon_core.package_discovery:discover_packages(ignore) check parameters
[0.247s] Level 1:colcon.colcon_core.package_discovery:discover_packages(path) check parameters
[0.247s] Level 1:colcon.colcon_core.package_discovery:discover_packages(colcon_meta) discover
[0.247s] Level 1:colcon.colcon_core.package_discovery:discover_packages(recursive) discover
[0.247s] INFO:colcon.colcon_core.package_discovery:Crawling recursively for packages in '/home/xionggu/cx_moveit_test/cx_moveit2/ws_moveit'
[0.247s] Level 1:colcon.colcon_core.package_identification:_identify(.) by extensions ['ignore', 'ignore_ament_install']
[0.247s] Level 1:colcon.colcon_core.package_identification:_identify(.) by extension 'ignore'
[0.248s] Level 1:colcon.colcon_core.package_identification:_identify(.) by extension 'ignore_ament_install'
[0.248s] Level 1:colcon.colcon_core.package_identification:_identify(.) by extensions ['colcon_pkg']
[0.248s] Level 1:colcon.colcon_core.package_identification:_identify(.) by extension 'colcon_pkg'
[0.248s] Level 1:colcon.colcon_core.package_identification:_identify(.) by extensions ['colcon_meta']
[0.248s] Level 1:colcon.colcon_core.package_identification:_identify(.) by extension 'colcon_meta'
[0.248s] Level 1:colcon.colcon_core.package_identification:_identify(.) by extensions ['ros']
[0.248s] Level 1:colcon.colcon_core.package_identification:_identify(.) by extension 'ros'
[0.257s] Level 1:colcon.colcon_core.package_identification:_identify(.) by extensions ['cmake', 'python']
[0.258s] Level 1:colcon.colcon_core.package_identification:_identify(.) by extension 'cmake'
[0.258s] Level 1:colcon.colcon_core.package_identification:_identify(.) by extension 'python'
[0.258s] Level 1:colcon.colcon_core.package_identification:_identify(.) by extensions ['python_setup_py']
[0.258s] Level 1:colcon.colcon_core.package_identification:_identify(.) by extension 'python_setup_py'
[0.258s] Level 1:colcon.colcon_core.package_identification:_identify(build) by extensions ['ignore', 'ignore_ament_install']
[0.258s] Level 1:colcon.colcon_core.package_identification:_identify(build) by extension 'ignore'
[0.258s] Level 1:colcon.colcon_core.package_identification:_identify(build) ignored
[0.258s] Level 1:colcon.colcon_core.package_identification:_identify(install) by extensions ['ignore', 'ignore_ament_install']
[0.258s] Level 1:colcon.colcon_core.package_identification:_identify(install) by extension 'ignore'
[0.259s] Level 1:colcon.colcon_core.package_identification:_identify(install) ignored
[0.259s] Level 1:colcon.colcon_core.package_identification:_identify(log) by extensions ['ignore', 'ignore_ament_install']
[0.259s] Level 1:colcon.colcon_core.package_identification:_identify(log) by extension 'ignore'
[0.259s] Level 1:colcon.colcon_core.package_identification:_identify(log) ignored
[0.259s] Level 1:colcon.colcon_core.package_identification:_identify(src) by extensions ['ignore', 'ignore_ament_install']
[0.259s] Level 1:colcon.colcon_core.package_identification:_identify(src) by extension 'ignore'
[0.259s] Level 1:colcon.colcon_core.package_identification:_identify(src) by extension 'ignore_ament_install'
[0.259s] Level 1:colcon.colcon_core.package_identification:_identify(src) by extensions ['colcon_pkg']
[0.259s] Level 1:colcon.colcon_core.package_identification:_identify(src) by extension 'colcon_pkg'
[0.259s] Level 1:colcon.colcon_core.package_identification:_identify(src) by extensions ['colcon_meta']
[0.259s] Level 1:colcon.colcon_core.package_identification:_identify(src) by extension 'colcon_meta'
[0.260s] Level 1:colcon.colcon_core.package_identification:_identify(src) by extensions ['ros']
[0.260s] Level 1:colcon.colcon_core.package_identification:_identify(src) by extension 'ros'
[0.260s] Level 1:colcon.colcon_core.package_identification:_identify(src) by extensions ['cmake', 'python']
[0.260s] Level 1:colcon.colcon_core.package_identification:_identify(src) by extension 'cmake'
[0.260s] Level 1:colcon.colcon_core.package_identification:_identify(src) by extension 'python'
[0.260s] Level 1:colcon.colcon_core.package_identification:_identify(src) by extensions ['python_setup_py']
[0.260s] Level 1:colcon.colcon_core.package_identification:_identify(src) by extension 'python_setup_py'
[0.260s] Level 1:colcon.colcon_core.package_identification:_identify(src/cr7_robot_controller) by extensions ['ignore', 'ignore_ament_install']
[0.260s] Level 1:colcon.colcon_core.package_identification:_identify(src/cr7_robot_controller) by extension 'ignore'
[0.260s] Level 1:colcon.colcon_core.package_identification:_identify(src/cr7_robot_controller) by extension 'ignore_ament_install'
[0.260s] Level 1:colcon.colcon_core.package_identification:_identify(src/cr7_robot_controller) by extensions ['colcon_pkg']
[0.260s] Level 1:colcon.colcon_core.package_identification:_identify(src/cr7_robot_controller) by extension 'colcon_pkg'
[0.261s] Level 1:colcon.colcon_core.package_identification:_identify(src/cr7_robot_controller) by extensions ['colcon_meta']
[0.261s] Level 1:colcon.colcon_core.package_identification:_identify(src/cr7_robot_controller) by extension 'colcon_meta'
[0.261s] Level 1:colcon.colcon_core.package_identification:_identify(src/cr7_robot_controller) by extensions ['ros']
[0.261s] Level 1:colcon.colcon_core.package_identification:_identify(src/cr7_robot_controller) by extension 'ros'
[0.263s] DEBUG:colcon.colcon_core.package_identification:Package 'src/cr7_robot_controller' with type 'ros.ament_cmake' and name 'cr7_robot_controller'
[0.264s] Level 1:colcon.colcon_core.package_identification:_identify(src/hello_moveit) by extensions ['ignore', 'ignore_ament_install']
[0.264s] Level 1:colcon.colcon_core.package_identification:_identify(src/hello_moveit) by extension 'ignore'
[0.264s] Level 1:colcon.colcon_core.package_identification:_identify(src/hello_moveit) by extension 'ignore_ament_install'
[0.264s] Level 1:colcon.colcon_core.package_identification:_identify(src/hello_moveit) by extensions ['colcon_pkg']
[0.264s] Level 1:colcon.colcon_core.package_identification:_identify(src/hello_moveit) by extension 'colcon_pkg'
[0.264s] Level 1:colcon.colcon_core.package_identification:_identify(src/hello_moveit) by extensions ['colcon_meta']
[0.264s] Level 1:colcon.colcon_core.package_identification:_identify(src/hello_moveit) by extension 'colcon_meta'
[0.264s] Level 1:colcon.colcon_core.package_identification:_identify(src/hello_moveit) by extensions ['ros']
[0.264s] Level 1:colcon.colcon_core.package_identification:_identify(src/hello_moveit) by extension 'ros'
[0.265s] DEBUG:colcon.colcon_core.package_identification:Package 'src/hello_moveit' with type 'ros.ament_cmake' and name 'hello_moveit'
[0.265s] Level 1:colcon.colcon_core.package_discovery:discover_packages(recursive) using defaults
[0.265s] Level 1:colcon.colcon_core.package_discovery:discover_packages(ignore) discover
[0.265s] Level 1:colcon.colcon_core.package_discovery:discover_packages(ignore) using defaults
[0.265s] Level 1:colcon.colcon_core.package_discovery:discover_packages(path) discover
[0.265s] Level 1:colcon.colcon_core.package_discovery:discover_packages(path) using defaults
[0.292s] Level 1:colcon.colcon_core.package_discovery:discover_packages(prefix_path) check parameters
[0.292s] Level 1:colcon.colcon_core.package_discovery:discover_packages(prefix_path) discover
[0.292s] WARNING:colcon.colcon_ros.prefix_path.ament:The path '/home/xionggu/cx_moveit_test/cx_moveit2/ws_moveit/install/hello_moveit' in the environment variable AMENT_PREFIX_PATH doesn't exist
[0.293s] WARNING:colcon.colcon_ros.prefix_path.ament:The path '/home/xionggu/cx_moveit_test/cx_moveit2/ws_moveit/install/cr7_robot_controller' in the environment variable AMENT_PREFIX_PATH doesn't exist
[0.295s] WARNING:colcon.colcon_ros.prefix_path.catkin:The path '/home/xionggu/cx_moveit_test/cx_moveit2/ws_moveit/install/hello_moveit' in the environment variable CMAKE_PREFIX_PATH doesn't exist
[0.295s] WARNING:colcon.colcon_ros.prefix_path.catkin:The path '/home/xionggu/cx_moveit_test/cx_moveit2/ws_moveit/install/cr7_robot_controller' in the environment variable CMAKE_PREFIX_PATH doesn't exist
[0.296s] DEBUG:colcon.colcon_installed_package_information.package_discovery:Found 0 installed packages in /home/xionggu/cx_moveit_test/cx_moveit2/ws_moveit/install
[0.298s] DEBUG:colcon.colcon_installed_package_information.package_discovery:Found 56 installed packages in /home/xionggu/moveit2_ws/install
[0.299s] DEBUG:colcon.colcon_installed_package_information.package_discovery:Found 19 installed packages in /home/xionggu/dobot_ws_test/install
[0.301s] DEBUG:colcon.colcon_installed_package_information.package_discovery:Found 373 installed packages in /opt/ros/humble
[0.304s] Level 1:colcon.colcon_core.package_discovery:discover_packages(prefix_path) using defaults
[0.349s] Level 5:colcon.colcon_core.verb:set package 'cr7_robot_controller' build argument 'cmake_args' from command line to 'None'
[0.349s] Level 5:colcon.colcon_core.verb:set package 'cr7_robot_controller' build argument 'cmake_target' from command line to 'None'
[0.349s] Level 5:colcon.colcon_core.verb:set package 'cr7_robot_controller' build argument 'cmake_target_skip_unavailable' from command line to 'False'
[0.349s] Level 5:colcon.colcon_core.verb:set package 'cr7_robot_controller' build argument 'cmake_clean_cache' from command line to 'False'
[0.349s] Level 5:colcon.colcon_core.verb:set package 'cr7_robot_controller' build argument 'cmake_clean_first' from command line to 'False'
[0.349s] Level 5:colcon.colcon_core.verb:set package 'cr7_robot_controller' build argument 'cmake_force_configure' from command line to 'False'
[0.349s] Level 5:colcon.colcon_core.verb:set package 'cr7_robot_controller' build argument 'ament_cmake_args' from command line to 'None'
[0.349s] Level 5:colcon.colcon_core.verb:set package 'cr7_robot_controller' build argument 'catkin_cmake_args' from command line to 'None'
[0.349s] Level 5:colcon.colcon_core.verb:set package 'cr7_robot_controller' build argument 'catkin_skip_building_tests' from command line to 'False'
[0.350s] DEBUG:colcon.colcon_core.verb:Building package 'cr7_robot_controller' with the following arguments: {'ament_cmake_args': None, 'build_base': '/home/xionggu/cx_moveit_test/cx_moveit2/ws_moveit/build/cr7_robot_controller', 'catkin_cmake_args': None, 'catkin_skip_building_tests': False, 'cmake_args': None, 'cmake_clean_cache': False, 'cmake_clean_first': False, 'cmake_force_configure': False, 'cmake_target': None, 'cmake_target_skip_unavailable': False, 'install_base': '/home/xionggu/cx_moveit_test/cx_moveit2/ws_moveit/install/cr7_robot_controller', 'merge_install': False, 'path': '/home/xionggu/cx_moveit_test/cx_moveit2/ws_moveit/src/cr7_robot_controller', 'symlink_install': False, 'test_result_base': None}
[0.350s] Level 5:colcon.colcon_core.verb:set package 'hello_moveit' build argument 'cmake_args' from command line to 'None'
[0.350s] Level 5:colcon.colcon_core.verb:set package 'hello_moveit' build argument 'cmake_target' from command line to 'None'
[0.350s] Level 5:colcon.colcon_core.verb:set package 'hello_moveit' build argument 'cmake_target_skip_unavailable' from command line to 'False'
[0.350s] Level 5:colcon.colcon_core.verb:set package 'hello_moveit' build argument 'cmake_clean_cache' from command line to 'False'
[0.350s] Level 5:colcon.colcon_core.verb:set package 'hello_moveit' build argument 'cmake_clean_first' from command line to 'False'
[0.350s] Level 5:colcon.colcon_core.verb:set package 'hello_moveit' build argument 'cmake_force_configure' from command line to 'False'
[0.350s] Level 5:colcon.colcon_core.verb:set package 'hello_moveit' build argument 'ament_cmake_args' from command line to 'None'
[0.350s] Level 5:colcon.colcon_core.verb:set package 'hello_moveit' build argument 'catkin_cmake_args' from command line to 'None'
[0.351s] Level 5:colcon.colcon_core.verb:set package 'hello_moveit' build argument 'catkin_skip_building_tests' from command line to 'False'
[0.351s] DEBUG:colcon.colcon_core.verb:Building package 'hello_moveit' with the following arguments: {'ament_cmake_args': None, 'build_base': '/home/xionggu/cx_moveit_test/cx_moveit2/ws_moveit/build/hello_moveit', 'catkin_cmake_args': None, 'catkin_skip_building_tests': False, 'cmake_args': None, 'cmake_clean_cache': False, 'cmake_clean_first': False, 'cmake_force_configure': False, 'cmake_target': None, 'cmake_target_skip_unavailable': False, 'install_base': '/home/xionggu/cx_moveit_test/cx_moveit2/ws_moveit/install/hello_moveit', 'merge_install': False, 'path': '/home/xionggu/cx_moveit_test/cx_moveit2/ws_moveit/src/hello_moveit', 'symlink_install': False, 'test_result_base': None}
[0.351s] INFO:colcon.colcon_core.executor:Executing jobs using 'parallel' executor
[0.352s] DEBUG:colcon.colcon_parallel_executor.executor.parallel:run_until_complete
[0.352s] INFO:colcon.colcon_ros.task.ament_cmake.build:Building ROS package in '/home/xionggu/cx_moveit_test/cx_moveit2/ws_moveit/src/cr7_robot_controller' with build type 'ament_cmake'
[0.352s] INFO:colcon.colcon_cmake.task.cmake.build:Building CMake package in '/home/xionggu/cx_moveit_test/cx_moveit2/ws_moveit/src/cr7_robot_controller'
[0.354s] INFO:colcon.colcon_core.plugin_system:Skipping extension 'colcon_core.shell.bat': Not used on non-Windows systems
[0.354s] INFO:colcon.colcon_core.shell:Skip shell extension 'powershell' for command environment: Not usable outside of PowerShell
[0.354s] DEBUG:colcon.colcon_core.shell:Skip shell extension 'dsv' for command environment
[0.363s] INFO:colcon.colcon_ros.task.ament_cmake.build:Building ROS package in '/home/xionggu/cx_moveit_test/cx_moveit2/ws_moveit/src/hello_moveit' with build type 'ament_cmake'
[0.363s] INFO:colcon.colcon_cmake.task.cmake.build:Building CMake package in '/home/xionggu/cx_moveit_test/cx_moveit2/ws_moveit/src/hello_moveit'
[0.363s] INFO:colcon.colcon_core.shell:Skip shell extension 'powershell' for command environment: Not usable outside of PowerShell
[0.363s] DEBUG:colcon.colcon_core.shell:Skip shell extension 'dsv' for command environment
[0.383s] DEBUG:colcon.colcon_core.event_handler.log_command:Invoking command in '/home/xionggu/cx_moveit_test/cx_moveit2/ws_moveit/build/hello_moveit': CMAKE_PREFIX_PATH=${CMAKE_PREFIX_PATH}:/home/xionggu/moveit2_ws/install/moveit_configs_utils:/home/xionggu/moveit2_ws/install/launch_param_builder:/home/xionggu/dobot_ws_test/install/servo_action:/home/xionggu/dobot_ws_test/install/dobot_moveit:/home/xionggu/dobot_ws_test/install/dobot_demo:/opt/ros/humble HISTTIMEFORMAT= %F %T /usr/bin/cmake /home/xionggu/cx_moveit_test/cx_moveit2/ws_moveit/src/hello_moveit -DCMAKE_INSTALL_PREFIX=/home/xionggu/cx_moveit_test/cx_moveit2/ws_moveit/install/hello_moveit
[0.387s] DEBUG:colcon.colcon_core.event_handler.log_command:Invoking command in '/home/xionggu/cx_moveit_test/cx_moveit2/ws_moveit/build/cr7_robot_controller': CMAKE_PREFIX_PATH=${CMAKE_PREFIX_PATH}:/home/xionggu/moveit2_ws/install/moveit_configs_utils:/home/xionggu/moveit2_ws/install/launch_param_builder:/home/xionggu/dobot_ws_test/install/servo_action:/home/xionggu/dobot_ws_test/install/dobot_moveit:/home/xionggu/dobot_ws_test/install/dobot_demo:/opt/ros/humble HISTTIMEFORMAT= %F %T /usr/bin/cmake /home/xionggu/cx_moveit_test/cx_moveit2/ws_moveit/src/cr7_robot_controller -DCMAKE_INSTALL_PREFIX=/home/xionggu/cx_moveit_test/cx_moveit2/ws_moveit/install/cr7_robot_controller
[3.773s] DEBUG:colcon.colcon_core.event_handler.log_command:Invoked command in '/home/xionggu/cx_moveit_test/cx_moveit2/ws_moveit/build/cr7_robot_controller' returned '0': CMAKE_PREFIX_PATH=${CMAKE_PREFIX_PATH}:/home/xionggu/moveit2_ws/install/moveit_configs_utils:/home/xionggu/moveit2_ws/install/launch_param_builder:/home/xionggu/dobot_ws_test/install/servo_action:/home/xionggu/dobot_ws_test/install/dobot_moveit:/home/xionggu/dobot_ws_test/install/dobot_demo:/opt/ros/humble HISTTIMEFORMAT= %F %T /usr/bin/cmake /home/xionggu/cx_moveit_test/cx_moveit2/ws_moveit/src/cr7_robot_controller -DCMAKE_INSTALL_PREFIX=/home/xionggu/cx_moveit_test/cx_moveit2/ws_moveit/install/cr7_robot_controller
[3.775s] DEBUG:colcon.colcon_core.event_handler.log_command:Invoking command in '/home/xionggu/cx_moveit_test/cx_moveit2/ws_moveit/build/cr7_robot_controller': CMAKE_PREFIX_PATH=${CMAKE_PREFIX_PATH}:/home/xionggu/moveit2_ws/install/moveit_configs_utils:/home/xionggu/moveit2_ws/install/launch_param_builder:/home/xionggu/dobot_ws_test/install/servo_action:/home/xionggu/dobot_ws_test/install/dobot_moveit:/home/xionggu/dobot_ws_test/install/dobot_demo:/opt/ros/humble HISTTIMEFORMAT= %F %T /usr/bin/cmake --build /home/xionggu/cx_moveit_test/cx_moveit2/ws_moveit/build/cr7_robot_controller -- -j8 -l8
[4.005s] DEBUG:colcon.colcon_core.event_handler.log_command:Invoked command in '/home/xionggu/cx_moveit_test/cx_moveit2/ws_moveit/build/hello_moveit' returned '0': CMAKE_PREFIX_PATH=${CMAKE_PREFIX_PATH}:/home/xionggu/moveit2_ws/install/moveit_configs_utils:/home/xionggu/moveit2_ws/install/launch_param_builder:/home/xionggu/dobot_ws_test/install/servo_action:/home/xionggu/dobot_ws_test/install/dobot_moveit:/home/xionggu/dobot_ws_test/install/dobot_demo:/opt/ros/humble HISTTIMEFORMAT= %F %T /usr/bin/cmake /home/xionggu/cx_moveit_test/cx_moveit2/ws_moveit/src/hello_moveit -DCMAKE_INSTALL_PREFIX=/home/xionggu/cx_moveit_test/cx_moveit2/ws_moveit/install/hello_moveit
[4.007s] DEBUG:colcon.colcon_core.event_handler.log_command:Invoking command in '/home/xionggu/cx_moveit_test/cx_moveit2/ws_moveit/build/hello_moveit': CMAKE_PREFIX_PATH=${CMAKE_PREFIX_PATH}:/home/xionggu/moveit2_ws/install/moveit_configs_utils:/home/xionggu/moveit2_ws/install/launch_param_builder:/home/xionggu/dobot_ws_test/install/servo_action:/home/xionggu/dobot_ws_test/install/dobot_moveit:/home/xionggu/dobot_ws_test/install/dobot_demo:/opt/ros/humble HISTTIMEFORMAT= %F %T /usr/bin/cmake --build /home/xionggu/cx_moveit_test/cx_moveit2/ws_moveit/build/hello_moveit -- -j8 -l8
[14.199s] DEBUG:colcon.colcon_core.event_handler.log_command:Invoked command in '/home/xionggu/cx_moveit_test/cx_moveit2/ws_moveit/build/hello_moveit' returned '0': CMAKE_PREFIX_PATH=${CMAKE_PREFIX_PATH}:/home/xionggu/moveit2_ws/install/moveit_configs_utils:/home/xionggu/moveit2_ws/install/launch_param_builder:/home/xionggu/dobot_ws_test/install/servo_action:/home/xionggu/dobot_ws_test/install/dobot_moveit:/home/xionggu/dobot_ws_test/install/dobot_demo:/opt/ros/humble HISTTIMEFORMAT= %F %T /usr/bin/cmake --build /home/xionggu/cx_moveit_test/cx_moveit2/ws_moveit/build/hello_moveit -- -j8 -l8
[14.215s] DEBUG:colcon.colcon_core.event_handler.log_command:Invoking command in '/home/xionggu/cx_moveit_test/cx_moveit2/ws_moveit/build/hello_moveit': CMAKE_PREFIX_PATH=${CMAKE_PREFIX_PATH}:/home/xionggu/moveit2_ws/install/moveit_configs_utils:/home/xionggu/moveit2_ws/install/launch_param_builder:/home/xionggu/dobot_ws_test/install/servo_action:/home/xionggu/dobot_ws_test/install/dobot_moveit:/home/xionggu/dobot_ws_test/install/dobot_demo:/opt/ros/humble HISTTIMEFORMAT= %F %T /usr/bin/cmake --install /home/xionggu/cx_moveit_test/cx_moveit2/ws_moveit/build/hello_moveit
[14.274s] Level 1:colcon.colcon_core.environment:create_environment_scripts_only(hello_moveit)
[14.275s] DEBUG:colcon.colcon_core.event_handler.log_command:Invoked command in '/home/xionggu/cx_moveit_test/cx_moveit2/ws_moveit/build/hello_moveit' returned '0': CMAKE_PREFIX_PATH=${CMAKE_PREFIX_PATH}:/home/xionggu/moveit2_ws/install/moveit_configs_utils:/home/xionggu/moveit2_ws/install/launch_param_builder:/home/xionggu/dobot_ws_test/install/servo_action:/home/xionggu/dobot_ws_test/install/dobot_moveit:/home/xionggu/dobot_ws_test/install/dobot_demo:/opt/ros/humble HISTTIMEFORMAT= %F %T /usr/bin/cmake --install /home/xionggu/cx_moveit_test/cx_moveit2/ws_moveit/build/hello_moveit
[14.276s] Level 1:colcon.colcon_core.environment:checking '/home/xionggu/cx_moveit_test/cx_moveit2/ws_moveit/install/hello_moveit' for CMake module files
[14.277s] Level 1:colcon.colcon_core.environment:checking '/home/xionggu/cx_moveit_test/cx_moveit2/ws_moveit/install/hello_moveit' for CMake config files
[14.277s] Level 1:colcon.colcon_core.shell:create_environment_hook('hello_moveit', 'cmake_prefix_path')
[14.277s] INFO:colcon.colcon_core.shell:Creating environment hook '/home/xionggu/cx_moveit_test/cx_moveit2/ws_moveit/install/hello_moveit/share/hello_moveit/hook/cmake_prefix_path.ps1'
[14.281s] INFO:colcon.colcon_core.shell:Creating environment descriptor '/home/xionggu/cx_moveit_test/cx_moveit2/ws_moveit/install/hello_moveit/share/hello_moveit/hook/cmake_prefix_path.dsv'
[14.281s] INFO:colcon.colcon_core.shell:Creating environment hook '/home/xionggu/cx_moveit_test/cx_moveit2/ws_moveit/install/hello_moveit/share/hello_moveit/hook/cmake_prefix_path.sh'
[14.283s] Level 1:colcon.colcon_core.environment:checking '/home/xionggu/cx_moveit_test/cx_moveit2/ws_moveit/install/hello_moveit/lib'
[14.283s] Level 1:colcon.colcon_core.environment:checking '/home/xionggu/cx_moveit_test/cx_moveit2/ws_moveit/install/hello_moveit/bin'
[14.283s] Level 1:colcon.colcon_core.environment:checking '/home/xionggu/cx_moveit_test/cx_moveit2/ws_moveit/install/hello_moveit/lib/pkgconfig/hello_moveit.pc'
[14.283s] Level 1:colcon.colcon_core.environment:checking '/home/xionggu/cx_moveit_test/cx_moveit2/ws_moveit/install/hello_moveit/lib/python3.10/site-packages'
[14.283s] Level 1:colcon.colcon_core.environment:checking '/home/xionggu/cx_moveit_test/cx_moveit2/ws_moveit/install/hello_moveit/bin'
[14.284s] INFO:colcon.colcon_core.shell:Creating package script '/home/xionggu/cx_moveit_test/cx_moveit2/ws_moveit/install/hello_moveit/share/hello_moveit/package.ps1'
[14.284s] INFO:colcon.colcon_core.shell:Creating package descriptor '/home/xionggu/cx_moveit_test/cx_moveit2/ws_moveit/install/hello_moveit/share/hello_moveit/package.dsv'
[14.285s] INFO:colcon.colcon_core.shell:Creating package script '/home/xionggu/cx_moveit_test/cx_moveit2/ws_moveit/install/hello_moveit/share/hello_moveit/package.sh'
[14.285s] INFO:colcon.colcon_core.shell:Creating package script '/home/xionggu/cx_moveit_test/cx_moveit2/ws_moveit/install/hello_moveit/share/hello_moveit/package.bash'
[14.286s] INFO:colcon.colcon_core.shell:Creating package script '/home/xionggu/cx_moveit_test/cx_moveit2/ws_moveit/install/hello_moveit/share/hello_moveit/package.zsh'
[14.286s] Level 1:colcon.colcon_core.environment:create_file_with_runtime_dependencies(/home/xionggu/cx_moveit_test/cx_moveit2/ws_moveit/install/hello_moveit/share/colcon-core/packages/hello_moveit)
[14.287s] Level 1:colcon.colcon_core.environment:create_environment_scripts_only(hello_moveit)
[14.287s] Level 1:colcon.colcon_core.environment:checking '/home/xionggu/cx_moveit_test/cx_moveit2/ws_moveit/install/hello_moveit' for CMake module files
[14.287s] Level 1:colcon.colcon_core.environment:checking '/home/xionggu/cx_moveit_test/cx_moveit2/ws_moveit/install/hello_moveit' for CMake config files
[14.287s] Level 1:colcon.colcon_core.shell:create_environment_hook('hello_moveit', 'cmake_prefix_path')
[14.287s] INFO:colcon.colcon_core.shell:Creating environment hook '/home/xionggu/cx_moveit_test/cx_moveit2/ws_moveit/install/hello_moveit/share/hello_moveit/hook/cmake_prefix_path.ps1'
[14.288s] INFO:colcon.colcon_core.shell:Creating environment descriptor '/home/xionggu/cx_moveit_test/cx_moveit2/ws_moveit/install/hello_moveit/share/hello_moveit/hook/cmake_prefix_path.dsv'
[14.288s] INFO:colcon.colcon_core.shell:Creating environment hook '/home/xionggu/cx_moveit_test/cx_moveit2/ws_moveit/install/hello_moveit/share/hello_moveit/hook/cmake_prefix_path.sh'
[14.289s] Level 1:colcon.colcon_core.environment:checking '/home/xionggu/cx_moveit_test/cx_moveit2/ws_moveit/install/hello_moveit/lib'
[14.289s] Level 1:colcon.colcon_core.environment:checking '/home/xionggu/cx_moveit_test/cx_moveit2/ws_moveit/install/hello_moveit/bin'
[14.289s] Level 1:colcon.colcon_core.environment:checking '/home/xionggu/cx_moveit_test/cx_moveit2/ws_moveit/install/hello_moveit/lib/pkgconfig/hello_moveit.pc'
[14.289s] Level 1:colcon.colcon_core.environment:checking '/home/xionggu/cx_moveit_test/cx_moveit2/ws_moveit/install/hello_moveit/lib/python3.10/site-packages'
[14.289s] Level 1:colcon.colcon_core.environment:checking '/home/xionggu/cx_moveit_test/cx_moveit2/ws_moveit/install/hello_moveit/bin'
[14.290s] INFO:colcon.colcon_core.shell:Creating package script '/home/xionggu/cx_moveit_test/cx_moveit2/ws_moveit/install/hello_moveit/share/hello_moveit/package.ps1'
[14.290s] INFO:colcon.colcon_core.shell:Creating package descriptor '/home/xionggu/cx_moveit_test/cx_moveit2/ws_moveit/install/hello_moveit/share/hello_moveit/package.dsv'
[14.290s] INFO:colcon.colcon_core.shell:Creating package script '/home/xionggu/cx_moveit_test/cx_moveit2/ws_moveit/install/hello_moveit/share/hello_moveit/package.sh'
[14.291s] INFO:colcon.colcon_core.shell:Creating package script '/home/xionggu/cx_moveit_test/cx_moveit2/ws_moveit/install/hello_moveit/share/hello_moveit/package.bash'
[14.291s] INFO:colcon.colcon_core.shell:Creating package script '/home/xionggu/cx_moveit_test/cx_moveit2/ws_moveit/install/hello_moveit/share/hello_moveit/package.zsh'
[14.291s] Level 1:colcon.colcon_core.environment:create_file_with_runtime_dependencies(/home/xionggu/cx_moveit_test/cx_moveit2/ws_moveit/install/hello_moveit/share/colcon-core/packages/hello_moveit)
[14.669s] DEBUG:colcon.colcon_core.event_handler.log_command:Invoked command in '/home/xionggu/cx_moveit_test/cx_moveit2/ws_moveit/build/cr7_robot_controller' returned '0': CMAKE_PREFIX_PATH=${CMAKE_PREFIX_PATH}:/home/xionggu/moveit2_ws/install/moveit_configs_utils:/home/xionggu/moveit2_ws/install/launch_param_builder:/home/xionggu/dobot_ws_test/install/servo_action:/home/xionggu/dobot_ws_test/install/dobot_moveit:/home/xionggu/dobot_ws_test/install/dobot_demo:/opt/ros/humble HISTTIMEFORMAT= %F %T /usr/bin/cmake --build /home/xionggu/cx_moveit_test/cx_moveit2/ws_moveit/build/cr7_robot_controller -- -j8 -l8
[14.672s] DEBUG:colcon.colcon_core.event_handler.log_command:Invoking command in '/home/xionggu/cx_moveit_test/cx_moveit2/ws_moveit/build/cr7_robot_controller': CMAKE_PREFIX_PATH=${CMAKE_PREFIX_PATH}:/home/xionggu/moveit2_ws/install/moveit_configs_utils:/home/xionggu/moveit2_ws/install/launch_param_builder:/home/xionggu/dobot_ws_test/install/servo_action:/home/xionggu/dobot_ws_test/install/dobot_moveit:/home/xionggu/dobot_ws_test/install/dobot_demo:/opt/ros/humble HISTTIMEFORMAT= %F %T /usr/bin/cmake --install /home/xionggu/cx_moveit_test/cx_moveit2/ws_moveit/build/cr7_robot_controller
[14.686s] Level 1:colcon.colcon_core.environment:create_environment_scripts_only(cr7_robot_controller)
[14.686s] Level 1:colcon.colcon_core.environment:checking '/home/xionggu/cx_moveit_test/cx_moveit2/ws_moveit/install/cr7_robot_controller' for CMake module files
[14.687s] DEBUG:colcon.colcon_core.event_handler.log_command:Invoked command in '/home/xionggu/cx_moveit_test/cx_moveit2/ws_moveit/build/cr7_robot_controller' returned '0': CMAKE_PREFIX_PATH=${CMAKE_PREFIX_PATH}:/home/xionggu/moveit2_ws/install/moveit_configs_utils:/home/xionggu/moveit2_ws/install/launch_param_builder:/home/xionggu/dobot_ws_test/install/servo_action:/home/xionggu/dobot_ws_test/install/dobot_moveit:/home/xionggu/dobot_ws_test/install/dobot_demo:/opt/ros/humble HISTTIMEFORMAT= %F %T /usr/bin/cmake --install /home/xionggu/cx_moveit_test/cx_moveit2/ws_moveit/build/cr7_robot_controller
[14.687s] Level 1:colcon.colcon_core.environment:checking '/home/xionggu/cx_moveit_test/cx_moveit2/ws_moveit/install/cr7_robot_controller' for CMake config files
[14.687s] Level 1:colcon.colcon_core.shell:create_environment_hook('cr7_robot_controller', 'cmake_prefix_path')
[14.687s] INFO:colcon.colcon_core.shell:Creating environment hook '/home/xionggu/cx_moveit_test/cx_moveit2/ws_moveit/install/cr7_robot_controller/share/cr7_robot_controller/hook/cmake_prefix_path.ps1'
[14.688s] INFO:colcon.colcon_core.shell:Creating environment descriptor '/home/xionggu/cx_moveit_test/cx_moveit2/ws_moveit/install/cr7_robot_controller/share/cr7_robot_controller/hook/cmake_prefix_path.dsv'
[14.688s] INFO:colcon.colcon_core.shell:Creating environment hook '/home/xionggu/cx_moveit_test/cx_moveit2/ws_moveit/install/cr7_robot_controller/share/cr7_robot_controller/hook/cmake_prefix_path.sh'
[14.689s] Level 1:colcon.colcon_core.environment:checking '/home/xionggu/cx_moveit_test/cx_moveit2/ws_moveit/install/cr7_robot_controller/bin'
[14.689s] Level 1:colcon.colcon_core.environment:checking '/home/xionggu/cx_moveit_test/cx_moveit2/ws_moveit/install/cr7_robot_controller/lib/pkgconfig/cr7_robot_controller.pc'
[14.689s] Level 1:colcon.colcon_core.environment:checking '/home/xionggu/cx_moveit_test/cx_moveit2/ws_moveit/install/cr7_robot_controller/lib/python3.10/site-packages'
[14.689s] Level 1:colcon.colcon_core.environment:checking '/home/xionggu/cx_moveit_test/cx_moveit2/ws_moveit/install/cr7_robot_controller/bin'
[14.689s] INFO:colcon.colcon_core.shell:Creating package script '/home/xionggu/cx_moveit_test/cx_moveit2/ws_moveit/install/cr7_robot_controller/share/cr7_robot_controller/package.ps1'
[14.690s] INFO:colcon.colcon_core.shell:Creating package descriptor '/home/xionggu/cx_moveit_test/cx_moveit2/ws_moveit/install/cr7_robot_controller/share/cr7_robot_controller/package.dsv'
[14.690s] INFO:colcon.colcon_core.shell:Creating package script '/home/xionggu/cx_moveit_test/cx_moveit2/ws_moveit/install/cr7_robot_controller/share/cr7_robot_controller/package.sh'
[14.690s] INFO:colcon.colcon_core.shell:Creating package script '/home/xionggu/cx_moveit_test/cx_moveit2/ws_moveit/install/cr7_robot_controller/share/cr7_robot_controller/package.bash'
[14.691s] INFO:colcon.colcon_core.shell:Creating package script '/home/xionggu/cx_moveit_test/cx_moveit2/ws_moveit/install/cr7_robot_controller/share/cr7_robot_controller/package.zsh'
[14.691s] Level 1:colcon.colcon_core.environment:create_file_with_runtime_dependencies(/home/xionggu/cx_moveit_test/cx_moveit2/ws_moveit/install/cr7_robot_controller/share/colcon-core/packages/cr7_robot_controller)
[14.691s] Level 1:colcon.colcon_core.environment:create_environment_scripts_only(cr7_robot_controller)
[14.691s] Level 1:colcon.colcon_core.environment:checking '/home/xionggu/cx_moveit_test/cx_moveit2/ws_moveit/install/cr7_robot_controller' for CMake module files
[14.692s] Level 1:colcon.colcon_core.environment:checking '/home/xionggu/cx_moveit_test/cx_moveit2/ws_moveit/install/cr7_robot_controller' for CMake config files
[14.692s] Level 1:colcon.colcon_core.shell:create_environment_hook('cr7_robot_controller', 'cmake_prefix_path')
[14.692s] INFO:colcon.colcon_core.shell:Creating environment hook '/home/xionggu/cx_moveit_test/cx_moveit2/ws_moveit/install/cr7_robot_controller/share/cr7_robot_controller/hook/cmake_prefix_path.ps1'
[14.693s] INFO:colcon.colcon_core.shell:Creating environment descriptor '/home/xionggu/cx_moveit_test/cx_moveit2/ws_moveit/install/cr7_robot_controller/share/cr7_robot_controller/hook/cmake_prefix_path.dsv'
[14.693s] INFO:colcon.colcon_core.shell:Creating environment hook '/home/xionggu/cx_moveit_test/cx_moveit2/ws_moveit/install/cr7_robot_controller/share/cr7_robot_controller/hook/cmake_prefix_path.sh'
[14.693s] Level 1:colcon.colcon_core.environment:checking '/home/xionggu/cx_moveit_test/cx_moveit2/ws_moveit/install/cr7_robot_controller/bin'
[14.693s] Level 1:colcon.colcon_core.environment:checking '/home/xionggu/cx_moveit_test/cx_moveit2/ws_moveit/install/cr7_robot_controller/lib/pkgconfig/cr7_robot_controller.pc'
[14.693s] Level 1:colcon.colcon_core.environment:checking '/home/xionggu/cx_moveit_test/cx_moveit2/ws_moveit/install/cr7_robot_controller/lib/python3.10/site-packages'
[14.694s] Level 1:colcon.colcon_core.environment:checking '/home/xionggu/cx_moveit_test/cx_moveit2/ws_moveit/install/cr7_robot_controller/bin'
[14.694s] INFO:colcon.colcon_core.shell:Creating package script '/home/xionggu/cx_moveit_test/cx_moveit2/ws_moveit/install/cr7_robot_controller/share/cr7_robot_controller/package.ps1'
[14.694s] INFO:colcon.colcon_core.shell:Creating package descriptor '/home/xionggu/cx_moveit_test/cx_moveit2/ws_moveit/install/cr7_robot_controller/share/cr7_robot_controller/package.dsv'
[14.696s] INFO:colcon.colcon_core.shell:Creating package script '/home/xionggu/cx_moveit_test/cx_moveit2/ws_moveit/install/cr7_robot_controller/share/cr7_robot_controller/package.sh'
[14.696s] INFO:colcon.colcon_core.shell:Creating package script '/home/xionggu/cx_moveit_test/cx_moveit2/ws_moveit/install/cr7_robot_controller/share/cr7_robot_controller/package.bash'
[14.697s] INFO:colcon.colcon_core.shell:Creating package script '/home/xionggu/cx_moveit_test/cx_moveit2/ws_moveit/install/cr7_robot_controller/share/cr7_robot_controller/package.zsh'
[14.697s] Level 1:colcon.colcon_core.environment:create_file_with_runtime_dependencies(/home/xionggu/cx_moveit_test/cx_moveit2/ws_moveit/install/cr7_robot_controller/share/colcon-core/packages/cr7_robot_controller)
[14.697s] DEBUG:colcon.colcon_parallel_executor.executor.parallel:closing loop
[14.698s] DEBUG:colcon.colcon_parallel_executor.executor.parallel:loop closed
[14.698s] DEBUG:colcon.colcon_parallel_executor.executor.parallel:run_until_complete finished with '0'
[14.698s] DEBUG:colcon.colcon_core.event_reactor:joining thread
[14.703s] INFO:colcon.colcon_core.plugin_system:Skipping extension 'colcon_notification.desktop_notification.terminal_notifier': Not used on non-Darwin systems
[14.703s] INFO:colcon.colcon_core.plugin_system:Skipping extension 'colcon_notification.desktop_notification.win32': Not used on non-Windows systems
[14.703s] INFO:colcon.colcon_notification.desktop_notification:Sending desktop notification using 'notify2'
[14.714s] DEBUG:colcon.colcon_core.event_reactor:joined thread
[14.715s] INFO:colcon.colcon_core.shell:Creating prefix script '/home/xionggu/cx_moveit_test/cx_moveit2/ws_moveit/install/local_setup.ps1'
[14.715s] INFO:colcon.colcon_core.shell:Creating prefix util module '/home/xionggu/cx_moveit_test/cx_moveit2/ws_moveit/install/_local_setup_util_ps1.py'
[14.716s] INFO:colcon.colcon_core.shell:Creating prefix chain script '/home/xionggu/cx_moveit_test/cx_moveit2/ws_moveit/install/setup.ps1'
[14.722s] INFO:colcon.colcon_core.shell:Creating prefix script '/home/xionggu/cx_moveit_test/cx_moveit2/ws_moveit/install/local_setup.sh'
[14.722s] INFO:colcon.colcon_core.shell:Creating prefix util module '/home/xionggu/cx_moveit_test/cx_moveit2/ws_moveit/install/_local_setup_util_sh.py'
[14.723s] INFO:colcon.colcon_core.shell:Creating prefix chain script '/home/xionggu/cx_moveit_test/cx_moveit2/ws_moveit/install/setup.sh'
[14.726s] INFO:colcon.colcon_core.shell:Creating prefix script '/home/xionggu/cx_moveit_test/cx_moveit2/ws_moveit/install/local_setup.bash'
[14.727s] INFO:colcon.colcon_core.shell:Creating prefix chain script '/home/xionggu/cx_moveit_test/cx_moveit2/ws_moveit/install/setup.bash'
[14.731s] INFO:colcon.colcon_core.shell:Creating prefix script '/home/xionggu/cx_moveit_test/cx_moveit2/ws_moveit/install/local_setup.zsh'
[14.731s] INFO:colcon.colcon_core.shell:Creating prefix chain script '/home/xionggu/cx_moveit_test/cx_moveit2/ws_moveit/install/setup.zsh'
