[0.052s] Invoking command in '/home/xionggu/cx_moveit/ws_moveit/build/hello_moveit': CMAKE_PREFIX_PATH=${CMAKE_PREFIX_PATH}:/home/xionggu/moveit2_ws/install/moveit_configs_utils:/home/xionggu/moveit2_ws/install/launch_param_builder:/home/xionggu/dobot_ws_test/install/servo_action:/home/xionggu/dobot_ws_test/install/dobot_moveit:/home/xionggu/dobot_ws_test/install/dobot_demo:/opt/ros/humble HISTTIMEFORMAT= %F %T /usr/bin/cmake /home/xionggu/cx_moveit/ws_moveit/src/hello_moveit -DCMAKE_INSTALL_PREFIX=/home/xionggu/cx_moveit/ws_moveit/install/hello_moveit
[0.401s] -- The C compiler identification is GNU 11.4.0
[0.488s] -- The CXX compiler identification is GNU 11.4.0
[0.494s] -- Detecting C compiler ABI info
[0.612s] -- Detecting C compiler ABI info - done
[0.620s] -- Check for working C compiler: /usr/bin/cc - skipped
[0.621s] -- Detecting C compile features
[0.621s] -- Detecting C compile features - done
[0.624s] -- Detecting CXX compiler ABI info
[0.738s] -- Detecting CXX compiler ABI info - done
[0.746s] -- Check for working CXX compiler: /usr/bin/c++ - skipped
[0.747s] -- Detecting CXX compile features
[0.747s] -- Detecting CXX compile features - done
[0.758s] -- Found ament_cmake: 1.3.12 (/opt/ros/humble/share/ament_cmake/cmake)
[1.016s] -- Found Python3: /usr/bin/python3 (found version "3.10.12") found components: Interpreter 
[1.265s] -- Found moveit_ros_planning_interface: 2.5.9 (/home/xionggu/moveit2_ws/install/moveit_ros_planning_interface/share/moveit_ros_planning_interface/cmake)
[1.619s] -- Found Boost: /usr/lib/x86_64-linux-gnu/cmake/Boost-1.74.0/BoostConfig.cmake (found version "1.74.0") found components: date_time filesystem program_options system thread 
[1.856s] -- Found rosidl_generator_c: 3.1.8 (/opt/ros/humble/share/rosidl_generator_c/cmake)
[1.882s] -- Found rosidl_adapter: 3.1.8 (/opt/ros/humble/share/rosidl_adapter/cmake)
[1.905s] -- Found rosidl_generator_cpp: 3.1.8 (/opt/ros/humble/share/rosidl_generator_cpp/cmake)
[1.954s] -- Using all available rosidl_typesupport_c: rosidl_typesupport_fastrtps_c;rosidl_typesupport_introspection_c
[1.994s] -- Using all available rosidl_typesupport_cpp: rosidl_typesupport_fastrtps_cpp;rosidl_typesupport_introspection_cpp
[2.283s] -- Found Boost: /usr/lib/x86_64-linux-gnu/cmake/Boost-1.74.0/BoostConfig.cmake (found version "1.74.0") found components: chrono date_time filesystem iostreams program_options regex serialization system thread 
[2.417s] -- Found parameter_traits: 0.6.0 (/opt/ros/humble/share/parameter_traits/cmake)
[2.537s] -- Found rmw_implementation_cmake: 6.1.2 (/opt/ros/humble/share/rmw_implementation_cmake/cmake)
[2.550s] -- Found rmw_fastrtps_cpp: 6.2.9 (/opt/ros/humble/share/rmw_fastrtps_cpp/cmake)
[2.766s] -- Found OpenSSL: /usr/lib/x86_64-linux-gnu/libcrypto.so (found version "3.0.2")  
[2.805s] -- Found FastRTPS: /opt/ros/humble/include  
[2.880s] -- Using RMW implementation 'rmw_fastrtps_cpp' as default
[2.911s] -- Found Threads: TRUE  
[2.998s] -- Found rclcpp_lifecycle: 16.0.17 (/opt/ros/humble/share/rclcpp_lifecycle/cmake)
[3.041s] -- Found Boost: /usr/lib/x86_64-linux-gnu/cmake/Boost-1.74.0/BoostConfig.cmake (found version "1.74.0") found components: filesystem 
[3.236s] -- library: /usr/lib/x86_64-linux-gnu/libcurl.so
[3.312s] -- Found Eigen3: TRUE (found version "3.4.0") 
[3.312s] -- Ensuring Eigen3 include directory is part of orocos-kdl CMake target
[3.600s] -- Found Boost: /usr/lib/x86_64-linux-gnu/cmake/Boost-1.74.0/BoostConfig.cmake (found version "1.74.0") found components: system filesystem date_time program_options thread chrono 
[3.633s] -- Found Boost: /usr/lib/x86_64-linux-gnu/cmake/Boost-1.74.0/BoostConfig.cmake (found version "1.74.0") found components: thread system filesystem regex date_time program_options 
[3.663s] -- Found Boost: /usr/lib/x86_64-linux-gnu/cmake/Boost-1.74.0/BoostConfig.cmake (found version "1.74.0") found components: system filesystem date_time program_options thread 
[3.708s] -- Found ament_lint_auto: 0.12.14 (/opt/ros/humble/share/ament_lint_auto/cmake)
[3.880s] -- Added test 'cppcheck' to perform static code analysis on C / C++ code
[3.880s] -- Configured cppcheck include dirs: $<BUILD_INTERFACE:/home/xionggu/cx_moveit/ws_moveit/src/hello_moveit/include>
[3.880s] -- Configured cppcheck exclude dirs and/or files: 
[3.880s] -- Added test 'lint_cmake' to check CMake code style
[3.882s] -- Added test 'uncrustify' to check C / C++ code style
[3.882s] -- Configured uncrustify additional arguments: 
[3.884s] -- Added test 'xmllint' to check XML markup files
[3.888s] -- Configuring done
[3.937s] -- Generating done
[3.949s] -- Build files have been written to: /home/xionggu/cx_moveit/ws_moveit/build/hello_moveit
[3.963s] Invoked command in '/home/xionggu/cx_moveit/ws_moveit/build/hello_moveit' returned '0': CMAKE_PREFIX_PATH=${CMAKE_PREFIX_PATH}:/home/xionggu/moveit2_ws/install/moveit_configs_utils:/home/xionggu/moveit2_ws/install/launch_param_builder:/home/xionggu/dobot_ws_test/install/servo_action:/home/xionggu/dobot_ws_test/install/dobot_moveit:/home/xionggu/dobot_ws_test/install/dobot_demo:/opt/ros/humble HISTTIMEFORMAT= %F %T /usr/bin/cmake /home/xionggu/cx_moveit/ws_moveit/src/hello_moveit -DCMAKE_INSTALL_PREFIX=/home/xionggu/cx_moveit/ws_moveit/install/hello_moveit
[3.964s] Invoking command in '/home/xionggu/cx_moveit/ws_moveit/build/hello_moveit': CMAKE_PREFIX_PATH=${CMAKE_PREFIX_PATH}:/home/xionggu/moveit2_ws/install/moveit_configs_utils:/home/xionggu/moveit2_ws/install/launch_param_builder:/home/xionggu/dobot_ws_test/install/servo_action:/home/xionggu/dobot_ws_test/install/dobot_moveit:/home/xionggu/dobot_ws_test/install/dobot_demo:/opt/ros/humble HISTTIMEFORMAT= %F %T /usr/bin/cmake --build /home/xionggu/cx_moveit/ws_moveit/build/hello_moveit -- -j8 -l8
[4.080s] [ 50%] [32mBuilding CXX object CMakeFiles/hello_moveit.dir/src/hello_moveit.cpp.o[0m
[11.759s] [100%] [32m[1mLinking CXX executable hello_moveit[0m
[12.239s] [100%] Built target hello_moveit
[12.430s] Invoked command in '/home/xionggu/cx_moveit/ws_moveit/build/hello_moveit' returned '0': CMAKE_PREFIX_PATH=${CMAKE_PREFIX_PATH}:/home/xionggu/moveit2_ws/install/moveit_configs_utils:/home/xionggu/moveit2_ws/install/launch_param_builder:/home/xionggu/dobot_ws_test/install/servo_action:/home/xionggu/dobot_ws_test/install/dobot_moveit:/home/xionggu/dobot_ws_test/install/dobot_demo:/opt/ros/humble HISTTIMEFORMAT= %F %T /usr/bin/cmake --build /home/xionggu/cx_moveit/ws_moveit/build/hello_moveit -- -j8 -l8
[12.444s] Invoking command in '/home/xionggu/cx_moveit/ws_moveit/build/hello_moveit': CMAKE_PREFIX_PATH=${CMAKE_PREFIX_PATH}:/home/xionggu/moveit2_ws/install/moveit_configs_utils:/home/xionggu/moveit2_ws/install/launch_param_builder:/home/xionggu/dobot_ws_test/install/servo_action:/home/xionggu/dobot_ws_test/install/dobot_moveit:/home/xionggu/dobot_ws_test/install/dobot_demo:/opt/ros/humble HISTTIMEFORMAT= %F %T /usr/bin/cmake --install /home/xionggu/cx_moveit/ws_moveit/build/hello_moveit
[12.455s] -- Install configuration: ""
[12.456s] -- Installing: /home/xionggu/cx_moveit/ws_moveit/install/hello_moveit/lib/hello_moveit/hello_moveit
[12.456s] -- Set runtime path of "/home/xionggu/cx_moveit/ws_moveit/install/hello_moveit/lib/hello_moveit/hello_moveit" to ""
[12.457s] -- Installing: /home/xionggu/cx_moveit/ws_moveit/install/hello_moveit/share/ament_index/resource_index/package_run_dependencies/hello_moveit
[12.457s] -- Installing: /home/xionggu/cx_moveit/ws_moveit/install/hello_moveit/share/ament_index/resource_index/parent_prefix_path/hello_moveit
[12.457s] -- Installing: /home/xionggu/cx_moveit/ws_moveit/install/hello_moveit/share/hello_moveit/environment/ament_prefix_path.sh
[12.457s] -- Installing: /home/xionggu/cx_moveit/ws_moveit/install/hello_moveit/share/hello_moveit/environment/ament_prefix_path.dsv
[12.458s] -- Installing: /home/xionggu/cx_moveit/ws_moveit/install/hello_moveit/share/hello_moveit/environment/path.sh
[12.458s] -- Installing: /home/xionggu/cx_moveit/ws_moveit/install/hello_moveit/share/hello_moveit/environment/path.dsv
[12.458s] -- Installing: /home/xionggu/cx_moveit/ws_moveit/install/hello_moveit/share/hello_moveit/local_setup.bash
[12.458s] -- Installing: /home/xionggu/cx_moveit/ws_moveit/install/hello_moveit/share/hello_moveit/local_setup.sh
[12.458s] -- Installing: /home/xionggu/cx_moveit/ws_moveit/install/hello_moveit/share/hello_moveit/local_setup.zsh
[12.458s] -- Installing: /home/xionggu/cx_moveit/ws_moveit/install/hello_moveit/share/hello_moveit/local_setup.dsv
[12.459s] -- Installing: /home/xionggu/cx_moveit/ws_moveit/install/hello_moveit/share/hello_moveit/package.dsv
[12.459s] -- Installing: /home/xionggu/cx_moveit/ws_moveit/install/hello_moveit/share/ament_index/resource_index/packages/hello_moveit
[12.459s] -- Installing: /home/xionggu/cx_moveit/ws_moveit/install/hello_moveit/share/hello_moveit/cmake/hello_moveitConfig.cmake
[12.459s] -- Installing: /home/xionggu/cx_moveit/ws_moveit/install/hello_moveit/share/hello_moveit/cmake/hello_moveitConfig-version.cmake
[12.459s] -- Installing: /home/xionggu/cx_moveit/ws_moveit/install/hello_moveit/share/hello_moveit/package.xml
[12.462s] Invoked command in '/home/xionggu/cx_moveit/ws_moveit/build/hello_moveit' returned '0': CMAKE_PREFIX_PATH=${CMAKE_PREFIX_PATH}:/home/xionggu/moveit2_ws/install/moveit_configs_utils:/home/xionggu/moveit2_ws/install/launch_param_builder:/home/xionggu/dobot_ws_test/install/servo_action:/home/xionggu/dobot_ws_test/install/dobot_moveit:/home/xionggu/dobot_ws_test/install/dobot_demo:/opt/ros/humble HISTTIMEFORMAT= %F %T /usr/bin/cmake --install /home/xionggu/cx_moveit/ws_moveit/build/hello_moveit
