[0.107s] DEBUG:colcon:Command line arguments: ['/usr/bin/colcon', 'build']
[0.107s] DEBUG:colcon:Parsed command line arguments: Namespace(log_base=None, log_level=None, verb_name='build', build_base='build', install_base='install', merge_install=False, symlink_install=False, test_result_base=None, continue_on_error=False, executor='parallel', parallel_workers=8, event_handlers=None, ignore_user_meta=False, metas=['./colcon.meta'], base_paths=['.'], packages_ignore=None, packages_ignore_regex=None, paths=None, packages_up_to=None, packages_up_to_regex=None, packages_above=None, packages_above_and_dependencies=None, packages_above_depth=None, packages_select_by_dep=None, packages_skip_by_dep=None, packages_skip_up_to=None, packages_select_build_failed=False, packages_skip_build_finished=False, packages_select_test_failures=False, packages_skip_test_passed=False, packages_select=None, packages_skip=None, packages_select_regex=None, packages_skip_regex=None, packages_start=None, packages_end=None, allow_overriding=[], cmake_args=None, cmake_target=None, cmake_target_skip_unavailable=False, cmake_clean_cache=False, cmake_clean_first=False, cmake_force_configure=False, ament_cmake_args=None, catkin_cmake_args=None, catkin_skip_building_tests=False, verb_parser=<colcon_defaults.argument_parser.defaults.DefaultArgumentsDecorator object at 0x7efcba346da0>, verb_extension=<colcon_core.verb.build.BuildVerb object at 0x7efcba346860>, main=<bound method BuildVerb.main of <colcon_core.verb.build.BuildVerb object at 0x7efcba346860>>)
[0.246s] Level 1:colcon.colcon_core.package_discovery:discover_packages(colcon_meta) check parameters
[0.246s] Level 1:colcon.colcon_core.package_discovery:discover_packages(recursive) check parameters
[0.246s] Level 1:colcon.colcon_core.package_discovery:discover_packages(ignore) check parameters
[0.246s] Level 1:colcon.colcon_core.package_discovery:discover_packages(path) check parameters
[0.246s] Level 1:colcon.colcon_core.package_discovery:discover_packages(colcon_meta) discover
[0.246s] Level 1:colcon.colcon_core.package_discovery:discover_packages(recursive) discover
[0.246s] INFO:colcon.colcon_core.package_discovery:Crawling recursively for packages in '/home/xionggu/cx_moveit/ws_moveit'
[0.246s] Level 1:colcon.colcon_core.package_identification:_identify(.) by extensions ['ignore', 'ignore_ament_install']
[0.246s] Level 1:colcon.colcon_core.package_identification:_identify(.) by extension 'ignore'
[0.246s] Level 1:colcon.colcon_core.package_identification:_identify(.) by extension 'ignore_ament_install'
[0.246s] Level 1:colcon.colcon_core.package_identification:_identify(.) by extensions ['colcon_pkg']
[0.246s] Level 1:colcon.colcon_core.package_identification:_identify(.) by extension 'colcon_pkg'
[0.246s] Level 1:colcon.colcon_core.package_identification:_identify(.) by extensions ['colcon_meta']
[0.246s] Level 1:colcon.colcon_core.package_identification:_identify(.) by extension 'colcon_meta'
[0.246s] Level 1:colcon.colcon_core.package_identification:_identify(.) by extensions ['ros']
[0.246s] Level 1:colcon.colcon_core.package_identification:_identify(.) by extension 'ros'
[0.256s] Level 1:colcon.colcon_core.package_identification:_identify(.) by extensions ['cmake', 'python']
[0.256s] Level 1:colcon.colcon_core.package_identification:_identify(.) by extension 'cmake'
[0.256s] Level 1:colcon.colcon_core.package_identification:_identify(.) by extension 'python'
[0.256s] Level 1:colcon.colcon_core.package_identification:_identify(.) by extensions ['python_setup_py']
[0.256s] Level 1:colcon.colcon_core.package_identification:_identify(.) by extension 'python_setup_py'
[0.256s] Level 1:colcon.colcon_core.package_identification:_identify(build) by extensions ['ignore', 'ignore_ament_install']
[0.256s] Level 1:colcon.colcon_core.package_identification:_identify(build) by extension 'ignore'
[0.256s] Level 1:colcon.colcon_core.package_identification:_identify(build) ignored
[0.256s] Level 1:colcon.colcon_core.package_identification:_identify(install) by extensions ['ignore', 'ignore_ament_install']
[0.256s] Level 1:colcon.colcon_core.package_identification:_identify(install) by extension 'ignore'
[0.256s] Level 1:colcon.colcon_core.package_identification:_identify(install) ignored
[0.256s] Level 1:colcon.colcon_core.package_identification:_identify(log) by extensions ['ignore', 'ignore_ament_install']
[0.257s] Level 1:colcon.colcon_core.package_identification:_identify(log) by extension 'ignore'
[0.257s] Level 1:colcon.colcon_core.package_identification:_identify(log) ignored
[0.257s] Level 1:colcon.colcon_core.package_identification:_identify(src) by extensions ['ignore', 'ignore_ament_install']
[0.257s] Level 1:colcon.colcon_core.package_identification:_identify(src) by extension 'ignore'
[0.257s] Level 1:colcon.colcon_core.package_identification:_identify(src) by extension 'ignore_ament_install'
[0.257s] Level 1:colcon.colcon_core.package_identification:_identify(src) by extensions ['colcon_pkg']
[0.257s] Level 1:colcon.colcon_core.package_identification:_identify(src) by extension 'colcon_pkg'
[0.257s] Level 1:colcon.colcon_core.package_identification:_identify(src) by extensions ['colcon_meta']
[0.257s] Level 1:colcon.colcon_core.package_identification:_identify(src) by extension 'colcon_meta'
[0.257s] Level 1:colcon.colcon_core.package_identification:_identify(src) by extensions ['ros']
[0.257s] Level 1:colcon.colcon_core.package_identification:_identify(src) by extension 'ros'
[0.257s] Level 1:colcon.colcon_core.package_identification:_identify(src) by extensions ['cmake', 'python']
[0.257s] Level 1:colcon.colcon_core.package_identification:_identify(src) by extension 'cmake'
[0.257s] Level 1:colcon.colcon_core.package_identification:_identify(src) by extension 'python'
[0.257s] Level 1:colcon.colcon_core.package_identification:_identify(src) by extensions ['python_setup_py']
[0.257s] Level 1:colcon.colcon_core.package_identification:_identify(src) by extension 'python_setup_py'
[0.257s] Level 1:colcon.colcon_core.package_identification:_identify(src/cr7_robot_controller) by extensions ['ignore', 'ignore_ament_install']
[0.257s] Level 1:colcon.colcon_core.package_identification:_identify(src/cr7_robot_controller) by extension 'ignore'
[0.257s] Level 1:colcon.colcon_core.package_identification:_identify(src/cr7_robot_controller) by extension 'ignore_ament_install'
[0.257s] Level 1:colcon.colcon_core.package_identification:_identify(src/cr7_robot_controller) by extensions ['colcon_pkg']
[0.257s] Level 1:colcon.colcon_core.package_identification:_identify(src/cr7_robot_controller) by extension 'colcon_pkg'
[0.257s] Level 1:colcon.colcon_core.package_identification:_identify(src/cr7_robot_controller) by extensions ['colcon_meta']
[0.257s] Level 1:colcon.colcon_core.package_identification:_identify(src/cr7_robot_controller) by extension 'colcon_meta'
[0.258s] Level 1:colcon.colcon_core.package_identification:_identify(src/cr7_robot_controller) by extensions ['ros']
[0.258s] Level 1:colcon.colcon_core.package_identification:_identify(src/cr7_robot_controller) by extension 'ros'
[0.260s] DEBUG:colcon.colcon_core.package_identification:Package 'src/cr7_robot_controller' with type 'ros.ament_cmake' and name 'cr7_robot_controller'
[0.260s] Level 1:colcon.colcon_core.package_identification:_identify(src/hello_moveit) by extensions ['ignore', 'ignore_ament_install']
[0.260s] Level 1:colcon.colcon_core.package_identification:_identify(src/hello_moveit) by extension 'ignore'
[0.260s] Level 1:colcon.colcon_core.package_identification:_identify(src/hello_moveit) by extension 'ignore_ament_install'
[0.260s] Level 1:colcon.colcon_core.package_identification:_identify(src/hello_moveit) by extensions ['colcon_pkg']
[0.260s] Level 1:colcon.colcon_core.package_identification:_identify(src/hello_moveit) by extension 'colcon_pkg'
[0.260s] Level 1:colcon.colcon_core.package_identification:_identify(src/hello_moveit) by extensions ['colcon_meta']
[0.260s] Level 1:colcon.colcon_core.package_identification:_identify(src/hello_moveit) by extension 'colcon_meta'
[0.260s] Level 1:colcon.colcon_core.package_identification:_identify(src/hello_moveit) by extensions ['ros']
[0.260s] Level 1:colcon.colcon_core.package_identification:_identify(src/hello_moveit) by extension 'ros'
[0.261s] DEBUG:colcon.colcon_core.package_identification:Package 'src/hello_moveit' with type 'ros.ament_cmake' and name 'hello_moveit'
[0.261s] Level 1:colcon.colcon_core.package_discovery:discover_packages(recursive) using defaults
[0.261s] Level 1:colcon.colcon_core.package_discovery:discover_packages(ignore) discover
[0.261s] Level 1:colcon.colcon_core.package_discovery:discover_packages(ignore) using defaults
[0.261s] Level 1:colcon.colcon_core.package_discovery:discover_packages(path) discover
[0.261s] Level 1:colcon.colcon_core.package_discovery:discover_packages(path) using defaults
[0.287s] Level 1:colcon.colcon_core.package_discovery:discover_packages(prefix_path) check parameters
[0.287s] Level 1:colcon.colcon_core.package_discovery:discover_packages(prefix_path) discover
[0.292s] DEBUG:colcon.colcon_installed_package_information.package_discovery:Found 2 installed packages in /home/xionggu/cx_moveit/ws_moveit/install
[0.293s] DEBUG:colcon.colcon_installed_package_information.package_discovery:Found 56 installed packages in /home/xionggu/moveit2_ws/install
[0.294s] DEBUG:colcon.colcon_installed_package_information.package_discovery:Found 19 installed packages in /home/xionggu/dobot_ws_test/install
[0.296s] DEBUG:colcon.colcon_installed_package_information.package_discovery:Found 372 installed packages in /opt/ros/humble
[0.299s] Level 1:colcon.colcon_core.package_discovery:discover_packages(prefix_path) using defaults
[0.343s] Level 5:colcon.colcon_core.verb:set package 'cr7_robot_controller' build argument 'cmake_args' from command line to 'None'
[0.343s] Level 5:colcon.colcon_core.verb:set package 'cr7_robot_controller' build argument 'cmake_target' from command line to 'None'
[0.343s] Level 5:colcon.colcon_core.verb:set package 'cr7_robot_controller' build argument 'cmake_target_skip_unavailable' from command line to 'False'
[0.343s] Level 5:colcon.colcon_core.verb:set package 'cr7_robot_controller' build argument 'cmake_clean_cache' from command line to 'False'
[0.343s] Level 5:colcon.colcon_core.verb:set package 'cr7_robot_controller' build argument 'cmake_clean_first' from command line to 'False'
[0.343s] Level 5:colcon.colcon_core.verb:set package 'cr7_robot_controller' build argument 'cmake_force_configure' from command line to 'False'
[0.343s] Level 5:colcon.colcon_core.verb:set package 'cr7_robot_controller' build argument 'ament_cmake_args' from command line to 'None'
[0.343s] Level 5:colcon.colcon_core.verb:set package 'cr7_robot_controller' build argument 'catkin_cmake_args' from command line to 'None'
[0.343s] Level 5:colcon.colcon_core.verb:set package 'cr7_robot_controller' build argument 'catkin_skip_building_tests' from command line to 'False'
[0.343s] DEBUG:colcon.colcon_core.verb:Building package 'cr7_robot_controller' with the following arguments: {'ament_cmake_args': None, 'build_base': '/home/xionggu/cx_moveit/ws_moveit/build/cr7_robot_controller', 'catkin_cmake_args': None, 'catkin_skip_building_tests': False, 'cmake_args': None, 'cmake_clean_cache': False, 'cmake_clean_first': False, 'cmake_force_configure': False, 'cmake_target': None, 'cmake_target_skip_unavailable': False, 'install_base': '/home/xionggu/cx_moveit/ws_moveit/install/cr7_robot_controller', 'merge_install': False, 'path': '/home/xionggu/cx_moveit/ws_moveit/src/cr7_robot_controller', 'symlink_install': False, 'test_result_base': None}
[0.344s] Level 5:colcon.colcon_core.verb:set package 'hello_moveit' build argument 'cmake_args' from command line to 'None'
[0.344s] Level 5:colcon.colcon_core.verb:set package 'hello_moveit' build argument 'cmake_target' from command line to 'None'
[0.344s] Level 5:colcon.colcon_core.verb:set package 'hello_moveit' build argument 'cmake_target_skip_unavailable' from command line to 'False'
[0.344s] Level 5:colcon.colcon_core.verb:set package 'hello_moveit' build argument 'cmake_clean_cache' from command line to 'False'
[0.344s] Level 5:colcon.colcon_core.verb:set package 'hello_moveit' build argument 'cmake_clean_first' from command line to 'False'
[0.344s] Level 5:colcon.colcon_core.verb:set package 'hello_moveit' build argument 'cmake_force_configure' from command line to 'False'
[0.344s] Level 5:colcon.colcon_core.verb:set package 'hello_moveit' build argument 'ament_cmake_args' from command line to 'None'
[0.344s] Level 5:colcon.colcon_core.verb:set package 'hello_moveit' build argument 'catkin_cmake_args' from command line to 'None'
[0.344s] Level 5:colcon.colcon_core.verb:set package 'hello_moveit' build argument 'catkin_skip_building_tests' from command line to 'False'
[0.344s] DEBUG:colcon.colcon_core.verb:Building package 'hello_moveit' with the following arguments: {'ament_cmake_args': None, 'build_base': '/home/xionggu/cx_moveit/ws_moveit/build/hello_moveit', 'catkin_cmake_args': None, 'catkin_skip_building_tests': False, 'cmake_args': None, 'cmake_clean_cache': False, 'cmake_clean_first': False, 'cmake_force_configure': False, 'cmake_target': None, 'cmake_target_skip_unavailable': False, 'install_base': '/home/xionggu/cx_moveit/ws_moveit/install/hello_moveit', 'merge_install': False, 'path': '/home/xionggu/cx_moveit/ws_moveit/src/hello_moveit', 'symlink_install': False, 'test_result_base': None}
[0.344s] INFO:colcon.colcon_core.executor:Executing jobs using 'parallel' executor
[0.349s] DEBUG:colcon.colcon_parallel_executor.executor.parallel:run_until_complete
[0.349s] INFO:colcon.colcon_ros.task.ament_cmake.build:Building ROS package in '/home/xionggu/cx_moveit/ws_moveit/src/cr7_robot_controller' with build type 'ament_cmake'
[0.349s] INFO:colcon.colcon_cmake.task.cmake.build:Building CMake package in '/home/xionggu/cx_moveit/ws_moveit/src/cr7_robot_controller'
[0.352s] INFO:colcon.colcon_core.plugin_system:Skipping extension 'colcon_core.shell.bat': Not used on non-Windows systems
[0.352s] INFO:colcon.colcon_core.shell:Skip shell extension 'powershell' for command environment: Not usable outside of PowerShell
[0.352s] DEBUG:colcon.colcon_core.shell:Skip shell extension 'dsv' for command environment
[0.364s] INFO:colcon.colcon_ros.task.ament_cmake.build:Building ROS package in '/home/xionggu/cx_moveit/ws_moveit/src/hello_moveit' with build type 'ament_cmake'
[0.364s] INFO:colcon.colcon_cmake.task.cmake.build:Building CMake package in '/home/xionggu/cx_moveit/ws_moveit/src/hello_moveit'
[0.364s] INFO:colcon.colcon_core.shell:Skip shell extension 'powershell' for command environment: Not usable outside of PowerShell
[0.364s] DEBUG:colcon.colcon_core.shell:Skip shell extension 'dsv' for command environment
[0.380s] DEBUG:colcon.colcon_core.event_handler.log_command:Invoking command in '/home/xionggu/cx_moveit/ws_moveit/build/cr7_robot_controller': CMAKE_PREFIX_PATH=${CMAKE_PREFIX_PATH}:/home/xionggu/moveit2_ws/install/moveit_configs_utils:/home/xionggu/moveit2_ws/install/launch_param_builder:/home/xionggu/dobot_ws_test/install/servo_action:/home/xionggu/dobot_ws_test/install/dobot_moveit:/home/xionggu/dobot_ws_test/install/dobot_demo:/opt/ros/humble HISTTIMEFORMAT= %F %T /usr/bin/cmake --build /home/xionggu/cx_moveit/ws_moveit/build/cr7_robot_controller -- -j8 -l8
[0.388s] DEBUG:colcon.colcon_core.event_handler.log_command:Invoking command in '/home/xionggu/cx_moveit/ws_moveit/build/hello_moveit': CMAKE_PREFIX_PATH=${CMAKE_PREFIX_PATH}:/home/xionggu/moveit2_ws/install/moveit_configs_utils:/home/xionggu/moveit2_ws/install/launch_param_builder:/home/xionggu/dobot_ws_test/install/servo_action:/home/xionggu/dobot_ws_test/install/dobot_moveit:/home/xionggu/dobot_ws_test/install/dobot_demo:/opt/ros/humble HISTTIMEFORMAT= %F %T /usr/bin/cmake --build /home/xionggu/cx_moveit/ws_moveit/build/hello_moveit -- -j8 -l8
[0.590s] DEBUG:colcon.colcon_core.event_handler.log_command:Invoked command in '/home/xionggu/cx_moveit/ws_moveit/build/hello_moveit' returned '0': CMAKE_PREFIX_PATH=${CMAKE_PREFIX_PATH}:/home/xionggu/moveit2_ws/install/moveit_configs_utils:/home/xionggu/moveit2_ws/install/launch_param_builder:/home/xionggu/dobot_ws_test/install/servo_action:/home/xionggu/dobot_ws_test/install/dobot_moveit:/home/xionggu/dobot_ws_test/install/dobot_demo:/opt/ros/humble HISTTIMEFORMAT= %F %T /usr/bin/cmake --build /home/xionggu/cx_moveit/ws_moveit/build/hello_moveit -- -j8 -l8
[0.613s] DEBUG:colcon.colcon_core.event_handler.log_command:Invoking command in '/home/xionggu/cx_moveit/ws_moveit/build/hello_moveit': CMAKE_PREFIX_PATH=${CMAKE_PREFIX_PATH}:/home/xionggu/moveit2_ws/install/moveit_configs_utils:/home/xionggu/moveit2_ws/install/launch_param_builder:/home/xionggu/dobot_ws_test/install/servo_action:/home/xionggu/dobot_ws_test/install/dobot_moveit:/home/xionggu/dobot_ws_test/install/dobot_demo:/opt/ros/humble HISTTIMEFORMAT= %F %T /usr/bin/cmake --install /home/xionggu/cx_moveit/ws_moveit/build/hello_moveit
[0.618s] Level 1:colcon.colcon_core.environment:create_environment_scripts_only(hello_moveit)
[0.619s] DEBUG:colcon.colcon_core.event_handler.log_command:Invoked command in '/home/xionggu/cx_moveit/ws_moveit/build/hello_moveit' returned '0': CMAKE_PREFIX_PATH=${CMAKE_PREFIX_PATH}:/home/xionggu/moveit2_ws/install/moveit_configs_utils:/home/xionggu/moveit2_ws/install/launch_param_builder:/home/xionggu/dobot_ws_test/install/servo_action:/home/xionggu/dobot_ws_test/install/dobot_moveit:/home/xionggu/dobot_ws_test/install/dobot_demo:/opt/ros/humble HISTTIMEFORMAT= %F %T /usr/bin/cmake --install /home/xionggu/cx_moveit/ws_moveit/build/hello_moveit
[0.621s] Level 1:colcon.colcon_core.environment:checking '/home/xionggu/cx_moveit/ws_moveit/install/hello_moveit' for CMake module files
[0.621s] Level 1:colcon.colcon_core.environment:checking '/home/xionggu/cx_moveit/ws_moveit/install/hello_moveit' for CMake config files
[0.622s] Level 1:colcon.colcon_core.shell:create_environment_hook('hello_moveit', 'cmake_prefix_path')
[0.622s] INFO:colcon.colcon_core.shell:Creating environment hook '/home/xionggu/cx_moveit/ws_moveit/install/hello_moveit/share/hello_moveit/hook/cmake_prefix_path.ps1'
[0.622s] INFO:colcon.colcon_core.shell:Creating environment descriptor '/home/xionggu/cx_moveit/ws_moveit/install/hello_moveit/share/hello_moveit/hook/cmake_prefix_path.dsv'
[0.623s] INFO:colcon.colcon_core.shell:Creating environment hook '/home/xionggu/cx_moveit/ws_moveit/install/hello_moveit/share/hello_moveit/hook/cmake_prefix_path.sh'
[0.623s] Level 1:colcon.colcon_core.environment:checking '/home/xionggu/cx_moveit/ws_moveit/install/hello_moveit/lib'
[0.623s] Level 1:colcon.colcon_core.environment:checking '/home/xionggu/cx_moveit/ws_moveit/install/hello_moveit/bin'
[0.623s] Level 1:colcon.colcon_core.environment:checking '/home/xionggu/cx_moveit/ws_moveit/install/hello_moveit/lib/pkgconfig/hello_moveit.pc'
[0.624s] Level 1:colcon.colcon_core.environment:checking '/home/xionggu/cx_moveit/ws_moveit/install/hello_moveit/lib/python3.10/site-packages'
[0.624s] Level 1:colcon.colcon_core.environment:checking '/home/xionggu/cx_moveit/ws_moveit/install/hello_moveit/bin'
[0.624s] INFO:colcon.colcon_core.shell:Creating package script '/home/xionggu/cx_moveit/ws_moveit/install/hello_moveit/share/hello_moveit/package.ps1'
[0.625s] INFO:colcon.colcon_core.shell:Creating package descriptor '/home/xionggu/cx_moveit/ws_moveit/install/hello_moveit/share/hello_moveit/package.dsv'
[0.625s] INFO:colcon.colcon_core.shell:Creating package script '/home/xionggu/cx_moveit/ws_moveit/install/hello_moveit/share/hello_moveit/package.sh'
[0.626s] INFO:colcon.colcon_core.shell:Creating package script '/home/xionggu/cx_moveit/ws_moveit/install/hello_moveit/share/hello_moveit/package.bash'
[0.626s] INFO:colcon.colcon_core.shell:Creating package script '/home/xionggu/cx_moveit/ws_moveit/install/hello_moveit/share/hello_moveit/package.zsh'
[0.627s] Level 1:colcon.colcon_core.environment:create_file_with_runtime_dependencies(/home/xionggu/cx_moveit/ws_moveit/install/hello_moveit/share/colcon-core/packages/hello_moveit)
[0.627s] Level 1:colcon.colcon_core.environment:create_environment_scripts_only(hello_moveit)
[0.627s] Level 1:colcon.colcon_core.environment:checking '/home/xionggu/cx_moveit/ws_moveit/install/hello_moveit' for CMake module files
[0.628s] Level 1:colcon.colcon_core.environment:checking '/home/xionggu/cx_moveit/ws_moveit/install/hello_moveit' for CMake config files
[0.628s] Level 1:colcon.colcon_core.shell:create_environment_hook('hello_moveit', 'cmake_prefix_path')
[0.628s] INFO:colcon.colcon_core.shell:Creating environment hook '/home/xionggu/cx_moveit/ws_moveit/install/hello_moveit/share/hello_moveit/hook/cmake_prefix_path.ps1'
[0.645s] INFO:colcon.colcon_core.shell:Creating environment descriptor '/home/xionggu/cx_moveit/ws_moveit/install/hello_moveit/share/hello_moveit/hook/cmake_prefix_path.dsv'
[0.646s] INFO:colcon.colcon_core.shell:Creating environment hook '/home/xionggu/cx_moveit/ws_moveit/install/hello_moveit/share/hello_moveit/hook/cmake_prefix_path.sh'
[0.646s] Level 1:colcon.colcon_core.environment:checking '/home/xionggu/cx_moveit/ws_moveit/install/hello_moveit/lib'
[0.646s] Level 1:colcon.colcon_core.environment:checking '/home/xionggu/cx_moveit/ws_moveit/install/hello_moveit/bin'
[0.646s] Level 1:colcon.colcon_core.environment:checking '/home/xionggu/cx_moveit/ws_moveit/install/hello_moveit/lib/pkgconfig/hello_moveit.pc'
[0.647s] Level 1:colcon.colcon_core.environment:checking '/home/xionggu/cx_moveit/ws_moveit/install/hello_moveit/lib/python3.10/site-packages'
[0.647s] Level 1:colcon.colcon_core.environment:checking '/home/xionggu/cx_moveit/ws_moveit/install/hello_moveit/bin'
[0.647s] INFO:colcon.colcon_core.shell:Creating package script '/home/xionggu/cx_moveit/ws_moveit/install/hello_moveit/share/hello_moveit/package.ps1'
[0.648s] INFO:colcon.colcon_core.shell:Creating package descriptor '/home/xionggu/cx_moveit/ws_moveit/install/hello_moveit/share/hello_moveit/package.dsv'
[0.648s] INFO:colcon.colcon_core.shell:Creating package script '/home/xionggu/cx_moveit/ws_moveit/install/hello_moveit/share/hello_moveit/package.sh'
[0.648s] INFO:colcon.colcon_core.shell:Creating package script '/home/xionggu/cx_moveit/ws_moveit/install/hello_moveit/share/hello_moveit/package.bash'
[0.649s] INFO:colcon.colcon_core.shell:Creating package script '/home/xionggu/cx_moveit/ws_moveit/install/hello_moveit/share/hello_moveit/package.zsh'
[0.649s] Level 1:colcon.colcon_core.environment:create_file_with_runtime_dependencies(/home/xionggu/cx_moveit/ws_moveit/install/hello_moveit/share/colcon-core/packages/hello_moveit)
[6.945s] DEBUG:colcon.colcon_core.event_handler.log_command:Invoked command in '/home/xionggu/cx_moveit/ws_moveit/build/cr7_robot_controller' returned '0': CMAKE_PREFIX_PATH=${CMAKE_PREFIX_PATH}:/home/xionggu/moveit2_ws/install/moveit_configs_utils:/home/xionggu/moveit2_ws/install/launch_param_builder:/home/xionggu/dobot_ws_test/install/servo_action:/home/xionggu/dobot_ws_test/install/dobot_moveit:/home/xionggu/dobot_ws_test/install/dobot_demo:/opt/ros/humble HISTTIMEFORMAT= %F %T /usr/bin/cmake --build /home/xionggu/cx_moveit/ws_moveit/build/cr7_robot_controller -- -j8 -l8
[6.947s] DEBUG:colcon.colcon_core.event_handler.log_command:Invoking command in '/home/xionggu/cx_moveit/ws_moveit/build/cr7_robot_controller': CMAKE_PREFIX_PATH=${CMAKE_PREFIX_PATH}:/home/xionggu/moveit2_ws/install/moveit_configs_utils:/home/xionggu/moveit2_ws/install/launch_param_builder:/home/xionggu/dobot_ws_test/install/servo_action:/home/xionggu/dobot_ws_test/install/dobot_moveit:/home/xionggu/dobot_ws_test/install/dobot_demo:/opt/ros/humble HISTTIMEFORMAT= %F %T /usr/bin/cmake --install /home/xionggu/cx_moveit/ws_moveit/build/cr7_robot_controller
[6.962s] Level 1:colcon.colcon_core.environment:create_environment_scripts_only(cr7_robot_controller)
[6.962s] Level 1:colcon.colcon_core.environment:checking '/home/xionggu/cx_moveit/ws_moveit/install/cr7_robot_controller' for CMake module files
[6.963s] DEBUG:colcon.colcon_core.event_handler.log_command:Invoked command in '/home/xionggu/cx_moveit/ws_moveit/build/cr7_robot_controller' returned '0': CMAKE_PREFIX_PATH=${CMAKE_PREFIX_PATH}:/home/xionggu/moveit2_ws/install/moveit_configs_utils:/home/xionggu/moveit2_ws/install/launch_param_builder:/home/xionggu/dobot_ws_test/install/servo_action:/home/xionggu/dobot_ws_test/install/dobot_moveit:/home/xionggu/dobot_ws_test/install/dobot_demo:/opt/ros/humble HISTTIMEFORMAT= %F %T /usr/bin/cmake --install /home/xionggu/cx_moveit/ws_moveit/build/cr7_robot_controller
[6.963s] Level 1:colcon.colcon_core.environment:checking '/home/xionggu/cx_moveit/ws_moveit/install/cr7_robot_controller' for CMake config files
[6.963s] Level 1:colcon.colcon_core.shell:create_environment_hook('cr7_robot_controller', 'cmake_prefix_path')
[6.963s] INFO:colcon.colcon_core.shell:Creating environment hook '/home/xionggu/cx_moveit/ws_moveit/install/cr7_robot_controller/share/cr7_robot_controller/hook/cmake_prefix_path.ps1'
[6.964s] INFO:colcon.colcon_core.shell:Creating environment descriptor '/home/xionggu/cx_moveit/ws_moveit/install/cr7_robot_controller/share/cr7_robot_controller/hook/cmake_prefix_path.dsv'
[6.964s] INFO:colcon.colcon_core.shell:Creating environment hook '/home/xionggu/cx_moveit/ws_moveit/install/cr7_robot_controller/share/cr7_robot_controller/hook/cmake_prefix_path.sh'
[6.964s] Level 1:colcon.colcon_core.environment:checking '/home/xionggu/cx_moveit/ws_moveit/install/cr7_robot_controller/lib'
[6.965s] Level 1:colcon.colcon_core.environment:checking '/home/xionggu/cx_moveit/ws_moveit/install/cr7_robot_controller/bin'
[6.965s] Level 1:colcon.colcon_core.environment:checking '/home/xionggu/cx_moveit/ws_moveit/install/cr7_robot_controller/lib/pkgconfig/cr7_robot_controller.pc'
[6.965s] Level 1:colcon.colcon_core.environment:checking '/home/xionggu/cx_moveit/ws_moveit/install/cr7_robot_controller/lib/python3.10/site-packages'
[6.965s] Level 1:colcon.colcon_core.environment:checking '/home/xionggu/cx_moveit/ws_moveit/install/cr7_robot_controller/bin'
[6.965s] INFO:colcon.colcon_core.shell:Creating package script '/home/xionggu/cx_moveit/ws_moveit/install/cr7_robot_controller/share/cr7_robot_controller/package.ps1'
[6.966s] INFO:colcon.colcon_core.shell:Creating package descriptor '/home/xionggu/cx_moveit/ws_moveit/install/cr7_robot_controller/share/cr7_robot_controller/package.dsv'
[6.966s] INFO:colcon.colcon_core.shell:Creating package script '/home/xionggu/cx_moveit/ws_moveit/install/cr7_robot_controller/share/cr7_robot_controller/package.sh'
[6.966s] INFO:colcon.colcon_core.shell:Creating package script '/home/xionggu/cx_moveit/ws_moveit/install/cr7_robot_controller/share/cr7_robot_controller/package.bash'
[6.967s] INFO:colcon.colcon_core.shell:Creating package script '/home/xionggu/cx_moveit/ws_moveit/install/cr7_robot_controller/share/cr7_robot_controller/package.zsh'
[6.967s] Level 1:colcon.colcon_core.environment:create_file_with_runtime_dependencies(/home/xionggu/cx_moveit/ws_moveit/install/cr7_robot_controller/share/colcon-core/packages/cr7_robot_controller)
[6.967s] Level 1:colcon.colcon_core.environment:create_environment_scripts_only(cr7_robot_controller)
[6.967s] Level 1:colcon.colcon_core.environment:checking '/home/xionggu/cx_moveit/ws_moveit/install/cr7_robot_controller' for CMake module files
[6.968s] Level 1:colcon.colcon_core.environment:checking '/home/xionggu/cx_moveit/ws_moveit/install/cr7_robot_controller' for CMake config files
[6.968s] Level 1:colcon.colcon_core.shell:create_environment_hook('cr7_robot_controller', 'cmake_prefix_path')
[6.968s] INFO:colcon.colcon_core.shell:Creating environment hook '/home/xionggu/cx_moveit/ws_moveit/install/cr7_robot_controller/share/cr7_robot_controller/hook/cmake_prefix_path.ps1'
[6.968s] INFO:colcon.colcon_core.shell:Creating environment descriptor '/home/xionggu/cx_moveit/ws_moveit/install/cr7_robot_controller/share/cr7_robot_controller/hook/cmake_prefix_path.dsv'
[6.969s] INFO:colcon.colcon_core.shell:Creating environment hook '/home/xionggu/cx_moveit/ws_moveit/install/cr7_robot_controller/share/cr7_robot_controller/hook/cmake_prefix_path.sh'
[6.969s] Level 1:colcon.colcon_core.environment:checking '/home/xionggu/cx_moveit/ws_moveit/install/cr7_robot_controller/lib'
[6.969s] Level 1:colcon.colcon_core.environment:checking '/home/xionggu/cx_moveit/ws_moveit/install/cr7_robot_controller/bin'
[6.969s] Level 1:colcon.colcon_core.environment:checking '/home/xionggu/cx_moveit/ws_moveit/install/cr7_robot_controller/lib/pkgconfig/cr7_robot_controller.pc'
[6.969s] Level 1:colcon.colcon_core.environment:checking '/home/xionggu/cx_moveit/ws_moveit/install/cr7_robot_controller/lib/python3.10/site-packages'
[6.970s] Level 1:colcon.colcon_core.environment:checking '/home/xionggu/cx_moveit/ws_moveit/install/cr7_robot_controller/bin'
[6.970s] INFO:colcon.colcon_core.shell:Creating package script '/home/xionggu/cx_moveit/ws_moveit/install/cr7_robot_controller/share/cr7_robot_controller/package.ps1'
[6.970s] INFO:colcon.colcon_core.shell:Creating package descriptor '/home/xionggu/cx_moveit/ws_moveit/install/cr7_robot_controller/share/cr7_robot_controller/package.dsv'
[6.970s] INFO:colcon.colcon_core.shell:Creating package script '/home/xionggu/cx_moveit/ws_moveit/install/cr7_robot_controller/share/cr7_robot_controller/package.sh'
[6.971s] INFO:colcon.colcon_core.shell:Creating package script '/home/xionggu/cx_moveit/ws_moveit/install/cr7_robot_controller/share/cr7_robot_controller/package.bash'
[6.971s] INFO:colcon.colcon_core.shell:Creating package script '/home/xionggu/cx_moveit/ws_moveit/install/cr7_robot_controller/share/cr7_robot_controller/package.zsh'
[6.971s] Level 1:colcon.colcon_core.environment:create_file_with_runtime_dependencies(/home/xionggu/cx_moveit/ws_moveit/install/cr7_robot_controller/share/colcon-core/packages/cr7_robot_controller)
[6.972s] DEBUG:colcon.colcon_parallel_executor.executor.parallel:closing loop
[6.972s] DEBUG:colcon.colcon_parallel_executor.executor.parallel:loop closed
[6.972s] DEBUG:colcon.colcon_parallel_executor.executor.parallel:run_until_complete finished with '0'
[6.972s] DEBUG:colcon.colcon_core.event_reactor:joining thread
[6.989s] INFO:colcon.colcon_core.plugin_system:Skipping extension 'colcon_notification.desktop_notification.terminal_notifier': Not used on non-Darwin systems
[6.989s] INFO:colcon.colcon_core.plugin_system:Skipping extension 'colcon_notification.desktop_notification.win32': Not used on non-Windows systems
[6.989s] INFO:colcon.colcon_notification.desktop_notification:Sending desktop notification using 'notify2'
[7.000s] DEBUG:colcon.colcon_core.event_reactor:joined thread
[7.001s] INFO:colcon.colcon_core.shell:Creating prefix script '/home/xionggu/cx_moveit/ws_moveit/install/local_setup.ps1'
[7.001s] INFO:colcon.colcon_core.shell:Creating prefix util module '/home/xionggu/cx_moveit/ws_moveit/install/_local_setup_util_ps1.py'
[7.002s] INFO:colcon.colcon_core.shell:Creating prefix chain script '/home/xionggu/cx_moveit/ws_moveit/install/setup.ps1'
[7.006s] INFO:colcon.colcon_core.shell:Creating prefix script '/home/xionggu/cx_moveit/ws_moveit/install/local_setup.sh'
[7.007s] INFO:colcon.colcon_core.shell:Creating prefix util module '/home/xionggu/cx_moveit/ws_moveit/install/_local_setup_util_sh.py'
[7.007s] INFO:colcon.colcon_core.shell:Creating prefix chain script '/home/xionggu/cx_moveit/ws_moveit/install/setup.sh'
[7.011s] INFO:colcon.colcon_core.shell:Creating prefix script '/home/xionggu/cx_moveit/ws_moveit/install/local_setup.bash'
[7.011s] INFO:colcon.colcon_core.shell:Creating prefix chain script '/home/xionggu/cx_moveit/ws_moveit/install/setup.bash'
[7.015s] INFO:colcon.colcon_core.shell:Creating prefix script '/home/xionggu/cx_moveit/ws_moveit/install/local_setup.zsh'
[7.015s] INFO:colcon.colcon_core.shell:Creating prefix chain script '/home/xionggu/cx_moveit/ws_moveit/install/setup.zsh'
