[0.033s] Invoking command in '/home/xionggu/cx_moveit/ws_moveit/build/cr7_robot_controller': CMAKE_PREFIX_PATH=${CMAKE_PREFIX_PATH}:/home/xionggu/moveit2_ws/install/moveit_configs_utils:/home/xionggu/moveit2_ws/install/launch_param_builder:/home/xionggu/dobot_ws_test/install/servo_action:/home/xionggu/dobot_ws_test/install/dobot_moveit:/home/xionggu/dobot_ws_test/install/dobot_demo:/opt/ros/humble HISTTIMEFORMAT= %F %T /usr/bin/cmake --build /home/xionggu/cx_moveit/ws_moveit/build/cr7_robot_controller -- -j8 -l8
[0.182s] [100%] Built target cr7_controller
[0.223s] Invoked command in '/home/xionggu/cx_moveit/ws_moveit/build/cr7_robot_controller' returned '0': CMAKE_PREFIX_PATH=${CMAKE_PREFIX_PATH}:/home/xionggu/moveit2_ws/install/moveit_configs_utils:/home/xionggu/moveit2_ws/install/launch_param_builder:/home/xionggu/dobot_ws_test/install/servo_action:/home/xionggu/dobot_ws_test/install/dobot_moveit:/home/xionggu/dobot_ws_test/install/dobot_demo:/opt/ros/humble HISTTIMEFORMAT= %F %T /usr/bin/cmake --build /home/xionggu/cx_moveit/ws_moveit/build/cr7_robot_controller -- -j8 -l8
[0.225s] Invoking command in '/home/xionggu/cx_moveit/ws_moveit/build/cr7_robot_controller': CMAKE_PREFIX_PATH=${CMAKE_PREFIX_PATH}:/home/xionggu/moveit2_ws/install/moveit_configs_utils:/home/xionggu/moveit2_ws/install/launch_param_builder:/home/xionggu/dobot_ws_test/install/servo_action:/home/xionggu/dobot_ws_test/install/dobot_moveit:/home/xionggu/dobot_ws_test/install/dobot_demo:/opt/ros/humble HISTTIMEFORMAT= %F %T /usr/bin/cmake --install /home/xionggu/cx_moveit/ws_moveit/build/cr7_robot_controller
[0.239s] -- Install configuration: ""
[0.239s] -- Up-to-date: /home/xionggu/cx_moveit/ws_moveit/install/cr7_robot_controller/lib/cr7_robot_controller/cr7_controller
[0.240s] -- Up-to-date: /home/xionggu/cx_moveit/ws_moveit/install/cr7_robot_controller/share/cr7_robot_controller/launch
[0.240s] -- Installing: /home/xionggu/cx_moveit/ws_moveit/install/cr7_robot_controller/share/cr7_robot_controller/launch/cr7_controller.launch.py
[0.240s] -- Up-to-date: /home/xionggu/cx_moveit/ws_moveit/install/cr7_robot_controller/share/cr7_robot_controller/config
[0.240s] -- Up-to-date: /home/xionggu/cx_moveit/ws_moveit/install/cr7_robot_controller/share/cr7_robot_controller/config/kinematics.yaml
[0.240s] -- Up-to-date: /home/xionggu/cx_moveit/ws_moveit/install/cr7_robot_controller/share/ament_index/resource_index/package_run_dependencies/cr7_robot_controller
[0.240s] -- Up-to-date: /home/xionggu/cx_moveit/ws_moveit/install/cr7_robot_controller/share/ament_index/resource_index/parent_prefix_path/cr7_robot_controller
[0.240s] -- Up-to-date: /home/xionggu/cx_moveit/ws_moveit/install/cr7_robot_controller/share/cr7_robot_controller/environment/ament_prefix_path.sh
[0.240s] -- Up-to-date: /home/xionggu/cx_moveit/ws_moveit/install/cr7_robot_controller/share/cr7_robot_controller/environment/ament_prefix_path.dsv
[0.240s] -- Up-to-date: /home/xionggu/cx_moveit/ws_moveit/install/cr7_robot_controller/share/cr7_robot_controller/environment/path.sh
[0.240s] -- Up-to-date: /home/xionggu/cx_moveit/ws_moveit/install/cr7_robot_controller/share/cr7_robot_controller/environment/path.dsv
[0.240s] -- Up-to-date: /home/xionggu/cx_moveit/ws_moveit/install/cr7_robot_controller/share/cr7_robot_controller/local_setup.bash
[0.240s] -- Up-to-date: /home/xionggu/cx_moveit/ws_moveit/install/cr7_robot_controller/share/cr7_robot_controller/local_setup.sh
[0.240s] -- Up-to-date: /home/xionggu/cx_moveit/ws_moveit/install/cr7_robot_controller/share/cr7_robot_controller/local_setup.zsh
[0.240s] -- Up-to-date: /home/xionggu/cx_moveit/ws_moveit/install/cr7_robot_controller/share/cr7_robot_controller/local_setup.dsv
[0.240s] -- Installing: /home/xionggu/cx_moveit/ws_moveit/install/cr7_robot_controller/share/cr7_robot_controller/package.dsv
[0.240s] -- Up-to-date: /home/xionggu/cx_moveit/ws_moveit/install/cr7_robot_controller/share/ament_index/resource_index/packages/cr7_robot_controller
[0.240s] -- Up-to-date: /home/xionggu/cx_moveit/ws_moveit/install/cr7_robot_controller/share/cr7_robot_controller/cmake/ament_cmake_export_dependencies-extras.cmake
[0.240s] -- Up-to-date: /home/xionggu/cx_moveit/ws_moveit/install/cr7_robot_controller/share/cr7_robot_controller/cmake/cr7_robot_controllerConfig.cmake
[0.240s] -- Up-to-date: /home/xionggu/cx_moveit/ws_moveit/install/cr7_robot_controller/share/cr7_robot_controller/cmake/cr7_robot_controllerConfig-version.cmake
[0.241s] -- Up-to-date: /home/xionggu/cx_moveit/ws_moveit/install/cr7_robot_controller/share/cr7_robot_controller/package.xml
[0.257s] Invoked command in '/home/xionggu/cx_moveit/ws_moveit/build/cr7_robot_controller' returned '0': CMAKE_PREFIX_PATH=${CMAKE_PREFIX_PATH}:/home/xionggu/moveit2_ws/install/moveit_configs_utils:/home/xionggu/moveit2_ws/install/launch_param_builder:/home/xionggu/dobot_ws_test/install/servo_action:/home/xionggu/dobot_ws_test/install/dobot_moveit:/home/xionggu/dobot_ws_test/install/dobot_demo:/opt/ros/humble HISTTIMEFORMAT= %F %T /usr/bin/cmake --install /home/xionggu/cx_moveit/ws_moveit/build/cr7_robot_controller
