[35m[1mConsolidate compiler generated dependencies of target cr7_controller[0m
[ 33%] [32mBuilding CXX object CMakeFiles/cr7_controller.dir/src/cr7_robot_controller.cpp.o[0m
[01m[K/home/xionggu/cx_moveit/ws_moveit/src/cr7_robot_controller/src/cr7_robot_controller.cpp:[m[K In member function ‘[01m[Kbool cr7_controller::CR7RobotController::waitForRobotState(double)[m[K’:
[01m[K/home/xionggu/cx_moveit/ws_moveit/src/cr7_robot_controller/src/cr7_robot_controller.cpp:248:58:[m[K [01;31m[Kerror: [m[Kqualified-id in declaration before ‘[01m[K([m[K’ token
  248 | CR7RobotController::Result CR7RobotController::moveToPose[01;31m[K([m[K
      |                                                          [01;31m[K^[m[K
[01m[K/home/xionggu/cx_moveit/ws_moveit/src/cr7_robot_controller/src/cr7_robot_controller.cpp:326:62:[m[K [01;31m[Kerror: [m[Kqualified-id in declaration before ‘[01m[K([m[K’ token
  326 | CR7RobotController::Result CR7RobotController::moveToWaypoint[01;31m[K([m[Kconst Waypoint& waypoint) {
      |                                                              [01;31m[K^[m[K
[01m[K/home/xionggu/cx_moveit/ws_moveit/src/cr7_robot_controller/src/cr7_robot_controller.cpp:338:77:[m[K [01;31m[Kerror: [m[Kqualified-id in declaration before ‘[01m[K([m[K’ token
  338 | std::vector<CR7RobotController::Result> CR7RobotController::executeWaypoints[01;31m[K([m[K
      |                                                                             [01;31m[K^[m[K
[01m[K/home/xionggu/cx_moveit/ws_moveit/src/cr7_robot_controller/src/cr7_robot_controller.cpp:393:79:[m[K [01;31m[Kerror: [m[Kqualified-id in declaration before ‘[01m[K([m[K’ token
  393 | std::vector<CR7RobotController::Result> CR7RobotController::executeWeldingPath[01;31m[K([m[K) {
      |                                                                               [01;31m[K^[m[K
[01m[K/home/xionggu/cx_moveit/ws_moveit/src/cr7_robot_controller/src/cr7_robot_controller.cpp:420:76:[m[K [01;31m[Kerror: [m[Kqualified-id in declaration before ‘[01m[K([m[K’ token
  420 | std::vector<CR7RobotController::Result> CR7RobotController::executeTestPath[01;31m[K([m[K) {
      |                                                                            [01;31m[K^[m[K
[01m[K/home/xionggu/cx_moveit/ws_moveit/src/cr7_robot_controller/src/cr7_robot_controller.cpp:449:33:[m[K [01;31m[Kerror: [m[Kqualified-id in declaration before ‘[01m[K([m[K’ token
  449 | bool CR7RobotController::isReady[01;31m[K([m[K) const {
      |                                 [01;31m[K^[m[K
[01m[K/home/xionggu/cx_moveit/ws_moveit/src/cr7_robot_controller/src/cr7_robot_controller.cpp:453:60:[m[K [01;31m[Kerror: [m[Kqualified-id in declaration before ‘[01m[K([m[K’ token
  453 | geometry_msgs::msg::Pose CR7RobotController::getCurrentPose[01;31m[K([m[K) const {
      |                                                            [01;31m[K^[m[K
[01m[K/home/xionggu/cx_moveit/ws_moveit/src/cr7_robot_controller/src/cr7_robot_controller.cpp:467:65:[m[K [01;31m[Kerror: [m[Kqualified-id in declaration before ‘[01m[K([m[K’ token
  467 | std::vector<double> CR7RobotController::getCurrentJointPositions[01;31m[K([m[K) const {
      |                                                                 [01;31m[K^[m[K
[01m[K/home/xionggu/cx_moveit/ws_moveit/src/cr7_robot_controller/src/cr7_robot_controller.cpp:481:43:[m[K [01;31m[Kerror: [m[Kqualified-id in declaration before ‘[01m[K([m[K’ token
  481 | void CR7RobotController::printCurrentState[01;31m[K([m[K) const {
      |                                           [01;31m[K^[m[K
[01m[K/home/xionggu/cx_moveit/ws_moveit/src/cr7_robot_controller/src/cr7_robot_controller.cpp:517:41:[m[K [01;31m[Kerror: [m[Kqualified-id in declaration before ‘[01m[K([m[K’ token
  517 | void CR7RobotController::setPlanningTime[01;31m[K([m[Kdouble seconds) {
      |                                         [01;31m[K^[m[K
[01m[K/home/xionggu/cx_moveit/ws_moveit/src/cr7_robot_controller/src/cr7_robot_controller.cpp:524:43:[m[K [01;31m[Kerror: [m[Kqualified-id in declaration before ‘[01m[K([m[K’ token
  524 | void CR7RobotController::setVelocityFactor[01;31m[K([m[Kdouble factor) {
      |                                           [01;31m[K^[m[K
[01m[K/home/xionggu/cx_moveit/ws_moveit/src/cr7_robot_controller/src/cr7_robot_controller.cpp:531:47:[m[K [01;31m[Kerror: [m[Kqualified-id in declaration before ‘[01m[K([m[K’ token
  531 | void CR7RobotController::setAccelerationFactor[01;31m[K([m[Kdouble factor) {
      |                                               [01;31m[K^[m[K
[01m[K/home/xionggu/cx_moveit/ws_moveit/src/cr7_robot_controller/src/cr7_robot_controller.cpp:538:38:[m[K [01;31m[Kerror: [m[Kqualified-id in declaration before ‘[01m[K([m[K’ token
  538 | bool CR7RobotController::validatePose[01;31m[K([m[Kconst geometry_msgs::msg::Pose& pose,
      |                                      [01;31m[K^[m[K
[01m[K/home/xionggu/cx_moveit/ws_moveit/src/cr7_robot_controller/src/cr7_robot_controller.cpp:557:47:[m[K [01;31m[Kerror: [m[Kqualified-id in declaration before ‘[01m[K([m[K’ token
  557 | std::string CR7RobotController::resultToString[01;31m[K([m[KResult result) const {
      |                                               [01;31m[K^[m[K
[01m[K/home/xionggu/cx_moveit/ws_moveit/src/cr7_robot_controller/src/cr7_robot_controller.cpp:[m[K At global scope:
[01m[K/home/xionggu/cx_moveit/ws_moveit/src/cr7_robot_controller/src/cr7_robot_controller.cpp:569:2:[m[K [01;31m[Kerror: [m[Kexpected ‘[01m[K}[m[K’ at end of input
  569 | }[01;31m[K [m[K // namespace cr7_controller
      |  [01;31m[K^[m[K
[01m[K/home/xionggu/cx_moveit/ws_moveit/src/cr7_robot_controller/src/cr7_robot_controller.cpp:16:26:[m[K [01;36m[Knote: [m[Kto match this ‘[01m[K{[m[K’
   16 | namespace cr7_controller [01;36m[K{[m[K
      |                          [01;36m[K^[m[K
gmake[2]: *** [CMakeFiles/cr7_controller.dir/build.make:76：CMakeFiles/cr7_controller.dir/src/cr7_robot_controller.cpp.o] 错误 1
gmake[1]: *** [CMakeFiles/Makefile2:137：CMakeFiles/cr7_controller.dir/all] 错误 2
gmake: *** [Makefile:146：all] 错误 2
