[ 33%] [32mBuilding CXX object CMakeFiles/cr7_controller.dir/src/cr7_robot_controller.cpp.o[0m
[01m[K/home/xionggu/cx_moveit/ws_moveit/src/cr7_robot_controller/src/cr7_robot_controller.cpp:[m[K In member function ‘[01m[Kstd::vector<cr7_controller::CR7RobotController::Result> cr7_controller::CR7RobotController::executeWaypoints(const std::vector<cr7_controller::Waypoint>&, double)[m[K’:
[01m[K/home/xionggu/cx_moveit/ws_moveit/src/cr7_robot_controller/src/cr7_robot_controller.cpp:144:91:[m[K [01;31m[Kerror: [m[Kinvalid initialization of reference of type ‘[01m[Kconst nanoseconds&[m[K’ {aka ‘[01m[Kconst std::chrono::duration<long int, std::ratio<1, 1000000000> >&[m[K’} from expression of type ‘[01m[Kstd::chrono::duration<double>[m[K’
  144 | waypoints.size() - 1 && delay_seconds > 0) rclcpp::sleep_for(std::chrono::[01;31m[Kduration<double>(delay_seconds)[m[K);
      |                                                                           [01;31m[K^~~~~~~~~~~~~~~~~~~~~~~~~~~~~~~[m[K

In file included from [01m[K/opt/ros/humble/include/rclcpp/rclcpp/logging.hpp:25[m[K,
                 from [01m[K/opt/ros/humble/include/rclcpp/rclcpp/client.hpp:40[m[K,
                 from [01m[K/opt/ros/humble/include/rclcpp/rclcpp/callback_group.hpp:24[m[K,
                 from [01m[K/opt/ros/humble/include/rclcpp/rclcpp/any_executable.hpp:20[m[K,
                 from [01m[K/opt/ros/humble/include/rclcpp/rclcpp/memory_strategy.hpp:25[m[K,
                 from [01m[K/opt/ros/humble/include/rclcpp/rclcpp/memory_strategies.hpp:18[m[K,
                 from [01m[K/opt/ros/humble/include/rclcpp/rclcpp/executor_options.hpp:20[m[K,
                 from [01m[K/opt/ros/humble/include/rclcpp/rclcpp/executor.hpp:37[m[K,
                 from [01m[K/opt/ros/humble/include/rclcpp/rclcpp/executors/multi_threaded_executor.hpp:25[m[K,
                 from [01m[K/opt/ros/humble/include/rclcpp/rclcpp/executors.hpp:21[m[K,
                 from [01m[K/opt/ros/humble/include/rclcpp/rclcpp/rclcpp.hpp:155[m[K,
                 from [01m[K/home/xionggu/cx_moveit/ws_moveit/src/cr7_robot_controller/include/cr7_robot_controller/cr7_robot_controller.hpp:19[m[K,
                 from [01m[K/home/xionggu/cx_moveit/ws_moveit/src/cr7_robot_controller/src/cr7_robot_controller.cpp:8[m[K:
[01m[K/opt/ros/humble/include/rclcpp/rclcpp/utilities.hpp:233:36:[m[K [01;36m[Knote: [m[Kin passing argument 1 of ‘[01m[Kbool rclcpp::sleep_for(const nanoseconds&, rclcpp::Context::SharedPtr)[m[K’
  233 |   [01;36m[Kconst std::chrono::nanoseconds & nanoseconds[m[K,
      |   [01;36m[K~~~~~~~~~~~~~~~~~~~~~~~~~~~~~~~~~^~~~~~~~~~~[m[K
gmake[2]: *** [CMakeFiles/cr7_controller.dir/build.make:76：CMakeFiles/cr7_controller.dir/src/cr7_robot_controller.cpp.o] 错误 1
gmake[1]: *** [CMakeFiles/Makefile2:137：CMakeFiles/cr7_controller.dir/all] 错误 2
gmake: *** [Makefile:146：all] 错误 2
