[0.071s] Invoking command in '/home/xionggu/cx_moveit_test/cx_moveit2/ws_moveit/build/cr7_robot_controller': CMAKE_PREFIX_PATH=${CMAKE_PREFIX_PATH}:/home/xionggu/moveit2_ws/install/moveit_configs_utils:/home/xionggu/moveit2_ws/install/launch_param_builder:/home/xionggu/dobot_ws_test/install/servo_action:/home/xionggu/dobot_ws_test/install/dobot_moveit:/home/xionggu/dobot_ws_test/install/dobot_demo:/opt/ros/humble HISTTIMEFORMAT= %F %T /usr/bin/cmake --build /home/xionggu/cx_moveit_test/cx_moveit2/ws_moveit/build/cr7_robot_controller -- -j8 -l8
[0.156s] [35m[1mConsolidate compiler generated dependencies of target cr7_controller[0m
[0.243s] [ 14%] [32mBuilding CXX object CMakeFiles/cr7_controller.dir/src/path/cr7_path_executor.cpp.o[0m
[6.394s] [01m[K/home/xionggu/cx_moveit_test/cx_moveit2/ws_moveit/src/cr7_robot_controller/src/path/cr7_path_executor.cpp:[m[K In member function ‘[01m[Kcr7_controller::CR7BaseController::Result cr7_controller::CR7PathExecutor::executeToolAxis()[m[K’:
[6.394s] [01m[K/home/xionggu/cx_moveit_test/cx_moveit2/ws_moveit/src/cr7_robot_controller/src/path/cr7_path_executor.cpp:211:1:[m[K [01;35m[Kwarning: [m[Kcontrol reaches end of non-void function [[01;35m[K]8;;https://gcc.gnu.org/onlinedocs/gcc/Warning-Options.html#index-Wreturn-type-Wreturn-type]8;;[m[K]
[6.394s]   211 | [01;35m[K}[m[K
[6.394s]       | [01;35m[K^[m[K
[6.587s] [ 28%] [32m[1mLinking CXX executable cr7_controller[0m
[7.126s] [100%] Built target cr7_controller
[7.147s] Invoked command in '/home/xionggu/cx_moveit_test/cx_moveit2/ws_moveit/build/cr7_robot_controller' returned '0': CMAKE_PREFIX_PATH=${CMAKE_PREFIX_PATH}:/home/xionggu/moveit2_ws/install/moveit_configs_utils:/home/xionggu/moveit2_ws/install/launch_param_builder:/home/xionggu/dobot_ws_test/install/servo_action:/home/xionggu/dobot_ws_test/install/dobot_moveit:/home/xionggu/dobot_ws_test/install/dobot_demo:/opt/ros/humble HISTTIMEFORMAT= %F %T /usr/bin/cmake --build /home/xionggu/cx_moveit_test/cx_moveit2/ws_moveit/build/cr7_robot_controller -- -j8 -l8
[7.149s] Invoking command in '/home/xionggu/cx_moveit_test/cx_moveit2/ws_moveit/build/cr7_robot_controller': CMAKE_PREFIX_PATH=${CMAKE_PREFIX_PATH}:/home/xionggu/moveit2_ws/install/moveit_configs_utils:/home/xionggu/moveit2_ws/install/launch_param_builder:/home/xionggu/dobot_ws_test/install/servo_action:/home/xionggu/dobot_ws_test/install/dobot_moveit:/home/xionggu/dobot_ws_test/install/dobot_demo:/opt/ros/humble HISTTIMEFORMAT= %F %T /usr/bin/cmake --install /home/xionggu/cx_moveit_test/cx_moveit2/ws_moveit/build/cr7_robot_controller
[7.172s] -- Install configuration: ""
[7.172s] -- Installing: /home/xionggu/cx_moveit_test/cx_moveit2/ws_moveit/install/cr7_robot_controller/lib/cr7_robot_controller/cr7_controller
[7.174s] -- Set runtime path of "/home/xionggu/cx_moveit_test/cx_moveit2/ws_moveit/install/cr7_robot_controller/lib/cr7_robot_controller/cr7_controller" to ""
[7.174s] -- Up-to-date: /home/xionggu/cx_moveit_test/cx_moveit2/ws_moveit/install/cr7_robot_controller/share/cr7_robot_controller/launch
[7.174s] -- Up-to-date: /home/xionggu/cx_moveit_test/cx_moveit2/ws_moveit/install/cr7_robot_controller/share/cr7_robot_controller/launch/cr7_controller.launch.py
[7.174s] -- Up-to-date: /home/xionggu/cx_moveit_test/cx_moveit2/ws_moveit/install/cr7_robot_controller/share/cr7_robot_controller/config
[7.174s] -- Up-to-date: /home/xionggu/cx_moveit_test/cx_moveit2/ws_moveit/install/cr7_robot_controller/share/cr7_robot_controller/config/kinematics.yaml
[7.174s] -- Up-to-date: /home/xionggu/cx_moveit_test/cx_moveit2/ws_moveit/install/cr7_robot_controller/share/ament_index/resource_index/package_run_dependencies/cr7_robot_controller
[7.175s] -- Up-to-date: /home/xionggu/cx_moveit_test/cx_moveit2/ws_moveit/install/cr7_robot_controller/share/ament_index/resource_index/parent_prefix_path/cr7_robot_controller
[7.175s] -- Up-to-date: /home/xionggu/cx_moveit_test/cx_moveit2/ws_moveit/install/cr7_robot_controller/share/cr7_robot_controller/environment/ament_prefix_path.sh
[7.175s] -- Up-to-date: /home/xionggu/cx_moveit_test/cx_moveit2/ws_moveit/install/cr7_robot_controller/share/cr7_robot_controller/environment/ament_prefix_path.dsv
[7.175s] -- Up-to-date: /home/xionggu/cx_moveit_test/cx_moveit2/ws_moveit/install/cr7_robot_controller/share/cr7_robot_controller/environment/path.sh
[7.175s] -- Up-to-date: /home/xionggu/cx_moveit_test/cx_moveit2/ws_moveit/install/cr7_robot_controller/share/cr7_robot_controller/environment/path.dsv
[7.175s] -- Up-to-date: /home/xionggu/cx_moveit_test/cx_moveit2/ws_moveit/install/cr7_robot_controller/share/cr7_robot_controller/local_setup.bash
[7.175s] -- Up-to-date: /home/xionggu/cx_moveit_test/cx_moveit2/ws_moveit/install/cr7_robot_controller/share/cr7_robot_controller/local_setup.sh
[7.175s] -- Up-to-date: /home/xionggu/cx_moveit_test/cx_moveit2/ws_moveit/install/cr7_robot_controller/share/cr7_robot_controller/local_setup.zsh
[7.175s] -- Up-to-date: /home/xionggu/cx_moveit_test/cx_moveit2/ws_moveit/install/cr7_robot_controller/share/cr7_robot_controller/local_setup.dsv
[7.175s] -- Installing: /home/xionggu/cx_moveit_test/cx_moveit2/ws_moveit/install/cr7_robot_controller/share/cr7_robot_controller/package.dsv
[7.175s] -- Up-to-date: /home/xionggu/cx_moveit_test/cx_moveit2/ws_moveit/install/cr7_robot_controller/share/ament_index/resource_index/packages/cr7_robot_controller
[7.175s] -- Up-to-date: /home/xionggu/cx_moveit_test/cx_moveit2/ws_moveit/install/cr7_robot_controller/share/cr7_robot_controller/cmake/ament_cmake_export_dependencies-extras.cmake
[7.175s] -- Up-to-date: /home/xionggu/cx_moveit_test/cx_moveit2/ws_moveit/install/cr7_robot_controller/share/cr7_robot_controller/cmake/cr7_robot_controllerConfig.cmake
[7.175s] -- Up-to-date: /home/xionggu/cx_moveit_test/cx_moveit2/ws_moveit/install/cr7_robot_controller/share/cr7_robot_controller/cmake/cr7_robot_controllerConfig-version.cmake
[7.175s] -- Up-to-date: /home/xionggu/cx_moveit_test/cx_moveit2/ws_moveit/install/cr7_robot_controller/share/cr7_robot_controller/package.xml
[7.177s] Invoked command in '/home/xionggu/cx_moveit_test/cx_moveit2/ws_moveit/build/cr7_robot_controller' returned '0': CMAKE_PREFIX_PATH=${CMAKE_PREFIX_PATH}:/home/xionggu/moveit2_ws/install/moveit_configs_utils:/home/xionggu/moveit2_ws/install/launch_param_builder:/home/xionggu/dobot_ws_test/install/servo_action:/home/xionggu/dobot_ws_test/install/dobot_moveit:/home/xionggu/dobot_ws_test/install/dobot_demo:/opt/ros/humble HISTTIMEFORMAT= %F %T /usr/bin/cmake --install /home/xionggu/cx_moveit_test/cx_moveit2/ws_moveit/build/cr7_robot_controller
