[01m[K/home/xionggu/cx_moveit/ws_moveit/src/cr7_robot_controller/src/cr7_robot_controller.cpp:[m[K In member function ‘[01m[Kbool cr7_controller::CR7RobotController::preprocessWaypoints(const std::vector<cr7_controller::Waypoint>&, std::vector<geometry_msgs::msg::Pose_<std::allocator<void> > >&, const cr7_controller::CR7RobotController::CartesianPathConfig&)[m[K’:
[01m[K/home/xionggu/cx_moveit/ws_moveit/src/cr7_robot_controller/src/cr7_robot_controller.cpp:491:22:[m[K [01;31m[Kerror: [m[K‘[01m[KinsertIntermediatePointsLimited[m[K’ was not declared in this scope; did you mean ‘[01m[KinsertIntermediatePoints[m[K’?
  491 |                 if (![01;31m[KinsertIntermediatePointsLimited[m[K(prev_pose, pose, output_poses,
      |                      [01;31m[K^~~~~~~~~~~~~~~~~~~~~~~~~~~~~~~[m[K
      |                      [32m[KinsertIntermediatePoints[m[K
[01m[K/home/xionggu/cx_moveit/ws_moveit/src/cr7_robot_controller/src/cr7_robot_controller.cpp:518:9:[m[K [01;31m[Kerror: [m[K‘[01m[KsimplifyPath[m[K’ was not declared in this scope
  518 |         [01;31m[KsimplifyPath[m[K(output_poses, 30); // 简化到最多30个点
      |         [01;31m[K^~~~~~~~~~~~[m[K
[01m[K/home/xionggu/cx_moveit/ws_moveit/src/cr7_robot_controller/src/cr7_robot_controller.cpp:[m[K At global scope:
[01m[K/home/xionggu/cx_moveit/ws_moveit/src/cr7_robot_controller/src/cr7_robot_controller.cpp:528:6:[m[K [01;31m[Kerror: [m[Kno declaration matches ‘[01m[Kbool cr7_controller::CR7RobotController::insertIntermediatePointsLimited(const Pose&, const Pose&, std::vector<geometry_msgs::msg::Pose_<std::allocator<void> > >&, double, int)[m[K’
  528 | bool [01;31m[KCR7RobotController[m[K::insertIntermediatePointsLimited(
      |      [01;31m[K^~~~~~~~~~~~~~~~~~[m[K
[01m[K/home/xionggu/cx_moveit/ws_moveit/src/cr7_robot_controller/src/cr7_robot_controller.cpp:528:6:[m[K [01;36m[Knote: [m[Kno functions named ‘[01m[Kbool cr7_controller::CR7RobotController::insertIntermediatePointsLimited(const Pose&, const Pose&, std::vector<geometry_msgs::msg::Pose_<std::allocator<void> > >&, double, int)[m[K’
In file included from [01m[K/home/xionggu/cx_moveit/ws_moveit/src/cr7_robot_controller/src/cr7_robot_controller.cpp:8[m[K:
[01m[K/home/xionggu/cx_moveit/ws_moveit/src/cr7_robot_controller/include/cr7_robot_controller/cr7_robot_controller.hpp:86:7:[m[K [01;36m[Knote: [m[K‘[01m[Kclass cr7_controller::CR7RobotController[m[K’ defined here
   86 | class [01;36m[KCR7RobotController[m[K {
      |       [01;36m[K^~~~~~~~~~~~~~~~~~[m[K
[01m[K/home/xionggu/cx_moveit/ws_moveit/src/cr7_robot_controller/src/cr7_robot_controller.cpp:565:6:[m[K [01;31m[Kerror: [m[Kno declaration matches ‘[01m[Kvoid cr7_controller::CR7RobotController::simplifyPath(std::vector<geometry_msgs::msg::Pose_<std::allocator<void> > >&, size_t)[m[K’
  565 | void [01;31m[KCR7RobotController[m[K::simplifyPath(std::vector<geometry_msgs::msg::Pose>& waypoints, size_t max_points) {
      |      [01;31m[K^~~~~~~~~~~~~~~~~~[m[K
[01m[K/home/xionggu/cx_moveit/ws_moveit/src/cr7_robot_controller/src/cr7_robot_controller.cpp:565:6:[m[K [01;36m[Knote: [m[Kno functions named ‘[01m[Kvoid cr7_controller::CR7RobotController::simplifyPath(std::vector<geometry_msgs::msg::Pose_<std::allocator<void> > >&, size_t)[m[K’
In file included from [01m[K/home/xionggu/cx_moveit/ws_moveit/src/cr7_robot_controller/src/cr7_robot_controller.cpp:8[m[K:
[01m[K/home/xionggu/cx_moveit/ws_moveit/src/cr7_robot_controller/include/cr7_robot_controller/cr7_robot_controller.hpp:86:7:[m[K [01;36m[Knote: [m[K‘[01m[Kclass cr7_controller::CR7RobotController[m[K’ defined here
   86 | class [01;36m[KCR7RobotController[m[K {
      |       [01;36m[K^~~~~~~~~~~~~~~~~~[m[K
gmake[2]: *** [CMakeFiles/cr7_controller.dir/build.make:76：CMakeFiles/cr7_controller.dir/src/cr7_robot_controller.cpp.o] 错误 1
gmake[1]: *** [CMakeFiles/Makefile2:137：CMakeFiles/cr7_controller.dir/all] 错误 2
gmake: *** [Makefile:146：all] 错误 2
